        -:    0:Source:C:/Program Files/JetBrains/CLion 2024.3.2/bin/mingw/lib/gcc/x86_64-w64-mingw32/13.1.0/include/c++/bits/basic_string.h
        -:    0:Graph:D:\Projects\SoftAcademy\Tasks\cmake-build-release-coverage\googletest\googletest\CMakeFiles\gtest.dir\src\gtest-all.cc.gcno
        -:    0:Data:D:\Projects\SoftAcademy\Tasks\cmake-build-release-coverage\googletest\googletest\CMakeFiles\gtest.dir\src\gtest-all.cc.gcda
        -:    0:Runs:1
        -:    1:// Components for manipulating sequences of characters -*- C++ -*-
        -:    2:
        -:    3:// Copyright (C) 1997-2023 Free Software Foundation, Inc.
        -:    4://
        -:    5:// This file is part of the GNU ISO C++ Library.  This library is free
        -:    6:// software; you can redistribute it and/or modify it under the
        -:    7:// terms of the GNU General Public License as published by the
        -:    8:// Free Software Foundation; either version 3, or (at your option)
        -:    9:// any later version.
        -:   10:
        -:   11:// This library is distributed in the hope that it will be useful,
        -:   12:// but WITHOUT ANY WARRANTY; without even the implied warranty of
        -:   13:// MERCHANTABILITY or FITNESS FOR A PARTICULAR PURPOSE.  See the
        -:   14:// GNU General Public License for more details.
        -:   15:
        -:   16:// Under Section 7 of GPL version 3, you are granted additional
        -:   17:// permissions described in the GCC Runtime Library Exception, version
        -:   18:// 3.1, as published by the Free Software Foundation.
        -:   19:
        -:   20:// You should have received a copy of the GNU General Public License and
        -:   21:// a copy of the GCC Runtime Library Exception along with this program;
        -:   22:// see the files COPYING3 and COPYING.RUNTIME respectively.  If not, see
        -:   23:// <http://www.gnu.org/licenses/>.
        -:   24:
        -:   25:/** @file bits/basic_string.h
        -:   26: *  This is an internal header file, included by other library headers.
        -:   27: *  Do not attempt to use it directly. @headername{string}
        -:   28: */
        -:   29:
        -:   30://
        -:   31:// ISO C++ 14882: 21 Strings library
        -:   32://
        -:   33:
        -:   34:#ifndef _BASIC_STRING_H
        -:   35:#define _BASIC_STRING_H 1
        -:   36:
        -:   37:#pragma GCC system_header
        -:   38:
        -:   39:#include <ext/alloc_traits.h>
        -:   40:#include <debug/debug.h>
        -:   41:
        -:   42:#if __cplusplus >= 201103L
        -:   43:#include <initializer_list>
        -:   44:#endif
        -:   45:
        -:   46:#if __cplusplus >= 201703L
        -:   47:# include <string_view>
        -:   48:#endif
        -:   49:
        -:   50:#if ! _GLIBCXX_USE_CXX11_ABI
        -:   51:# include "cow_string.h"
        -:   52:#else
        -:   53:namespace std _GLIBCXX_VISIBILITY(default)
        -:   54:{
        -:   55:_GLIBCXX_BEGIN_NAMESPACE_VERSION
        -:   56:_GLIBCXX_BEGIN_NAMESPACE_CXX11
        -:   57:
        -:   58:#ifdef __cpp_lib_is_constant_evaluated
        -:   59:// Support P0980R1 in C++20.
        -:   60:# define __cpp_lib_constexpr_string 201907L
        -:   61:#elif __cplusplus >= 201703L && _GLIBCXX_HAVE_IS_CONSTANT_EVALUATED
        -:   62:// Support P0426R1 changes to char_traits in C++17.
        -:   63:# define __cpp_lib_constexpr_string 201611L
        -:   64:#endif
        -:   65:
        -:   66:  /**
        -:   67:   *  @class basic_string basic_string.h <string>
        -:   68:   *  @brief  Managing sequences of characters and character-like objects.
        -:   69:   *
        -:   70:   *  @ingroup strings
        -:   71:   *  @ingroup sequences
        -:   72:   *
        -:   73:   *  @tparam _CharT  Type of character
        -:   74:   *  @tparam _Traits  Traits for character type, defaults to
        -:   75:   *                   char_traits<_CharT>.
        -:   76:   *  @tparam _Alloc  Allocator type, defaults to allocator<_CharT>.
        -:   77:   *
        -:   78:   *  Meets the requirements of a <a href="tables.html#65">container</a>, a
        -:   79:   *  <a href="tables.html#66">reversible container</a>, and a
        -:   80:   *  <a href="tables.html#67">sequence</a>.  Of the
        -:   81:   *  <a href="tables.html#68">optional sequence requirements</a>, only
        -:   82:   *  @c push_back, @c at, and @c %array access are supported.
        -:   83:   */
        -:   84:  template<typename _CharT, typename _Traits, typename _Alloc>
        -:   85:    class basic_string
        -:   86:    {
        -:   87:      typedef typename __gnu_cxx::__alloc_traits<_Alloc>::template
        -:   88:	rebind<_CharT>::other _Char_alloc_type;
        -:   89:
        -:   90:#if __cpp_lib_constexpr_string < 201907L
        -:   91:      typedef __gnu_cxx::__alloc_traits<_Char_alloc_type> _Alloc_traits;
        -:   92:#else
        -:   93:      template<typename _Traits2, typename _Dummy_for_PR85282>
        -:   94:	struct _Alloc_traits_impl : __gnu_cxx::__alloc_traits<_Char_alloc_type>
        -:   95:	{
        -:   96:	  typedef __gnu_cxx::__alloc_traits<_Char_alloc_type> _Base;
        -:   97:
        -:   98:	  [[__gnu__::__always_inline__]]
        -:   99:	  static constexpr typename _Base::pointer
        -:  100:	  allocate(_Char_alloc_type& __a, typename _Base::size_type __n)
        -:  101:	  {
        -:  102:	    pointer __p = _Base::allocate(__a, __n);
        -:  103:	    if (std::is_constant_evaluated())
        -:  104:	      // Begin the lifetime of characters in allocated storage.
        -:  105:	      for (size_type __i = 0; __i < __n; ++__i)
        -:  106:		std::construct_at(__builtin_addressof(__p[__i]));
        -:  107:	    return __p;
        -:  108:	  }
        -:  109:	};
        -:  110:
        -:  111:      template<typename _Dummy_for_PR85282>
        -:  112:	struct _Alloc_traits_impl<char_traits<_CharT>, _Dummy_for_PR85282>
        -:  113:	: __gnu_cxx::__alloc_traits<_Char_alloc_type>
        -:  114:	{
        -:  115:	  // std::char_traits begins the lifetime of characters.
        -:  116:	};
        -:  117:
        -:  118:      using _Alloc_traits = _Alloc_traits_impl<_Traits, void>;
        -:  119:#endif
        -:  120:
        -:  121:      // Types:
        -:  122:    public:
        -:  123:      typedef _Traits					traits_type;
        -:  124:      typedef typename _Traits::char_type		value_type;
        -:  125:      typedef _Char_alloc_type				allocator_type;
        -:  126:      typedef typename _Alloc_traits::size_type		size_type;
        -:  127:      typedef typename _Alloc_traits::difference_type	difference_type;
        -:  128:      typedef typename _Alloc_traits::reference		reference;
        -:  129:      typedef typename _Alloc_traits::const_reference	const_reference;
        -:  130:      typedef typename _Alloc_traits::pointer		pointer;
        -:  131:      typedef typename _Alloc_traits::const_pointer	const_pointer;
        -:  132:      typedef __gnu_cxx::__normal_iterator<pointer, basic_string>  iterator;
        -:  133:      typedef __gnu_cxx::__normal_iterator<const_pointer, basic_string>
        -:  134:							const_iterator;
        -:  135:      typedef std::reverse_iterator<const_iterator>	const_reverse_iterator;
        -:  136:      typedef std::reverse_iterator<iterator>		reverse_iterator;
        -:  137:
        -:  138:      ///  Value returned by various member functions when they fail.
        -:  139:      static const size_type	npos = static_cast<size_type>(-1);
        -:  140:
        -:  141:    protected:
        -:  142:      // type used for positions in insert, erase etc.
        -:  143:#if __cplusplus < 201103L
        -:  144:      typedef iterator __const_iterator;
        -:  145:#else
        -:  146:      typedef const_iterator __const_iterator;
        -:  147:#endif
        -:  148:
        -:  149:    private:
        -:  150:#if __cplusplus >= 201703L
        -:  151:      // A helper type for avoiding boiler-plate.
        -:  152:      typedef basic_string_view<_CharT, _Traits> __sv_type;
        -:  153:
        -:  154:      template<typename _Tp, typename _Res>
        -:  155:	using _If_sv = enable_if_t<
        -:  156:	  __and_<is_convertible<const _Tp&, __sv_type>,
        -:  157:		 __not_<is_convertible<const _Tp*, const basic_string*>>,
        -:  158:		 __not_<is_convertible<const _Tp&, const _CharT*>>>::value,
        -:  159:	  _Res>;
        -:  160:
        -:  161:      // Allows an implicit conversion to __sv_type.
        -:  162:      _GLIBCXX20_CONSTEXPR
        -:  163:      static __sv_type
        -:  164:      _S_to_string_view(__sv_type __svt) noexcept
        -:  165:      { return __svt; }
        -:  166:
        -:  167:      // Wraps a string_view by explicit conversion and thus
        -:  168:      // allows to add an internal constructor that does not
        -:  169:      // participate in overload resolution when a string_view
        -:  170:      // is provided.
        -:  171:      struct __sv_wrapper
        -:  172:      {
        -:  173:	_GLIBCXX20_CONSTEXPR explicit
        -:  174:	__sv_wrapper(__sv_type __sv) noexcept : _M_sv(__sv) { }
        -:  175:
        -:  176:	__sv_type _M_sv;
        -:  177:      };
        -:  178:
        -:  179:      /**
        -:  180:       *  @brief  Only internally used: Construct string from a string view
        -:  181:       *          wrapper.
        -:  182:       *  @param  __svw  string view wrapper.
        -:  183:       *  @param  __a  Allocator to use.
        -:  184:       */
        -:  185:      _GLIBCXX20_CONSTEXPR
        -:  186:      explicit
    #####:  187:      basic_string(__sv_wrapper __svw, const _Alloc& __a)
    #####:  188:      : basic_string(__svw._M_sv.data(), __svw._M_sv.size(), __a) { }
    %%%%%:  188-block  0
call    0 never executed
branch  1 never executed (fallthrough)
branch  2 never executed (throw)
    %%%%%:  188-block  1
call    3 never executed
branch  4 never executed (fallthrough)
branch  5 never executed (throw)
        -:  189:#endif
        -:  190:
        -:  191:      // Use empty-base optimization: http://www.cantrip.org/emptyopt.html
        -:  192:      struct _Alloc_hider : allocator_type // TODO check __is_final
        -:  193:      {
        -:  194:#if __cplusplus < 201103L
        -:  195:	_Alloc_hider(pointer __dat, const _Alloc& __a = _Alloc())
        -:  196:	: allocator_type(__a), _M_p(__dat) { }
        -:  197:#else
        -:  198:	_GLIBCXX20_CONSTEXPR
      20*:  199:	_Alloc_hider(pointer __dat, const _Alloc& __a)
      24*:  200:	: allocator_type(__a), _M_p(__dat) { }
        -:  201:
        -:  202:	_GLIBCXX20_CONSTEXPR
      98*:  203:	_Alloc_hider(pointer __dat, _Alloc&& __a = _Alloc())
     163*:  204:	: allocator_type(std::move(__a)), _M_p(__dat) { }
        -:  205:#endif
        -:  206:
        -:  207:	pointer _M_p; // The actual data.
        -:  208:      };
        -:  209:
        -:  210:      _Alloc_hider	_M_dataplus;
        -:  211:      size_type		_M_string_length;
        -:  212:
        -:  213:      enum { _S_local_capacity = 15 / sizeof(_CharT) };
        -:  214:
        -:  215:      union
        -:  216:      {
        -:  217:	_CharT           _M_local_buf[_S_local_capacity + 1];
        -:  218:	size_type        _M_allocated_capacity;
        -:  219:      };
        -:  220:
        -:  221:      _GLIBCXX20_CONSTEXPR
        -:  222:      void
        -:  223:      _M_data(pointer __p)
      11*:  224:      { _M_dataplus._M_p = __p; }
    %%%%%:  224-block  0
    %%%%%:  224-block  1
        1:  224-block  2
        -:  225:
        -:  226:      _GLIBCXX20_CONSTEXPR
        -:  227:      void
        -:  228:      _M_length(size_type __length)
       1*:  229:      { _M_string_length = __length; }
        1:  229-block  0
        -:  230:
        -:  231:      _GLIBCXX20_CONSTEXPR
        -:  232:      pointer
        -:  233:      _M_data() const
     482*:  234:      { return _M_dataplus._M_p; }
    %%%%%:  234-block  0
branch  0 never executed (fallthrough)
branch  1 never executed
    %%%%%:  234-block  1
branch  2 never executed (fallthrough)
branch  3 never executed
    %%%%%:  234-block  2
branch  4 never executed (fallthrough)
branch  5 never executed
    %%%%%:  234-block  3
branch  6 never executed (fallthrough)
branch  7 never executed
    %%%%%:  234-block  4
branch  8 never executed (fallthrough)
branch  9 never executed
    %%%%%:  234-block  5
branch 10 never executed (fallthrough)
branch 11 never executed
    %%%%%:  234-block  6
branch 12 never executed (fallthrough)
branch 13 never executed
    %%%%%:  234-block  7
    %%%%%:  234-block  8
branch 14 never executed (fallthrough)
branch 15 never executed
    %%%%%:  234-block  9
branch 16 never executed (fallthrough)
branch 17 never executed
    %%%%%:  234-block 10
branch 18 never executed (fallthrough)
branch 19 never executed
    %%%%%:  234-block 11
branch 20 never executed (fallthrough)
branch 21 never executed
    %%%%%:  234-block 12
branch 22 never executed (fallthrough)
branch 23 never executed
    %%%%%:  234-block 13
branch 24 never executed (fallthrough)
branch 25 never executed
    %%%%%:  234-block 14
branch 26 never executed (fallthrough)
branch 27 never executed
    %%%%%:  234-block 15
branch 28 never executed (fallthrough)
branch 29 never executed
    %%%%%:  234-block 16
branch 30 never executed (fallthrough)
branch 31 never executed
    %%%%%:  234-block 17
branch 32 never executed (fallthrough)
branch 33 never executed
    %%%%%:  234-block 18
call   34 never executed
branch 35 never executed (fallthrough)
branch 36 never executed (throw)
    %%%%%:  234-block 19
call   37 never executed
branch 38 never executed (fallthrough)
branch 39 never executed (throw)
        2:  234-block 20
branch 40 taken 2 (fallthrough)
branch 41 taken 0
    %%%%%:  234-block 21
branch 42 never executed (fallthrough)
branch 43 never executed
call   44 never executed
    %%%%%:  234-block 22
branch 45 never executed (fallthrough)
branch 46 never executed
call   47 never executed
    %%%%%:  234-block 23
branch 48 never executed (fallthrough)
branch 49 never executed
call   50 never executed
       12:  234-block 24
branch 51 taken 5 (fallthrough)
branch 52 taken 7
call   53 never executed
branch 54 never executed (fallthrough)
branch 55 never executed (throw)
    %%%%%:  234-block 25
call   56 never executed
    %%%%%:  234-block 26
call   57 never executed
branch 58 never executed (fallthrough)
branch 59 never executed (throw)
call   60 never executed
branch 61 never executed (fallthrough)
branch 62 never executed (throw)
    %%%%%:  234-block 27
call   63 never executed
    %%%%%:  234-block 28
branch 64 never executed (fallthrough)
branch 65 never executed
    %%%%%:  234-block 29
    %%%%%:  234-block 30
call   66 never executed
    %%%%%:  234-block 31
branch 67 never executed (fallthrough)
branch 68 never executed
    %%%%%:  234-block 32
    %%%%%:  234-block 33
call   69 never executed
branch 70 never executed (fallthrough)
branch 71 never executed (throw)
    %%%%%:  234-block 34
call   72 never executed
branch 73 never executed (fallthrough)
branch 74 never executed (throw)
    %%%%%:  234-block 35
call   75 never executed
    %%%%%:  234-block 36
call   76 never executed
branch 77 never executed (fallthrough)
branch 78 never executed (throw)
    %%%%%:  234-block 37
call   79 never executed
branch 80 never executed (fallthrough)
branch 81 never executed (throw)
    %%%%%:  234-block 38
call   82 never executed
branch 83 never executed (fallthrough)
branch 84 never executed (throw)
    %%%%%:  234-block 39
call   85 never executed
call   86 never executed
branch 87 never executed (fallthrough)
branch 88 never executed (throw)
    %%%%%:  234-block 40
call   89 never executed
branch 90 never executed (fallthrough)
branch 91 never executed (throw)
    %%%%%:  234-block 41
call   92 never executed
branch 93 never executed (fallthrough)
branch 94 never executed (throw)
    %%%%%:  234-block 42
branch 95 never executed (fallthrough)
branch 96 never executed
    %%%%%:  234-block 43
call   97 never executed
branch 98 never executed (fallthrough)
branch 99 never executed (throw)
    %%%%%:  234-block 44
call   100 never executed
    %%%%%:  234-block 45
call   101 never executed
branch 102 never executed (fallthrough)
branch 103 never executed (throw)
    %%%%%:  234-block 46
call   104 never executed
branch 105 never executed (fallthrough)
branch 106 never executed (throw)
    %%%%%:  234-block 47
call   107 never executed
branch 108 never executed (fallthrough)
branch 109 never executed (throw)
call   110 never executed
branch 111 never executed (fallthrough)
branch 112 never executed (throw)
    %%%%%:  234-block 48
call   113 never executed
branch 114 never executed (fallthrough)
branch 115 never executed (throw)
    %%%%%:  234-block 49
    %%%%%:  234-block 50
call   116 never executed
branch 117 never executed (fallthrough)
branch 118 never executed (throw)
    %%%%%:  234-block 51
    %%%%%:  234-block 52
call   119 never executed
branch 120 never executed (fallthrough)
branch 121 never executed (throw)
call   122 never executed
branch 123 never executed (fallthrough)
branch 124 never executed (throw)
    %%%%%:  234-block 53
branch 125 never executed (fallthrough)
branch 126 never executed
    %%%%%:  234-block 54
branch 127 never executed (fallthrough)
branch 128 never executed
    %%%%%:  234-block 55
call   129 never executed
branch 130 never executed (fallthrough)
branch 131 never executed (throw)
    %%%%%:  234-block 56
call   132 never executed
    %%%%%:  234-block 57
call   133 never executed
branch 134 never executed (fallthrough)
branch 135 never executed (throw)
    %%%%%:  234-block 58
call   136 never executed
branch 137 never executed (fallthrough)
branch 138 never executed (throw)
    %%%%%:  234-block 59
call   139 never executed
branch 140 never executed (fallthrough)
branch 141 never executed (throw)
    %%%%%:  234-block 60
call   142 never executed
branch 143 never executed (fallthrough)
branch 144 never executed (throw)
    %%%%%:  234-block 61
call   145 never executed
branch 146 never executed (fallthrough)
branch 147 never executed (throw)
    %%%%%:  234-block 62
call   148 never executed
branch 149 never executed (fallthrough)
branch 150 never executed (throw)
    %%%%%:  234-block 63
call   151 never executed
branch 152 never executed (fallthrough)
branch 153 never executed (throw)
call   154 never executed
branch 155 never executed (fallthrough)
branch 156 never executed (throw)
    %%%%%:  234-block 64
call   157 never executed
branch 158 never executed (fallthrough)
branch 159 never executed (throw)
    %%%%%:  234-block 65
call   160 never executed
branch 161 never executed (fallthrough)
branch 162 never executed (throw)
    %%%%%:  234-block 66
call   163 never executed
branch 164 never executed (fallthrough)
branch 165 never executed (throw)
call   166 never executed
branch 167 never executed (fallthrough)
branch 168 never executed (throw)
    %%%%%:  234-block 67
call   169 never executed
branch 170 never executed (fallthrough)
branch 171 never executed (throw)
    %%%%%:  234-block 68
call   172 never executed
branch 173 never executed (fallthrough)
branch 174 never executed (throw)
    %%%%%:  234-block 69
branch 175 never executed (fallthrough)
branch 176 never executed
    %%%%%:  234-block 70
branch 177 never executed (fallthrough)
branch 178 never executed
    %%%%%:  234-block 71
call   179 never executed
branch 180 never executed (fallthrough)
branch 181 never executed (throw)
    %%%%%:  234-block 72
    %%%%%:  234-block 73
call   182 never executed
    %%%%%:  234-block 74
call   183 never executed
call   184 never executed
branch 185 never executed (fallthrough)
branch 186 never executed (throw)
    %%%%%:  234-block 75
call   187 never executed
branch 188 never executed (fallthrough)
branch 189 never executed (throw)
call   190 never executed
branch 191 never executed (fallthrough)
branch 192 never executed (throw)
call   193 never executed
branch 194 never executed (fallthrough)
branch 195 never executed (throw)
call   196 never executed
branch 197 never executed (fallthrough)
branch 198 never executed (throw)
call   199 never executed
call   200 never executed
branch 201 never executed (fallthrough)
branch 202 never executed (throw)
call   203 returned 1
branch 204 taken 1 (fallthrough)
branch 205 taken 0 (throw)
        1:  234-block 76
call   206 returned 1
branch 207 taken 1 (fallthrough)
branch 208 taken 0 (throw)
call   209 returned 1
branch 210 taken 1 (fallthrough)
branch 211 taken 0 (throw)
call   212 returned 1
branch 213 taken 1 (fallthrough)
branch 214 taken 0 (throw)
call   215 never executed
branch 216 never executed (fallthrough)
branch 217 never executed (throw)
call   218 never executed
call   219 never executed
call   220 never executed
branch 221 never executed (fallthrough)
branch 222 never executed (throw)
call   223 never executed
        4:  234-block 77
call   224 returned 4
branch 225 taken 4 (fallthrough)
branch 226 taken 0 (throw)
        4:  234-block 78
call   227 returned 4
call   228 returned 4
branch 229 taken 4 (fallthrough)
branch 230 taken 0 (throw)
call   231 never executed
call   232 returned 4
        4:  234-block 79
call   233 returned 4
branch 234 taken 4 (fallthrough)
branch 235 taken 0 (throw)
    %%%%%:  234-block 80
branch 236 never executed (fallthrough)
branch 237 never executed
branch 238 taken 1 (fallthrough)
branch 239 taken 0
        1:  234-block 81
call   240 returned 1
branch 241 taken 1 (fallthrough)
branch 242 taken 0 (throw)
        1:  234-block 82
call   243 returned 1
branch 244 taken 1 (fallthrough)
branch 245 taken 0 (throw)
    %%%%%:  234-block 83
    %%%%%:  234-block 84
branch 246 taken 1 (fallthrough)
branch 247 taken 0
call   248 never executed
branch 249 never executed (fallthrough)
branch 250 never executed (throw)
    %%%%%:  234-block 85
call   251 never executed
branch 252 never executed (fallthrough)
branch 253 never executed (throw)
    %%%%%:  234-block 86
    %%%%%:  234-block 87
call   254 never executed
branch 255 never executed (fallthrough)
branch 256 never executed (throw)
call   257 never executed
    %%%%%:  234-block 88
call   258 never executed
branch 259 never executed (fallthrough)
branch 260 never executed (throw)
call   261 never executed
branch 262 never executed (fallthrough)
branch 263 never executed (throw)
branch 264 taken 0 (fallthrough)
branch 265 taken 4
    %%%%%:  234-block 89
call   266 never executed
branch 267 never executed (fallthrough)
branch 268 never executed (throw)
    %%%%%:  234-block 90
call   269 never executed
branch 270 never executed (fallthrough)
branch 271 never executed (throw)
call   272 never executed
branch 273 never executed (fallthrough)
branch 274 never executed (throw)
call   275 never executed
branch 276 never executed (fallthrough)
branch 277 never executed (throw)
    %%%%%:  234-block 91
call   278 never executed
branch 279 never executed (fallthrough)
branch 280 never executed (throw)
    %%%%%:  234-block 92
branch 281 never executed (fallthrough)
branch 282 never executed
    %%%%%:  234-block 93
    %%%%%:  234-block 94
branch 283 never executed (fallthrough)
branch 284 never executed
    %%%%%:  234-block 95
call   285 never executed
branch 286 never executed (fallthrough)
branch 287 never executed (throw)
    %%%%%:  234-block 96
branch 288 never executed (fallthrough)
branch 289 never executed
    %%%%%:  234-block 97
call   290 never executed
branch 291 never executed (fallthrough)
branch 292 never executed (throw)
    %%%%%:  234-block 98
    %%%%%:  234-block 99
branch 293 never executed (fallthrough)
branch 294 never executed
call   295 never executed
branch 296 never executed (fallthrough)
branch 297 never executed (throw)
    %%%%%:  234-block 100
call   298 never executed
branch 299 never executed (fallthrough)
branch 300 never executed (throw)
    %%%%%:  234-block 101
call   301 never executed
branch 302 never executed (fallthrough)
branch 303 never executed (throw)
    %%%%%:  234-block 102
call   304 never executed
branch 305 never executed (fallthrough)
branch 306 never executed (throw)
    %%%%%:  234-block 103
branch 307 never executed (fallthrough)
branch 308 never executed
    %%%%%:  234-block 104
call   309 never executed
branch 310 never executed (fallthrough)
branch 311 never executed (throw)
branch 312 taken 1 (fallthrough)
branch 313 taken 0
    %%%%%:  234-block 105
call   314 never executed
branch 315 never executed (fallthrough)
branch 316 never executed (throw)
    %%%%%:  234-block 106
call   317 never executed
branch 318 never executed (fallthrough)
branch 319 never executed (throw)
    %%%%%:  234-block 107
call   320 never executed
branch 321 never executed (fallthrough)
branch 322 never executed (throw)
    %%%%%:  234-block 108
call   323 never executed
branch 324 never executed (fallthrough)
branch 325 never executed (throw)
    %%%%%:  234-block 109
call   326 never executed
branch 327 never executed (fallthrough)
branch 328 never executed (throw)
    %%%%%:  234-block 110
call   329 never executed
branch 330 never executed (fallthrough)
branch 331 never executed (throw)
    %%%%%:  234-block 111
    %%%%%:  234-block 112
call   332 never executed
branch 333 never executed (fallthrough)
branch 334 never executed (throw)
call   335 returned 6
call   336 returned 3
    %%%%%:  234-block 113
call   337 never executed
branch 338 never executed (fallthrough)
branch 339 never executed (throw)
call   340 returned 12
    %%%%%:  234-block 114
call   341 never executed
branch 342 never executed (fallthrough)
branch 343 never executed (throw)
    %%%%%:  234-block 115
call   344 never executed
branch 345 never executed (fallthrough)
branch 346 never executed (throw)
      414:  234-block 116
call   347 returned 414
branch 348 taken 414 (fallthrough)
branch 349 taken 0 (throw)
    %%%%%:  234-block 117
call   350 never executed
    %%%%%:  234-block 118
call   351 never executed
call   352 never executed
branch 353 never executed (fallthrough)
branch 354 never executed (throw)
    %%%%%:  234-block 119
branch 355 never executed (fallthrough)
branch 356 never executed
    %%%%%:  234-block 120
branch 357 never executed (fallthrough)
branch 358 never executed
    %%%%%:  234-block 121
call   359 never executed
    %%%%%:  234-block 122
call   360 never executed
    %%%%%:  234-block 123
branch 361 never executed (fallthrough)
branch 362 never executed
    %%%%%:  234-block 124
call   363 never executed
    %%%%%:  234-block 125
branch 364 never executed (fallthrough)
branch 365 never executed
    %%%%%:  234-block 126
call   366 never executed
branch 367 never executed (fallthrough)
branch 368 never executed (throw)
    %%%%%:  234-block 127
call   369 never executed
branch 370 never executed (fallthrough)
branch 371 never executed (throw)
    %%%%%:  234-block 128
call   372 never executed
    %%%%%:  234-block 129
call   373 never executed
branch 374 never executed (fallthrough)
branch 375 never executed (throw)
    %%%%%:  234-block 130
branch 376 never executed (fallthrough)
branch 377 never executed
    %%%%%:  234-block 131
branch 378 never executed (fallthrough)
branch 379 never executed
    %%%%%:  234-block 132
call   380 never executed
    %%%%%:  234-block 133
call   381 never executed
branch 382 never executed (fallthrough)
branch 383 never executed (throw)
call   384 never executed
    %%%%%:  234-block 134
call   385 never executed
    %%%%%:  234-block 135
    %%%%%:  234-block 136
call   386 never executed
branch 387 never executed (fallthrough)
branch 388 never executed (throw)
    %%%%%:  234-block 137
branch 389 never executed (fallthrough)
branch 390 never executed
        -:  235:
        -:  236:      _GLIBCXX20_CONSTEXPR
        -:  237:      pointer
        -:  238:      _M_local_data()
        -:  239:      {
        -:  240:#if __cplusplus >= 201103L
      65*:  241:	return std::pointer_traits<pointer>::pointer_to(*_M_local_buf);
    %%%%%:  241-block  0
call    0 never executed
branch  1 never executed (fallthrough)
branch  2 never executed (throw)
call    3 returned 65
branch  4 taken 65 (fallthrough)
branch  5 taken 0 (throw)
    %%%%%:  241-block  1
        -:  242:#else
        -:  243:	return pointer(_M_local_buf);
        -:  244:#endif
        -:  245:      }
        -:  246:
        -:  247:      _GLIBCXX20_CONSTEXPR
        -:  248:      const_pointer
        -:  249:      _M_local_data() const
        -:  250:      {
        -:  251:#if __cplusplus >= 201103L
    1332*:  252:	return std::pointer_traits<const_pointer>::pointer_to(*_M_local_buf);
        -:  253:#else
        -:  254:	return const_pointer(_M_local_buf);
        -:  255:#endif
        -:  256:      }
        -:  257:
        -:  258:      _GLIBCXX20_CONSTEXPR
        -:  259:      void
        -:  260:      _M_capacity(size_type __capacity)
      10*:  261:      { _M_allocated_capacity = __capacity; }
    %%%%%:  261-block  0
    %%%%%:  261-block  1
    %%%%%:  261-block  2
    %%%%%:  261-block  3
        -:  262:
        -:  263:      _GLIBCXX20_CONSTEXPR
        -:  264:      void
        -:  265:      _M_set_length(size_type __n)
        -:  266:      {
        -:  267:	_M_length(__n);
      48*:  268:	traits_type::assign(_M_data()[__n], _CharT());
       48:  268-block  0
      49*:  269:      }
        1:  269-block  0
    %%%%%:  269-block  1
       48:  269-block  2
        -:  270:
        -:  271:      _GLIBCXX20_CONSTEXPR
        -:  272:      bool
        -:  273:      _M_is_local() const
        -:  274:      {
     137*:  275:	if (_M_data() == _M_local_data())
       29:  275-block  0
branch  0 taken 28 (fallthrough)
branch  1 taken 1
    %%%%%:  275-block  1
branch  2 never executed (fallthrough)
branch  3 never executed
    %%%%%:  275-block  2
branch  4 never executed (fallthrough)
branch  5 never executed
    %%%%%:  275-block  3
branch  6 never executed
branch  7 never executed
    %%%%%:  275-block  4
branch  8 never executed (fallthrough)
branch  9 never executed
        4:  275-block  5
branch 10 taken 4 (fallthrough)
branch 11 taken 0
       65:  275-block  6
branch 12 taken 65 (fallthrough)
branch 13 taken 0
       38:  275-block  7
branch 14 taken 35 (fallthrough)
branch 15 taken 3
        1:  275-block  8
branch 16 taken 0 (fallthrough)
branch 17 taken 1
        1:  275-block  9
branch 18 taken 1
branch 19 taken 0
    %%%%%:  275-block 10
branch 20 never executed (fallthrough)
branch 21 never executed
        -:  276:	  {
     366*:  277:	    if (_M_string_length > _S_local_capacity)
       28:  277-block  0
branch  0 taken 0 (fallthrough)
branch  1 taken 28
    %%%%%:  277-block  1
branch  2 never executed (fallthrough)
branch  3 never executed
    %%%%%:  277-block  2
branch  4 never executed (fallthrough)
branch  5 never executed
    %%%%%:  277-block  3
branch  6 never executed (fallthrough)
branch  7 never executed
    %%%%%:  277-block  4
branch  8 never executed (fallthrough)
branch  9 never executed
    %%%%%:  277-block  5
branch 10 never executed (fallthrough)
branch 11 never executed
       22:  277-block  6
branch 12 taken 0 (fallthrough)
branch 13 taken 22
        4:  277-block  7
branch 14 taken 0 (fallthrough)
branch 15 taken 4
       65:  277-block  8
branch 16 taken 0 (fallthrough)
branch 17 taken 65
       35:  277-block  9
branch 18 taken 0 (fallthrough)
branch 19 taken 35
      107:  277-block 10
branch 20 taken 0 (fallthrough)
branch 21 taken 107
        1:  277-block 11
branch 22 taken 0 (fallthrough)
branch 23 taken 1
    %%%%%:  277-block 12
branch 24 never executed (fallthrough)
branch 25 never executed
        1:  277-block 13
branch 26 taken 0 (fallthrough)
branch 27 taken 1
    %%%%%:  277-block 14
branch 28 never executed (fallthrough)
branch 29 never executed
    %%%%%:  277-block 15
branch 30 never executed (fallthrough)
branch 31 never executed
       55:  277-block 16
branch 32 taken 0 (fallthrough)
branch 33 taken 55
       48:  277-block 17
branch 34 taken 0 (fallthrough)
branch 35 taken 48
    #####:  278:	      __builtin_unreachable();
    %%%%%:  278-block  0
call    0 never executed
    %%%%%:  278-block  1
call    1 never executed
    %%%%%:  278-block  2
call    2 never executed
    %%%%%:  278-block  3
call    3 never executed
    %%%%%:  278-block  4
call    4 never executed
    %%%%%:  278-block  5
call    5 never executed
    %%%%%:  278-block  6
call    6 never executed
    %%%%%:  278-block  7
call    7 never executed
    %%%%%:  278-block  8
call    8 never executed
    %%%%%:  278-block  9
call    9 never executed
    %%%%%:  278-block 10
call   10 never executed
    %%%%%:  278-block 11
call   11 never executed
    %%%%%:  278-block 12
call   12 never executed
    %%%%%:  278-block 13
call   13 never executed
    %%%%%:  278-block 14
call   14 never executed
    %%%%%:  278-block 15
call   15 never executed
    %%%%%:  278-block 16
call   16 never executed
    %%%%%:  278-block 17
call   17 never executed
        -:  279:	    return true;
        -:  280:	  }
        -:  281:	return false;
        -:  282:      }
        -:  283:
        -:  284:      // Create & Destroy
        -:  285:      _GLIBCXX20_CONSTEXPR
        -:  286:      pointer
        -:  287:      _M_create(size_type&, size_type);
        -:  288:
        -:  289:      _GLIBCXX20_CONSTEXPR
        -:  290:      void
     153*:  291:      _M_dispose()
        -:  292:      {
        -:  293:	if (!_M_is_local())
      46*:  294:	  _M_destroy(_M_allocated_capacity);
     153*:  295:      }
------------------
_ZNSt7__cxx1112basic_stringIwSt11char_traitsIwESaIwEE10_M_disposeEv:
function _ZNSt7__cxx1112basic_stringIwSt11char_traitsIwESaIwEE10_M_disposeEv called 0 returned 0% blocks executed 0%
    #####:  291:      _M_dispose()
    %%%%%:  291-block  0
branch  0 never executed (fallthrough)
branch  1 never executed
        -:  292:      {
        -:  293:	if (!_M_is_local())
    #####:  294:	  _M_destroy(_M_allocated_capacity);
    #####:  295:      }
------------------
_ZNSt7__cxx1112basic_stringIcSt11char_traitsIcESaIcEE10_M_disposeEv:
function _ZNSt7__cxx1112basic_stringIcSt11char_traitsIcESaIcEE10_M_disposeEv called 153 returned 100% blocks executed 83%
      153:  291:      _M_dispose()
      153:  291-block  0
branch  0 taken 107 (fallthrough)
branch  1 taken 46
        -:  292:      {
        -:  293:	if (!_M_is_local())
       46:  294:	  _M_destroy(_M_allocated_capacity);
      153:  295:      }
------------------
        -:  296:
        -:  297:      _GLIBCXX20_CONSTEXPR
        -:  298:      void
        -:  299:      _M_destroy(size_type __size) throw()
      46*:  300:      { _Alloc_traits::deallocate(_M_get_allocator(), _M_data(), __size + 1); }
        -:  301:
        -:  302:#if __cplusplus < 201103L || defined _GLIBCXX_DEFINING_STRING_INSTANTIATIONS
        -:  303:      // _M_construct_aux is used to implement the 21.3.1 para 15 which
        -:  304:      // requires special behaviour if _InIterator is an integral type
        -:  305:      template<typename _InIterator>
        -:  306:        void
        -:  307:        _M_construct_aux(_InIterator __beg, _InIterator __end,
        -:  308:			 std::__false_type)
        -:  309:	{
        -:  310:          typedef typename iterator_traits<_InIterator>::iterator_category _Tag;
        -:  311:          _M_construct(__beg, __end, _Tag());
        -:  312:	}
        -:  313:
        -:  314:      // _GLIBCXX_RESOLVE_LIB_DEFECTS
        -:  315:      // 438. Ambiguity in the "do the right thing" clause
        -:  316:      template<typename _Integer>
        -:  317:        void
        -:  318:        _M_construct_aux(_Integer __beg, _Integer __end, std::__true_type)
        -:  319:	{ _M_construct_aux_2(static_cast<size_type>(__beg), __end); }
        -:  320:
        -:  321:      void
        -:  322:      _M_construct_aux_2(size_type __req, _CharT __c)
        -:  323:      { _M_construct(__req, __c); }
        -:  324:#endif
        -:  325:
        -:  326:      // For Input Iterators, used in istreambuf_iterators, etc.
        -:  327:      template<typename _InIterator>
        -:  328:	_GLIBCXX20_CONSTEXPR
        -:  329:        void
        -:  330:        _M_construct(_InIterator __beg, _InIterator __end,
        -:  331:		     std::input_iterator_tag);
        -:  332:
        -:  333:      // For forward_iterators up to random_access_iterators, used for
        -:  334:      // string::iterator, _CharT*, etc.
        -:  335:      template<typename _FwdIterator>
        -:  336:	_GLIBCXX20_CONSTEXPR
        -:  337:        void
        -:  338:        _M_construct(_FwdIterator __beg, _FwdIterator __end,
        -:  339:		     std::forward_iterator_tag);
        -:  340:
        -:  341:      _GLIBCXX20_CONSTEXPR
        -:  342:      void
        -:  343:      _M_construct(size_type __req, _CharT __c);
        -:  344:
        -:  345:      _GLIBCXX20_CONSTEXPR
        -:  346:      allocator_type&
        -:  347:      _M_get_allocator()
      85*:  348:      { return _M_dataplus; }
    %%%%%:  348-block  0
call    0 never executed
    %%%%%:  348-block  1
call    1 never executed
       46:  348-block  2
call    2 returned 46
       39:  348-block  3
call    3 returned 39
        -:  349:
        -:  350:      _GLIBCXX20_CONSTEXPR
        -:  351:      const allocator_type&
        -:  352:      _M_get_allocator() const
        -:  353:      { return _M_dataplus; }
        -:  354:
        -:  355:      // Ensure that _M_local_buf is the active member of the union.
        -:  356:      __attribute__((__always_inline__))
        -:  357:      _GLIBCXX14_CONSTEXPR
        -:  358:      pointer
        -:  359:      _M_use_local_data() _GLIBCXX_NOEXCEPT
        -:  360:      {
        -:  361:#if __cpp_lib_is_constant_evaluated
        -:  362:	if (std::is_constant_evaluated())
        -:  363:	  for (size_type __i = 0; __i <= _S_local_capacity; ++__i)
        -:  364:	    _M_local_buf[__i] = _CharT();
        -:  365:#endif
    #####:  366:	return _M_local_data();
    %%%%%:  366-block  0
        -:  367:      }
        -:  368:
        -:  369:    private:
        -:  370:
        -:  371:#ifdef _GLIBCXX_DISAMBIGUATE_REPLACE_INST
        -:  372:      // The explicit instantiations in misc-inst.cc require this due to
        -:  373:      // https://gcc.gnu.org/bugzilla/show_bug.cgi?id=64063
        -:  374:      template<typename _Tp, bool _Requires =
        -:  375:	       !__are_same<_Tp, _CharT*>::__value
        -:  376:	       && !__are_same<_Tp, const _CharT*>::__value
        -:  377:	       && !__are_same<_Tp, iterator>::__value
        -:  378:	       && !__are_same<_Tp, const_iterator>::__value>
        -:  379:	struct __enable_if_not_native_iterator
        -:  380:	{ typedef basic_string& __type; };
        -:  381:      template<typename _Tp>
        -:  382:	struct __enable_if_not_native_iterator<_Tp, false> { };
        -:  383:#endif
        -:  384:
        -:  385:      _GLIBCXX20_CONSTEXPR
        -:  386:      size_type
        -:  387:      _M_check(size_type __pos, const char* __s) const
        -:  388:      {
       89:  389:	if (__pos > this->size())
    #####:  390:	  __throw_out_of_range_fmt(__N("%s: __pos (which is %zu) > "
    %%%%%:  390-block  0
call    0 never executed
    %%%%%:  390-block  1
call    1 never executed
    %%%%%:  390-block  2
call    2 never executed
        -:  391:				       "this->size() (which is %zu)"),
        -:  392:				   __s, __pos, this->size());
        -:  393:	return __pos;
        -:  394:      }
        -:  395:
        -:  396:      _GLIBCXX20_CONSTEXPR
        -:  397:      void
        -:  398:      _M_check_length(size_type __n1, size_type __n2, const char* __s) const
        -:  399:      {
     103*:  400:	if (this->max_size() - (this->size() - __n1) < __n2)
    #####:  401:	  __throw_length_error(__N(__s));
    %%%%%:  401-block  0
call    0 never executed
    %%%%%:  401-block  1
call    1 never executed
    %%%%%:  401-block  2
call    2 never executed
    %%%%%:  401-block  3
call    3 never executed
        -:  402:      }
        -:  403:
        -:  404:
        -:  405:      // NB: _M_limit doesn't check for a bad __pos value.
        -:  406:      _GLIBCXX20_CONSTEXPR
        -:  407:      size_type
        -:  408:      _M_limit(size_type __pos, size_type __off) const _GLIBCXX_NOEXCEPT
        -:  409:      {
       77:  410:	const bool __testoff =  __off < this->size() - __pos;
       77:  411:	return __testoff ? __off : this->size() - __pos;
        -:  412:      }
        -:  413:
        -:  414:      // True if _Rep and source do not overlap.
        -:  415:      bool
        -:  416:      _M_disjunct(const _CharT* __s) const _GLIBCXX_NOEXCEPT
        -:  417:      {
        -:  418:	return (less<const _CharT*>()(__s, _M_data())
       38:  419:		|| less<const _CharT*>()(_M_data() + this->size(), __s));
       38:  419-block  0
branch  0 taken 38 (fallthrough)
branch  1 taken 0
       38:  419-block  1
branch  2 taken 38 (fallthrough)
branch  3 taken 0
        -:  420:      }
        -:  421:
        -:  422:      // When __n = 1 way faster than the general multichar
        -:  423:      // traits_type::copy/move/assign.
        -:  424:      _GLIBCXX20_CONSTEXPR
        -:  425:      static void
        -:  426:      _S_copy(_CharT* __d, const _CharT* __s, size_type __n)
        -:  427:      {
     174*:  428:	if (__n == 1)
        2:  428-block  0
branch  0 taken 0 (fallthrough)
branch  1 taken 2
       29:  428-block  1
branch  2 taken 0 (fallthrough)
branch  3 taken 29
    %%%%%:  428-block  2
branch  4 never executed (fallthrough)
branch  5 never executed
    %%%%%:  428-block  3
branch  6 never executed (fallthrough)
branch  7 never executed
       12:  428-block  4
branch  8 taken 1 (fallthrough)
branch  9 taken 11
branch 10 taken 1 (fallthrough)
branch 11 taken 0
       38:  428-block  5
branch 12 taken 22 (fallthrough)
branch 13 taken 16
       36:  428-block  6
branch 14 taken 17 (fallthrough)
branch 15 taken 19
    %%%%%:  428-block  7
branch 16 never executed (fallthrough)
branch 17 never executed
       24:  428-block  8
branch 18 taken 8 (fallthrough)
branch 19 taken 16
       32:  428-block  9
branch 20 taken 3 (fallthrough)
branch 21 taken 29
        -:  429:	  traits_type::assign(*__d, *__s);
        -:  430:	else
        -:  431:	  traits_type::copy(__d, __s, __n);
        -:  432:      }
        -:  433:
        -:  434:      _GLIBCXX20_CONSTEXPR
        -:  435:      static void
        -:  436:      _S_move(_CharT* __d, const _CharT* __s, size_type __n)
        -:  437:      {
    #####:  438:	if (__n == 1)
    %%%%%:  438-block  0
branch  0 never executed (fallthrough)
branch  1 never executed
    %%%%%:  438-block  1
branch  2 never executed (fallthrough)
branch  3 never executed
    %%%%%:  438-block  2
branch  4 never executed (fallthrough)
branch  5 never executed
        -:  439:	  traits_type::assign(*__d, *__s);
        -:  440:	else
        -:  441:	  traits_type::move(__d, __s, __n);
        -:  442:      }
        -:  443:
        -:  444:      _GLIBCXX20_CONSTEXPR
        -:  445:      static void
        -:  446:      _S_assign(_CharT* __d, size_type __n, _CharT __c)
        -:  447:      {
    #####:  448:	if (__n == 1)
    %%%%%:  448-block  0
branch  0 never executed (fallthrough)
branch  1 never executed
    %%%%%:  448-block  1
branch  2 never executed (fallthrough)
branch  3 never executed
        -:  449:	  traits_type::assign(*__d, __c);
        -:  450:	else
        -:  451:	  traits_type::assign(__d, __n, __c);
        -:  452:      }
        -:  453:
        -:  454:      // _S_copy_chars is a separate template to permit specialization
        -:  455:      // to optimize for the common case of pointers as iterators.
        -:  456:      template<class _Iterator>
        -:  457:	_GLIBCXX20_CONSTEXPR
        -:  458:        static void
        -:  459:        _S_copy_chars(_CharT* __p, _Iterator __k1, _Iterator __k2)
        -:  460:        {
        -:  461:	  for (; __k1 != __k2; ++__k1, (void)++__p)
        -:  462:	    traits_type::assign(*__p, *__k1); // These types are off.
        -:  463:	}
        -:  464:
        -:  465:      _GLIBCXX20_CONSTEXPR
        -:  466:      static void
        -:  467:      _S_copy_chars(_CharT* __p, iterator __k1, iterator __k2) _GLIBCXX_NOEXCEPT
        -:  468:      { _S_copy_chars(__p, __k1.base(), __k2.base()); }
        -:  469:
        -:  470:      _GLIBCXX20_CONSTEXPR
        -:  471:      static void
        -:  472:      _S_copy_chars(_CharT* __p, const_iterator __k1, const_iterator __k2)
        -:  473:      _GLIBCXX_NOEXCEPT
        -:  474:      { _S_copy_chars(__p, __k1.base(), __k2.base()); }
        -:  475:
        -:  476:      _GLIBCXX20_CONSTEXPR
        -:  477:      static void
        -:  478:      _S_copy_chars(_CharT* __p, _CharT* __k1, _CharT* __k2) _GLIBCXX_NOEXCEPT
        -:  479:      { _S_copy(__p, __k1, __k2 - __k1); }
        -:  480:
        -:  481:      _GLIBCXX20_CONSTEXPR
        -:  482:      static void
        -:  483:      _S_copy_chars(_CharT* __p, const _CharT* __k1, const _CharT* __k2)
        -:  484:      _GLIBCXX_NOEXCEPT
        -:  485:      { _S_copy(__p, __k1, __k2 - __k1); }
        -:  486:
        -:  487:      _GLIBCXX20_CONSTEXPR
        -:  488:      static int
        -:  489:      _S_compare(size_type __n1, size_type __n2) _GLIBCXX_NOEXCEPT
        -:  490:      {
    #####:  491:	const difference_type __d = difference_type(__n1 - __n2);
        -:  492:
    #####:  493:	if (__d > __gnu_cxx::__numeric_traits<int>::__max)
    %%%%%:  493-block  0
branch  0 never executed (fallthrough)
branch  1 never executed
        -:  494:	  return __gnu_cxx::__numeric_traits<int>::__max;
    #####:  495:	else if (__d < __gnu_cxx::__numeric_traits<int>::__min)
    %%%%%:  495-block  0
branch  0 never executed (fallthrough)
branch  1 never executed
        -:  496:	  return __gnu_cxx::__numeric_traits<int>::__min;
        -:  497:	else
    #####:  498:	  return int(__d);
    %%%%%:  498-block  0
        -:  499:      }
        -:  500:
        -:  501:      _GLIBCXX20_CONSTEXPR
        -:  502:      void
        -:  503:      _M_assign(const basic_string&);
        -:  504:
        -:  505:      _GLIBCXX20_CONSTEXPR
        -:  506:      void
        -:  507:      _M_mutate(size_type __pos, size_type __len1, const _CharT* __s,
        -:  508:		size_type __len2);
        -:  509:
        -:  510:      _GLIBCXX20_CONSTEXPR
        -:  511:      void
        -:  512:      _M_erase(size_type __pos, size_type __n);
        -:  513:
        -:  514:    public:
        -:  515:      // Construct/copy/destroy:
        -:  516:      // NB: We overload ctors in some cases instead of using default
        -:  517:      // arguments, per 17.4.4.4 para. 2 item 2.
        -:  518:
        -:  519:      /**
        -:  520:       *  @brief  Default constructor creates an empty string.
        -:  521:       */
        -:  522:      _GLIBCXX20_CONSTEXPR
       5*:  523:      basic_string()
    %%%%%:  523-block  0
        1:  523-block  1
    %%%%%:  523-block  2
call    0 never executed
    %%%%%:  523-block  3
branch  1 never executed (fallthrough)
branch  2 never executed
call    3 never executed
branch  4 never executed (fallthrough)
branch  5 never executed (throw)
    %%%%%:  523-block  4
branch  6 never executed (fallthrough)
branch  7 never executed
    %%%%%:  523-block  5
branch  8 never executed (fallthrough)
branch  9 never executed
        4:  523-block  6
call   10 returned 4
branch 11 taken 4 (fallthrough)
branch 12 taken 0 (throw)
call   13 never executed
        -:  524:      _GLIBCXX_NOEXCEPT_IF(is_nothrow_default_constructible<_Alloc>::value)
        -:  525:      : _M_dataplus(_M_local_data())
        -:  526:      {
        -:  527:	_M_use_local_data();
        -:  528:	_M_set_length(0);
        -:  529:      }
        -:  530:
        -:  531:      /**
        -:  532:       *  @brief  Construct an empty string using allocator @a a.
        -:  533:       */
        -:  534:      _GLIBCXX20_CONSTEXPR
        -:  535:      explicit
        -:  536:      basic_string(const _Alloc& __a) _GLIBCXX_NOEXCEPT
        -:  537:      : _M_dataplus(_M_local_data(), __a)
        -:  538:      {
        -:  539:	_M_use_local_data();
        -:  540:	_M_set_length(0);
        -:  541:      }
        -:  542:
        -:  543:      /**
        -:  544:       *  @brief  Construct string with copy of value of @a __str.
        -:  545:       *  @param  __str  Source string.
        -:  546:       */
        -:  547:      _GLIBCXX20_CONSTEXPR
      12*:  548:      basic_string(const basic_string& __str)
        -:  549:      : _M_dataplus(_M_local_data(),
        -:  550:		    _Alloc_traits::_S_select_on_copy(__str._M_get_allocator()))
        -:  551:      {
    #####:  552:	_M_construct(__str._M_data(), __str._M_data() + __str.length(),
    %%%%%:  552-block  0
call    0 never executed
branch  1 never executed (fallthrough)
branch  2 never executed (throw)
    %%%%%:  552-block  1
call    3 never executed
branch  4 never executed (fallthrough)
branch  5 never executed (throw)
    %%%%%:  552-block  2
call    6 never executed
branch  7 never executed (fallthrough)
branch  8 never executed (throw)
    %%%%%:  552-block  3
call    9 never executed
        -:  553:		     std::forward_iterator_tag());
    #####:  554:      }
    %%%%%:  554-block  0
    %%%%%:  554-block  1
    %%%%%:  554-block  2
    %%%%%:  554-block  3
    %%%%%:  554-block  4
    %%%%%:  554-block  5
    %%%%%:  554-block  6
    %%%%%:  554-block  7
    %%%%%:  554-block  8
    %%%%%:  554-block  9
    %%%%%:  554-block 10
    %%%%%:  554-block 11
    %%%%%:  554-block 12
    %%%%%:  554-block 13
    %%%%%:  554-block 14
    %%%%%:  554-block 15
    %%%%%:  554-block 16
    %%%%%:  554-block 17
    %%%%%:  554-block 18
    %%%%%:  554-block 19
    %%%%%:  554-block 20
    %%%%%:  554-block 21
    %%%%%:  554-block 22
    %%%%%:  554-block 23
        -:  555:
        -:  556:      // _GLIBCXX_RESOLVE_LIB_DEFECTS
        -:  557:      // 2583. no way to supply an allocator for basic_string(str, pos)
        -:  558:      /**
        -:  559:       *  @brief  Construct string as copy of a substring.
        -:  560:       *  @param  __str  Source string.
        -:  561:       *  @param  __pos  Index of first character to copy from.
        -:  562:       *  @param  __a  Allocator to use.
        -:  563:       */
        -:  564:      _GLIBCXX20_CONSTEXPR
        -:  565:      basic_string(const basic_string& __str, size_type __pos,
        -:  566:		   const _Alloc& __a = _Alloc())
        -:  567:      : _M_dataplus(_M_local_data(), __a)
        -:  568:      {
        -:  569:	const _CharT* __start = __str._M_data()
        -:  570:	  + __str._M_check(__pos, "basic_string::basic_string");
        -:  571:	_M_construct(__start, __start + __str._M_limit(__pos, npos),
        -:  572:		     std::forward_iterator_tag());
        -:  573:      }
        -:  574:
        -:  575:      /**
        -:  576:       *  @brief  Construct string as copy of a substring.
        -:  577:       *  @param  __str  Source string.
        -:  578:       *  @param  __pos  Index of first character to copy from.
        -:  579:       *  @param  __n  Number of characters to copy.
        -:  580:       */
        -:  581:      _GLIBCXX20_CONSTEXPR
function _ZNSt7__cxx1112basic_stringIcSt11char_traitsIcESaIcEEC1ERKS4_yy called 12 returned 100% blocks executed 75%
       12:  582:      basic_string(const basic_string& __str, size_type __pos,
        -:  583:		   size_type __n)
        -:  584:      : _M_dataplus(_M_local_data())
        -:  585:      {
       12:  586:	const _CharT* __start = __str._M_data()
        -:  587:	  + __str._M_check(__pos, "basic_string::basic_string");
       12:  588:	_M_construct(__start, __start + __str._M_limit(__pos, __n),
       12:  588-block  0
call    0 returned 12
        -:  589:		     std::forward_iterator_tag());
       12:  590:      }
        -:  591:
        -:  592:      /**
        -:  593:       *  @brief  Construct string as copy of a substring.
        -:  594:       *  @param  __str  Source string.
        -:  595:       *  @param  __pos  Index of first character to copy from.
        -:  596:       *  @param  __n  Number of characters to copy.
        -:  597:       *  @param  __a  Allocator to use.
        -:  598:       */
        -:  599:      _GLIBCXX20_CONSTEXPR
        -:  600:      basic_string(const basic_string& __str, size_type __pos,
        -:  601:		   size_type __n, const _Alloc& __a)
        -:  602:      : _M_dataplus(_M_local_data(), __a)
        -:  603:      {
        -:  604:	const _CharT* __start
        -:  605:	  = __str._M_data() + __str._M_check(__pos, "string::string");
        -:  606:	_M_construct(__start, __start + __str._M_limit(__pos, __n),
        -:  607:		     std::forward_iterator_tag());
        -:  608:      }
        -:  609:
        -:  610:      /**
        -:  611:       *  @brief  Construct string initialized by a character %array.
        -:  612:       *  @param  __s  Source character %array.
        -:  613:       *  @param  __n  Number of characters to copy.
        -:  614:       *  @param  __a  Allocator to use (default is default allocator).
        -:  615:       *
        -:  616:       *  NB: @a __s must have at least @a __n characters, &apos;\\0&apos;
        -:  617:       *  has no special meaning.
        -:  618:       */
        -:  619:      _GLIBCXX20_CONSTEXPR
function _ZNSt7__cxx1112basic_stringIcSt11char_traitsIcESaIcEEC1EPKcyRKS3_ called 0 returned 0% blocks executed 0%
    #####:  620:      basic_string(const _CharT* __s, size_type __n,
        -:  621:		   const _Alloc& __a = _Alloc())
        -:  622:      : _M_dataplus(_M_local_data(), __a)
        -:  623:      {
        -:  624:	// NB: Not required, but considered best practice.
    #####:  625:	if (__s == 0 && __n > 0)
    %%%%%:  625-block  0
branch  0 never executed (fallthrough)
branch  1 never executed
    #####:  626:	  std::__throw_logic_error(__N("basic_string: "
    %%%%%:  626-block  0
call    0 never executed
        -:  627:				       "construction from null is not valid"));
    #####:  628:	_M_construct(__s, __s + __n, std::forward_iterator_tag());
    %%%%%:  628-block  0
call    0 never executed
    #####:  629:      }
        -:  630:
        -:  631:      /**
        -:  632:       *  @brief  Construct string as copy of a C string.
        -:  633:       *  @param  __s  Source C string.
        -:  634:       *  @param  __a  Allocator to use (default is default allocator).
        -:  635:       */
        -:  636:#if __cpp_deduction_guides && ! defined _GLIBCXX_DEFINING_STRING_INSTANTIATIONS
        -:  637:      // _GLIBCXX_RESOLVE_LIB_DEFECTS
        -:  638:      // 3076. basic_string CTAD ambiguity
        -:  639:      template<typename = _RequireAllocator<_Alloc>>
        -:  640:#endif
        -:  641:      _GLIBCXX20_CONSTEXPR
      20*:  642:      basic_string(const _CharT* __s, const _Alloc& __a = _Alloc())
        -:  643:      : _M_dataplus(_M_local_data(), __a)
        -:  644:      {
        -:  645:	// NB: Not required, but considered best practice.
      20*:  646:	if (__s == 0)
    #####:  647:	  std::__throw_logic_error(__N("basic_string: "
        -:  648:				       "construction from null is not valid"));
      20*:  649:	const _CharT* __end = __s + traits_type::length(__s);
      20*:  650:	_M_construct(__s, __end, forward_iterator_tag());
      20*:  651:      }
------------------
_ZNSt7__cxx1112basic_stringIwSt11char_traitsIwESaIwEEC1IS3_EEPKwRKS3_:
function _ZNSt7__cxx1112basic_stringIwSt11char_traitsIwESaIwEEC1IS3_EEPKwRKS3_ called 0 returned 0% blocks executed 0%
    #####:  642:      basic_string(const _CharT* __s, const _Alloc& __a = _Alloc())
        -:  643:      : _M_dataplus(_M_local_data(), __a)
        -:  644:      {
        -:  645:	// NB: Not required, but considered best practice.
    #####:  646:	if (__s == 0)
    %%%%%:  646-block  0
branch  0 never executed (fallthrough)
branch  1 never executed
    #####:  647:	  std::__throw_logic_error(__N("basic_string: "
    %%%%%:  647-block  0
call    0 never executed
        -:  648:				       "construction from null is not valid"));
    #####:  649:	const _CharT* __end = __s + traits_type::length(__s);
    #####:  650:	_M_construct(__s, __end, forward_iterator_tag());
call    0 never executed
    #####:  651:      }
------------------
_ZNSt7__cxx1112basic_stringIcSt11char_traitsIcESaIcEEC1IS3_EEPKcRKS3_:
function _ZNSt7__cxx1112basic_stringIcSt11char_traitsIcESaIcEEC1IS3_EEPKcRKS3_ called 20 returned 100% blocks executed 75%
       20:  642:      basic_string(const _CharT* __s, const _Alloc& __a = _Alloc())
        -:  643:      : _M_dataplus(_M_local_data(), __a)
        -:  644:      {
        -:  645:	// NB: Not required, but considered best practice.
       20:  646:	if (__s == 0)
       20:  646-block  0
branch  0 taken 0 (fallthrough)
branch  1 taken 20
    #####:  647:	  std::__throw_logic_error(__N("basic_string: "
    %%%%%:  647-block  0
call    0 never executed
        -:  648:				       "construction from null is not valid"));
       20:  649:	const _CharT* __end = __s + traits_type::length(__s);
       20:  650:	_M_construct(__s, __end, forward_iterator_tag());
       20:  650-block  0
call    0 returned 20
       20:  651:      }
------------------
        -:  652:
        -:  653:      /**
        -:  654:       *  @brief  Construct string as multiple characters.
        -:  655:       *  @param  __n  Number of characters.
        -:  656:       *  @param  __c  Character to use.
        -:  657:       *  @param  __a  Allocator to use (default is default allocator).
        -:  658:       */
        -:  659:#if __cpp_deduction_guides && ! defined _GLIBCXX_DEFINING_STRING_INSTANTIATIONS
        -:  660:      // _GLIBCXX_RESOLVE_LIB_DEFECTS
        -:  661:      // 3076. basic_string CTAD ambiguity
        -:  662:      template<typename = _RequireAllocator<_Alloc>>
        -:  663:#endif
        -:  664:      _GLIBCXX20_CONSTEXPR
        -:  665:      basic_string(size_type __n, _CharT __c, const _Alloc& __a = _Alloc())
        -:  666:      : _M_dataplus(_M_local_data(), __a)
    #####:  667:      { _M_construct(__n, __c); }
call    0 never executed
branch  1 never executed (fallthrough)
branch  2 never executed (throw)
call    3 never executed
branch  4 never executed (fallthrough)
branch  5 never executed (throw)
call    6 never executed
branch  7 never executed (fallthrough)
branch  8 never executed (throw)
    %%%%%:  667-block  0
call    9 never executed
branch 10 never executed (fallthrough)
branch 11 never executed (throw)
    %%%%%:  667-block  1
call   12 never executed
branch 13 never executed (fallthrough)
branch 14 never executed (throw)
    %%%%%:  667-block  2
call   15 never executed
    %%%%%:  667-block  3
call   16 never executed
branch 17 never executed (fallthrough)
branch 18 never executed (throw)
call   19 never executed
branch 20 never executed (fallthrough)
branch 21 never executed (throw)
    %%%%%:  667-block  4
call   22 never executed
branch 23 never executed (fallthrough)
branch 24 never executed (throw)
    %%%%%:  667-block  5
call   25 never executed
branch 26 never executed (fallthrough)
branch 27 never executed (throw)
    %%%%%:  667-block  6
call   28 never executed
call   29 never executed
call   30 never executed
call   31 never executed
call   32 never executed
call   33 never executed
call   34 never executed
call   35 never executed
    %%%%%:  667-block  7
call   36 never executed
call   37 never executed
call   38 never executed
    %%%%%:  667-block  8
call   39 never executed
call   40 never executed
call   41 never executed
call   42 never executed
call   43 never executed
call   44 never executed
    %%%%%:  667-block  9
call   45 never executed
call   46 never executed
    %%%%%:  667-block 10
call   47 never executed
branch 48 never executed (fallthrough)
branch 49 never executed (throw)
        -:  668:
        -:  669:#if __cplusplus >= 201103L
        -:  670:      /**
        -:  671:       *  @brief  Move construct string.
        -:  672:       *  @param  __str  Source string.
        -:  673:       *
        -:  674:       *  The newly-created string contains the exact contents of @a __str.
        -:  675:       *  @a __str is a valid, but unspecified string.
        -:  676:       */
        -:  677:      _GLIBCXX20_CONSTEXPR
function _ZNSt7__cxx1112basic_stringIcSt11char_traitsIcESaIcEEC1EOS4_ called 69 returned 100% blocks executed 83%
       69:  678:      basic_string(basic_string&& __str) noexcept
       69:  678-block  0
branch  0 taken 55 (fallthrough)
branch  1 taken 14
        -:  679:      : _M_dataplus(_M_local_data(), std::move(__str._M_get_allocator()))
        -:  680:      {
        -:  681:	if (__str._M_is_local())
        -:  682:	  {
       55:  683:	    traits_type::copy(_M_local_buf, __str._M_local_buf,
       55:  683-block  0
        -:  684:			      __str.length() + 1);
        -:  685:	  }
        -:  686:	else
        -:  687:	  {
        -:  688:	    _M_data(__str._M_data());
       14:  689:	    _M_capacity(__str._M_allocated_capacity);
       14:  689-block  0
        -:  690:	  }
        -:  691:
        -:  692:	// Must use _M_length() here not _M_set_length() because
        -:  693:	// basic_stringbuf relies on writing into unallocated capacity so
        -:  694:	// we mess up the contents if we put a '\0' in the string.
        -:  695:	_M_length(__str.length());
        -:  696:	__str._M_data(__str._M_local_data());
        -:  697:	__str._M_set_length(0);
       69:  698:      }
        -:  699:
        -:  700:      /**
        -:  701:       *  @brief  Construct string from an initializer %list.
        -:  702:       *  @param  __l  std::initializer_list of characters.
        -:  703:       *  @param  __a  Allocator to use (default is default allocator).
        -:  704:       */
        -:  705:      _GLIBCXX20_CONSTEXPR
        -:  706:      basic_string(initializer_list<_CharT> __l, const _Alloc& __a = _Alloc())
        -:  707:      : _M_dataplus(_M_local_data(), __a)
        -:  708:      { _M_construct(__l.begin(), __l.end(), std::forward_iterator_tag()); }
        -:  709:
        -:  710:      _GLIBCXX20_CONSTEXPR
        -:  711:      basic_string(const basic_string& __str, const _Alloc& __a)
        -:  712:      : _M_dataplus(_M_local_data(), __a)
        -:  713:      { _M_construct(__str.begin(), __str.end(), std::forward_iterator_tag()); }
        -:  714:
        -:  715:      _GLIBCXX20_CONSTEXPR
        -:  716:      basic_string(basic_string&& __str, const _Alloc& __a)
        -:  717:      noexcept(_Alloc_traits::_S_always_equal())
        -:  718:      : _M_dataplus(_M_local_data(), __a)
        -:  719:      {
        -:  720:	if (__str._M_is_local())
        -:  721:	  {
        -:  722:	    traits_type::copy(_M_local_buf, __str._M_local_buf,
        -:  723:			      __str.length() + 1);
        -:  724:	    _M_length(__str.length());
        -:  725:	    __str._M_set_length(0);
        -:  726:	  }
        -:  727:	else if (_Alloc_traits::_S_always_equal()
        -:  728:	    || __str.get_allocator() == __a)
        -:  729:	  {
        -:  730:	    _M_data(__str._M_data());
        -:  731:	    _M_length(__str.length());
        -:  732:	    _M_capacity(__str._M_allocated_capacity);
        -:  733:	    __str._M_data(__str._M_local_buf);
        -:  734:	    __str._M_set_length(0);
        -:  735:	  }
        -:  736:	else
        -:  737:	  _M_construct(__str.begin(), __str.end(), std::forward_iterator_tag());
        -:  738:      }
        -:  739:#endif // C++11
        -:  740:
        -:  741:#if __cplusplus >= 202100L
        -:  742:      basic_string(nullptr_t) = delete;
        -:  743:      basic_string& operator=(nullptr_t) = delete;
        -:  744:#endif // C++23
        -:  745:
        -:  746:      /**
        -:  747:       *  @brief  Construct string as copy of a range.
        -:  748:       *  @param  __beg  Start of range.
        -:  749:       *  @param  __end  End of range.
        -:  750:       *  @param  __a  Allocator to use (default is default allocator).
        -:  751:       */
        -:  752:#if __cplusplus >= 201103L
        -:  753:      template<typename _InputIterator,
        -:  754:	       typename = std::_RequireInputIter<_InputIterator>>
        -:  755:#else
        -:  756:      template<typename _InputIterator>
        -:  757:#endif
        -:  758:	_GLIBCXX20_CONSTEXPR
    #####:  759:        basic_string(_InputIterator __beg, _InputIterator __end,
        -:  760:		     const _Alloc& __a = _Alloc())
        -:  761:	: _M_dataplus(_M_local_data(), __a)
        -:  762:	{
        -:  763:#if __cplusplus >= 201103L
    #####:  764:	  _M_construct(__beg, __end, std::__iterator_category(__beg));
    %%%%%:  764-block  0
call    0 never executed
    %%%%%:  764-block  1
call    1 never executed
    %%%%%:  764-block  2
call    2 never executed
        -:  765:#else
        -:  766:	  typedef typename std::__is_integer<_InputIterator>::__type _Integral;
        -:  767:	  _M_construct_aux(__beg, __end, _Integral());
        -:  768:#endif
    #####:  769:	}
        -:  770:
        -:  771:#if __cplusplus >= 201703L
        -:  772:      /**
        -:  773:       *  @brief  Construct string from a substring of a string_view.
        -:  774:       *  @param  __t   Source object convertible to string view.
        -:  775:       *  @param  __pos The index of the first character to copy from __t.
        -:  776:       *  @param  __n   The number of characters to copy from __t.
        -:  777:       *  @param  __a   Allocator to use.
        -:  778:       */
        -:  779:      template<typename _Tp,
        -:  780:	       typename = enable_if_t<is_convertible_v<const _Tp&, __sv_type>>>
        -:  781:	_GLIBCXX20_CONSTEXPR
        -:  782:	basic_string(const _Tp& __t, size_type __pos, size_type __n,
        -:  783:		     const _Alloc& __a = _Alloc())
        -:  784:	: basic_string(_S_to_string_view(__t).substr(__pos, __n), __a) { }
        -:  785:
        -:  786:      /**
        -:  787:       *  @brief  Construct string from a string_view.
        -:  788:       *  @param  __t  Source object convertible to string view.
        -:  789:       *  @param  __a  Allocator to use (default is default allocator).
        -:  790:       */
        -:  791:      template<typename _Tp, typename = _If_sv<_Tp, void>>
        -:  792:	_GLIBCXX20_CONSTEXPR
        -:  793:	explicit
        -:  794:	basic_string(const _Tp& __t, const _Alloc& __a = _Alloc())
    #####:  795:	: basic_string(__sv_wrapper(_S_to_string_view(__t)), __a) { }
    %%%%%:  795-block  0
    %%%%%:  795-block  1
        -:  796:#endif // C++17
        -:  797:
        -:  798:      /**
        -:  799:       *  @brief  Destroy the string instance.
        -:  800:       */
        -:  801:      _GLIBCXX20_CONSTEXPR
        -:  802:      ~basic_string()
     207*:  803:      { _M_dispose(); }
    %%%%%:  803-block  0
call    0 never executed
    %%%%%:  803-block  1
call    1 never executed
call    2 never executed
    %%%%%:  803-block  2
call    3 never executed
    %%%%%:  803-block  3
call    4 never executed
call    5 never executed
    %%%%%:  803-block  4
call    6 never executed
    $$$$$:  803-block  5
call    7 never executed
call    8 never executed
call    9 never executed
    %%%%%:  803-block  6
call   10 never executed
    %%%%%:  803-block  7
call   11 never executed
    %%%%%:  803-block  8
call   12 never executed
    %%%%%:  803-block  9
call   13 never executed
    %%%%%:  803-block 10
call   14 never executed
call   15 never executed
    %%%%%:  803-block 11
call   16 never executed
call   17 returned 5
call   18 never executed
    $$$$$:  803-block 12
call   19 never executed
       24:  803-block 13
call   20 returned 24
    %%%%%:  803-block 14
call   21 never executed
call   22 never executed
call   23 never executed
    $$$$$:  803-block 15
call   24 never executed
    $$$$$:  803-block 16
call   25 never executed
call   26 never executed
call   27 never executed
call   28 never executed
call   29 never executed
    %%%%%:  803-block 17
call   30 never executed
call   31 never executed
    $$$$$:  803-block 18
call   32 never executed
    %%%%%:  803-block 19
call   33 never executed
    $$$$$:  803-block 20
call   34 never executed
        1:  803-block 21
call   35 returned 1
    $$$$$:  803-block 22
call   36 never executed
    %%%%%:  803-block 23
call   37 never executed
    %%%%%:  803-block 24
call   38 never executed
    $$$$$:  803-block 25
call   39 never executed
    $$$$$:  803-block 26
call   40 never executed
    %%%%%:  803-block 27
call   41 never executed
        1:  803-block 28
call   42 returned 1
    $$$$$:  803-block 29
call   43 never executed
    $$$$$:  803-block 30
call   44 never executed
    $$$$$:  803-block 31
call   45 never executed
call   46 never executed
    $$$$$:  803-block 32
call   47 never executed
call   48 never executed
    $$$$$:  803-block 33
call   49 never executed
    $$$$$:  803-block 34
call   50 never executed
    $$$$$:  803-block 35
call   51 never executed
call   52 never executed
    $$$$$:  803-block 36
call   53 never executed
call   54 never executed
    $$$$$:  803-block 37
call   55 never executed
    $$$$$:  803-block 38
call   56 never executed
    $$$$$:  803-block 39
call   57 never executed
call   58 never executed
    $$$$$:  803-block 40
call   59 never executed
call   60 never executed
    $$$$$:  803-block 41
call   61 never executed
    $$$$$:  803-block 42
call   62 never executed
    %%%%%:  803-block 43
call   63 never executed
call   64 never executed
    $$$$$:  803-block 44
call   65 never executed
call   66 never executed
    $$$$$:  803-block 45
call   67 never executed
call   68 never executed
    $$$$$:  803-block 46
call   69 never executed
    $$$$$:  803-block 47
call   70 never executed
    %%%%%:  803-block 48
call   71 never executed
call   72 never executed
    $$$$$:  803-block 49
call   73 never executed
    $$$$$:  803-block 50
call   74 never executed
    %%%%%:  803-block 51
call   75 never executed
call   76 never executed
call   77 never executed
    $$$$$:  803-block 52
call   78 never executed
    $$$$$:  803-block 53
call   79 never executed
    %%%%%:  803-block 54
call   80 never executed
call   81 never executed
call   82 never executed
    $$$$$:  803-block 55
call   83 never executed
    $$$$$:  803-block 56
call   84 never executed
call   85 never executed
    %%%%%:  803-block 57
call   86 never executed
call   87 never executed
call   88 never executed
call   89 never executed
    $$$$$:  803-block 58
call   90 never executed
    $$$$$:  803-block 59
call   91 never executed
    $$$$$:  803-block 60
call   92 never executed
    %%%%%:  803-block 61
call   93 never executed
call   94 never executed
call   95 never executed
call   96 never executed
call   97 never executed
    $$$$$:  803-block 62
call   98 never executed
    $$$$$:  803-block 63
call   99 never executed
    $$$$$:  803-block 64
call   100 never executed
    $$$$$:  803-block 65
call   101 never executed
call   102 never executed
    %%%%%:  803-block 66
call   103 never executed
    $$$$$:  803-block 67
call   104 never executed
    %%%%%:  803-block 68
call   105 never executed
    $$$$$:  803-block 69
call   106 never executed
    %%%%%:  803-block 70
call   107 never executed
    $$$$$:  803-block 71
call   108 never executed
    %%%%%:  803-block 72
call   109 never executed
call   110 never executed
    %%%%%:  803-block 73
call   111 never executed
    $$$$$:  803-block 74
call   112 never executed
    %%%%%:  803-block 75
call   113 never executed
    $$$$$:  803-block 76
call   114 never executed
call   115 never executed
call   116 never executed
    %%%%%:  803-block 77
call   117 never executed
call   118 never executed
    $$$$$:  803-block 78
call   119 never executed
    $$$$$:  803-block 79
call   120 never executed
    %%%%%:  803-block 80
call   121 never executed
    $$$$$:  803-block 81
call   122 never executed
call   123 never executed
    $$$$$:  803-block 82
call   124 never executed
    %%%%%:  803-block 83
call   125 never executed
    %%%%%:  803-block 84
call   126 never executed
    %%%%%:  803-block 85
call   127 never executed
    %%%%%:  803-block 86
call   128 never executed
call   129 never executed
    %%%%%:  803-block 87
call   130 never executed
    %%%%%:  803-block 88
call   131 never executed
    %%%%%:  803-block 89
call   132 never executed
    %%%%%:  803-block 90
call   133 never executed
call   134 never executed
    %%%%%:  803-block 91
call   135 never executed
    %%%%%:  803-block 92
call   136 never executed
call   137 never executed
    %%%%%:  803-block 93
call   138 never executed
    %%%%%:  803-block 94
call   139 never executed
call   140 never executed
    $$$$$:  803-block 95
call   141 never executed
call   142 never executed
    $$$$$:  803-block 96
call   143 never executed
call   144 never executed
    $$$$$:  803-block 97
call   145 never executed
call   146 never executed
    $$$$$:  803-block 98
call   147 never executed
call   148 never executed
    $$$$$:  803-block 99
call   149 never executed
call   150 never executed
    $$$$$:  803-block 100
call   151 never executed
    %%%%%:  803-block 101
call   152 never executed
branch 153 never executed
branch 154 never executed
branch 155 never executed
branch 156 never executed
branch 157 never executed
branch 158 never executed
    $$$$$:  803-block 102
call   159 never executed
call   160 never executed
call   161 never executed
branch 162 never executed (fallthrough)
branch 163 never executed
    %%%%%:  803-block 103
call   164 never executed
    $$$$$:  803-block 104
call   165 never executed
    $$$$$:  803-block 105
call   166 never executed
    %%%%%:  803-block 106
call   167 never executed
call   168 never executed
branch 169 never executed (fallthrough)
branch 170 never executed (throw)
    %%%%%:  803-block 107
call   171 never executed
call   172 never executed
    %%%%%:  803-block 108
call   173 never executed
call   174 never executed
call   175 never executed
call   176 never executed
branch 177 never executed (fallthrough)
branch 178 never executed (throw)
    %%%%%:  803-block 109
call   179 never executed
    $$$$$:  803-block 110
call   180 never executed
    $$$$$:  803-block 111
call   181 never executed
    $$$$$:  803-block 112
call   182 never executed
    $$$$$:  803-block 113
call   183 never executed
    $$$$$:  803-block 114
call   184 never executed
    $$$$$:  803-block 115
call   185 never executed
        1:  803-block 116
call   186 returned 1
    $$$$$:  803-block 117
call   187 never executed
    %%%%%:  803-block 118
call   188 never executed
call   189 never executed
branch 190 never executed (fallthrough)
branch 191 never executed (throw)
    %%%%%:  803-block 119
call   192 never executed
call   193 never executed
branch 194 never executed (fallthrough)
branch 195 never executed (throw)
    %%%%%:  803-block 120
call   196 never executed
call   197 never executed
branch 198 never executed (fallthrough)
branch 199 never executed (throw)
    $$$$$:  803-block 121
call   200 never executed
    $$$$$:  803-block 122
call   201 never executed
    $$$$$:  803-block 123
call   202 never executed
    %%%%%:  803-block 124
call   203 never executed
    $$$$$:  803-block 125
call   204 never executed
        4:  803-block 126
call   205 returned 4
call   206 returned 4
    $$$$$:  803-block 127
call   207 never executed
call   208 never executed
    %%%%%:  803-block 128
call   209 never executed
    %%%%%:  803-block 129
call   210 never executed
        1:  803-block 130
call   211 returned 1
    $$$$$:  803-block 131
call   212 never executed
    $$$$$:  803-block 132
call   213 never executed
    $$$$$:  803-block 133
call   214 never executed
    %%%%%:  803-block 134
call   215 never executed
    $$$$$:  803-block 135
call   216 never executed
call   217 never executed
    $$$$$:  803-block 136
call   218 never executed
    %%%%%:  803-block 137
call   219 never executed
call   220 never executed
    $$$$$:  803-block 138
call   221 never executed
call   222 never executed
    %%%%%:  803-block 139
call   223 never executed
    %%%%%:  803-block 140
call   224 never executed
call   225 never executed
branch 226 never executed (fallthrough)
branch 227 never executed (throw)
    $$$$$:  803-block 141
call   228 never executed
    $$$$$:  803-block 142
call   229 never executed
        1:  803-block 143
call   230 returned 1
    $$$$$:  803-block 144
call   231 never executed
    %%%%%:  803-block 145
call   232 never executed
call   233 never executed
    $$$$$:  803-block 146
call   234 never executed
    $$$$$:  803-block 147
call   235 never executed
    %%%%%:  803-block 148
call   236 never executed
call   237 never executed
branch 238 never executed (fallthrough)
branch 239 never executed (throw)
    %%%%%:  803-block 149
call   240 never executed
call   241 never executed
call   242 never executed
branch 243 never executed (fallthrough)
branch 244 never executed (throw)
    %%%%%:  803-block 150
call   245 never executed
call   246 never executed
    $$$$$:  803-block 151
call   247 never executed
    $$$$$:  803-block 152
call   248 never executed
    $$$$$:  803-block 153
call   249 never executed
    $$$$$:  803-block 154
call   250 never executed
    $$$$$:  803-block 155
call   251 never executed
    %%%%%:  803-block 156
call   252 never executed
call   253 never executed
branch 254 never executed (fallthrough)
branch 255 never executed (throw)
    %%%%%:  803-block 157
call   256 never executed
call   257 never executed
branch 258 never executed (fallthrough)
branch 259 never executed (throw)
    %%%%%:  803-block 158
call   260 never executed
call   261 never executed
branch 262 never executed (fallthrough)
branch 263 never executed (throw)
    %%%%%:  803-block 159
call   264 never executed
branch 265 never executed (fallthrough)
branch 266 never executed
    %%%%%:  803-block 160
call   267 never executed
    %%%%%:  803-block 161
call   268 never executed
call   269 never executed
call   270 never executed
branch 271 never executed (fallthrough)
branch 272 never executed (throw)
    %%%%%:  803-block 162
call   273 never executed
call   274 never executed
call   275 never executed
branch 276 never executed (fallthrough)
branch 277 never executed (throw)
    %%%%%:  803-block 163
call   278 never executed
call   279 never executed
branch 280 never executed (fallthrough)
branch 281 never executed (throw)
    %%%%%:  803-block 164
call   282 never executed
call   283 never executed
call   284 never executed
branch 285 never executed (fallthrough)
branch 286 never executed (throw)
    %%%%%:  803-block 165
call   287 never executed
call   288 never executed
    $$$$$:  803-block 166
call   289 never executed
    $$$$$:  803-block 167
call   290 never executed
    $$$$$:  803-block 168
call   291 never executed
[...]
        -: 4112:{
        -: 4113:_GLIBCXX_BEGIN_NAMESPACE_VERSION
        -: 4114:_GLIBCXX_BEGIN_NAMESPACE_CXX11
        -: 4115:
        -: 4116:#if _GLIBCXX_USE_C99_STDLIB
        -: 4117:  // 21.4 Numeric Conversions [string.conversions].
        -: 4118:  inline int
        -: 4119:  stoi(const string& __str, size_t* __idx = 0, int __base = 10)
        -: 4120:  { return __gnu_cxx::__stoa<long, int>(&std::strtol, "stoi", __str.c_str(),
        -: 4121:					__idx, __base); }
        -: 4122:
        -: 4123:  inline long
        -: 4124:  stol(const string& __str, size_t* __idx = 0, int __base = 10)
        -: 4125:  { return __gnu_cxx::__stoa(&std::strtol, "stol", __str.c_str(),
        -: 4126:			     __idx, __base); }
        -: 4127:
        -: 4128:  inline unsigned long
        -: 4129:  stoul(const string& __str, size_t* __idx = 0, int __base = 10)
        -: 4130:  { return __gnu_cxx::__stoa(&std::strtoul, "stoul", __str.c_str(),
        -: 4131:			     __idx, __base); }
        -: 4132:
        -: 4133:  inline long long
        -: 4134:  stoll(const string& __str, size_t* __idx = 0, int __base = 10)
        -: 4135:  { return __gnu_cxx::__stoa(&std::strtoll, "stoll", __str.c_str(),
        -: 4136:			     __idx, __base); }
        -: 4137:
        -: 4138:  inline unsigned long long
        -: 4139:  stoull(const string& __str, size_t* __idx = 0, int __base = 10)
        -: 4140:  { return __gnu_cxx::__stoa(&std::strtoull, "stoull", __str.c_str(),
        -: 4141:			     __idx, __base); }
        -: 4142:
        -: 4143:  // NB: strtof vs strtod.
        -: 4144:  inline float
        -: 4145:  stof(const string& __str, size_t* __idx = 0)
        -: 4146:  { return __gnu_cxx::__stoa(&std::strtof, "stof", __str.c_str(), __idx); }
        -: 4147:
        -: 4148:  inline double
        -: 4149:  stod(const string& __str, size_t* __idx = 0)
        -: 4150:  { return __gnu_cxx::__stoa(&std::strtod, "stod", __str.c_str(), __idx); }
        -: 4151:
        -: 4152:  inline long double
        -: 4153:  stold(const string& __str, size_t* __idx = 0)
        -: 4154:  { return __gnu_cxx::__stoa(&std::strtold, "stold", __str.c_str(), __idx); }
        -: 4155:#endif // _GLIBCXX_USE_C99_STDLIB
        -: 4156:
        -: 4157:  // DR 1261. Insufficent overloads for to_string / to_wstring
        -: 4158:
        -: 4159:  _GLIBCXX_NODISCARD
        -: 4160:  inline string
        -: 4161:  to_string(int __val)
        -: 4162:#if _GLIBCXX_USE_CXX11_ABI && (__CHAR_BIT__ * __SIZEOF_INT__) <= 32
        -: 4163:  noexcept // any 32-bit value fits in the SSO buffer
        -: 4164:#endif
        -: 4165:  {
        -: 4166:    const bool __neg = __val < 0;
        -: 4167:    const unsigned __uval = __neg ? (unsigned)~__val + 1u : __val;
        -: 4168:    const auto __len = __detail::__to_chars_len(__uval);
        -: 4169:    string __str(__neg + __len, '-');
        -: 4170:    __detail::__to_chars_10_impl(&__str[__neg], __len, __uval);
        -: 4171:    return __str;
        -: 4172:  }
        -: 4173:
        -: 4174:  _GLIBCXX_NODISCARD
        -: 4175:  inline string
        -: 4176:  to_string(unsigned __val)
        -: 4177:#if _GLIBCXX_USE_CXX11_ABI && (__CHAR_BIT__ * __SIZEOF_INT__) <= 32
        -: 4178:  noexcept // any 32-bit value fits in the SSO buffer
        -: 4179:#endif
        -: 4180:  {
        -: 4181:    string __str(__detail::__to_chars_len(__val), '\0');
        -: 4182:    __detail::__to_chars_10_impl(&__str[0], __str.size(), __val);
        -: 4183:    return __str;
        -: 4184:  }
        -: 4185:
        -: 4186:  _GLIBCXX_NODISCARD
        -: 4187:  inline string
        -: 4188:  to_string(long __val)
        -: 4189:#if _GLIBCXX_USE_CXX11_ABI && (__CHAR_BIT__ * __SIZEOF_LONG__) <= 32
        -: 4190:  noexcept // any 32-bit value fits in the SSO buffer
        -: 4191:#endif
        -: 4192:  {
        -: 4193:    const bool __neg = __val < 0;
        -: 4194:    const unsigned long __uval = __neg ? (unsigned long)~__val + 1ul : __val;
        -: 4195:    const auto __len = __detail::__to_chars_len(__uval);
        -: 4196:    string __str(__neg + __len, '-');
        -: 4197:    __detail::__to_chars_10_impl(&__str[__neg], __len, __uval);
        -: 4198:    return __str;
        -: 4199:  }
        -: 4200:
        -: 4201:  _GLIBCXX_NODISCARD
        -: 4202:  inline string
        -: 4203:  to_string(unsigned long __val)
        -: 4204:#if _GLIBCXX_USE_CXX11_ABI && (__CHAR_BIT__ * __SIZEOF_LONG__) <= 32
        -: 4205:  noexcept // any 32-bit value fits in the SSO buffer
        -: 4206:#endif
        -: 4207:  {
        -: 4208:    string __str(__detail::__to_chars_len(__val), '\0');
        -: 4209:    __detail::__to_chars_10_impl(&__str[0], __str.size(), __val);
        -: 4210:    return __str;
        -: 4211:  }
        -: 4212:
        -: 4213:  _GLIBCXX_NODISCARD
        -: 4214:  inline string
        -: 4215:  to_string(long long __val)
        -: 4216:  {
        -: 4217:    const bool __neg = __val < 0;
        -: 4218:    const unsigned long long __uval
        -: 4219:      = __neg ? (unsigned long long)~__val + 1ull : __val;
        -: 4220:    const auto __len = __detail::__to_chars_len(__uval);
        -: 4221:    string __str(__neg + __len, '-');
        -: 4222:    __detail::__to_chars_10_impl(&__str[__neg], __len, __uval);
        -: 4223:    return __str;
        -: 4224:  }
        -: 4225:
        -: 4226:  _GLIBCXX_NODISCARD
        -: 4227:  inline string
        -: 4228:  to_string(unsigned long long __val)
        -: 4229:  {
        -: 4230:    string __str(__detail::__to_chars_len(__val), '\0');
        -: 4231:    __detail::__to_chars_10_impl(&__str[0], __str.size(), __val);
        -: 4232:    return __str;
        -: 4233:  }
        -: 4234:
        -: 4235:#if _GLIBCXX_USE_C99_STDIO
        -: 4236:  // NB: (v)snprintf vs sprintf.
        -: 4237:
        -: 4238:  _GLIBCXX_NODISCARD
        -: 4239:  inline string
        -: 4240:  to_string(float __val)
        -: 4241:  {
        -: 4242:    const int __n = 
        -: 4243:      __gnu_cxx::__numeric_traits<float>::__max_exponent10 + 20;
        -: 4244:    return __gnu_cxx::__to_xstring<string>(&std::vsnprintf, __n,
        -: 4245:					   "%f", __val);
        -: 4246:  }
        -: 4247:
        -: 4248:  _GLIBCXX_NODISCARD
        -: 4249:  inline string
        -: 4250:  to_string(double __val)
        -: 4251:  {
        -: 4252:    const int __n = 
        -: 4253:      __gnu_cxx::__numeric_traits<double>::__max_exponent10 + 20;
        -: 4254:    return __gnu_cxx::__to_xstring<string>(&std::vsnprintf, __n,
        -: 4255:					   "%f", __val);
        -: 4256:  }
        -: 4257:
        -: 4258:  _GLIBCXX_NODISCARD
        -: 4259:  inline string
        -: 4260:  to_string(long double __val)
        -: 4261:  {
        -: 4262:    const int __n = 
        -: 4263:      __gnu_cxx::__numeric_traits<long double>::__max_exponent10 + 20;
        -: 4264:    return __gnu_cxx::__to_xstring<string>(&std::vsnprintf, __n,
        -: 4265:					   "%Lf", __val);
        -: 4266:  }
        -: 4267:#endif // _GLIBCXX_USE_C99_STDIO
        -: 4268:
        -: 4269:#if defined(_GLIBCXX_USE_WCHAR_T) && _GLIBCXX_USE_C99_WCHAR
        -: 4270:  inline int 
        -: 4271:  stoi(const wstring& __str, size_t* __idx = 0, int __base = 10)
        -: 4272:  { return __gnu_cxx::__stoa<long, int>(&std::wcstol, "stoi", __str.c_str(),
        -: 4273:					__idx, __base); }
        -: 4274:
        -: 4275:  inline long 
        -: 4276:  stol(const wstring& __str, size_t* __idx = 0, int __base = 10)
        -: 4277:  { return __gnu_cxx::__stoa(&std::wcstol, "stol", __str.c_str(),
        -: 4278:			     __idx, __base); }
        -: 4279:
        -: 4280:  inline unsigned long
        -: 4281:  stoul(const wstring& __str, size_t* __idx = 0, int __base = 10)
        -: 4282:  { return __gnu_cxx::__stoa(&std::wcstoul, "stoul", __str.c_str(),
        -: 4283:			     __idx, __base); }
        -: 4284:
        -: 4285:  inline long long
        -: 4286:  stoll(const wstring& __str, size_t* __idx = 0, int __base = 10)
        -: 4287:  { return __gnu_cxx::__stoa(&std::wcstoll, "stoll", __str.c_str(),
        -: 4288:			     __idx, __base); }
        -: 4289:
        -: 4290:  inline unsigned long long
        -: 4291:  stoull(const wstring& __str, size_t* __idx = 0, int __base = 10)
        -: 4292:  { return __gnu_cxx::__stoa(&std::wcstoull, "stoull", __str.c_str(),
        -: 4293:			     __idx, __base); }
        -: 4294:
        -: 4295:  // NB: wcstof vs wcstod.
        -: 4296:  inline float
        -: 4297:  stof(const wstring& __str, size_t* __idx = 0)
        -: 4298:  { return __gnu_cxx::__stoa(&std::wcstof, "stof", __str.c_str(), __idx); }
        -: 4299:
        -: 4300:  inline double
        -: 4301:  stod(const wstring& __str, size_t* __idx = 0)
        -: 4302:  { return __gnu_cxx::__stoa(&std::wcstod, "stod", __str.c_str(), __idx); }
        -: 4303:
        -: 4304:  inline long double
        -: 4305:  stold(const wstring& __str, size_t* __idx = 0)
        -: 4306:  { return __gnu_cxx::__stoa(&std::wcstold, "stold", __str.c_str(), __idx); }
        -: 4307:
        -: 4308:#ifndef _GLIBCXX_HAVE_BROKEN_VSWPRINTF
        -: 4309:  // DR 1261.
        -: 4310:  _GLIBCXX_NODISCARD
        -: 4311:  inline wstring
        -: 4312:  to_wstring(int __val)
        -: 4313:  { return __gnu_cxx::__to_xstring<wstring>(&std::vswprintf, 4 * sizeof(int),
        -: 4314:					    L"%d", __val); }
        -: 4315:
        -: 4316:  _GLIBCXX_NODISCARD
        -: 4317:  inline wstring
        -: 4318:  to_wstring(unsigned __val)
        -: 4319:  { return __gnu_cxx::__to_xstring<wstring>(&std::vswprintf,
        -: 4320:					    4 * sizeof(unsigned),
        -: 4321:					    L"%u", __val); }
        -: 4322:
        -: 4323:  _GLIBCXX_NODISCARD
        -: 4324:  inline wstring
        -: 4325:  to_wstring(long __val)
        -: 4326:  { return __gnu_cxx::__to_xstring<wstring>(&std::vswprintf, 4 * sizeof(long),
        -: 4327:					    L"%ld", __val); }
        -: 4328:
        -: 4329:  _GLIBCXX_NODISCARD
        -: 4330:  inline wstring
        -: 4331:  to_wstring(unsigned long __val)
        -: 4332:  { return __gnu_cxx::__to_xstring<wstring>(&std::vswprintf,
        -: 4333:					    4 * sizeof(unsigned long),
        -: 4334:					    L"%lu", __val); }
        -: 4335:
        -: 4336:  _GLIBCXX_NODISCARD
        -: 4337:  inline wstring
        -: 4338:  to_wstring(long long __val)
        -: 4339:  { return __gnu_cxx::__to_xstring<wstring>(&std::vswprintf,
        -: 4340:					    4 * sizeof(long long),
        -: 4341:					    L"%lld", __val); }
        -: 4342:
        -: 4343:  _GLIBCXX_NODISCARD
        -: 4344:  inline wstring
        -: 4345:  to_wstring(unsigned long long __val)
        -: 4346:  { return __gnu_cxx::__to_xstring<wstring>(&std::vswprintf,
        -: 4347:					    4 * sizeof(unsigned long long),
        -: 4348:					    L"%llu", __val); }
        -: 4349:
        -: 4350:  _GLIBCXX_NODISCARD
        -: 4351:  inline wstring
        -: 4352:  to_wstring(float __val)
        -: 4353:  {
        -: 4354:    const int __n =
        -: 4355:      __gnu_cxx::__numeric_traits<float>::__max_exponent10 + 20;
        -: 4356:    return __gnu_cxx::__to_xstring<wstring>(&std::vswprintf, __n,
        -: 4357:					    L"%f", __val);
        -: 4358:  }
        -: 4359:
        -: 4360:  _GLIBCXX_NODISCARD
        -: 4361:  inline wstring
        -: 4362:  to_wstring(double __val)
        -: 4363:  {
        -: 4364:    const int __n =
        -: 4365:      __gnu_cxx::__numeric_traits<double>::__max_exponent10 + 20;
        -: 4366:    return __gnu_cxx::__to_xstring<wstring>(&std::vswprintf, __n,
        -: 4367:					    L"%f", __val);
        -: 4368:  }
        -: 4369:
        -: 4370:  _GLIBCXX_NODISCARD
        -: 4371:  inline wstring
        -: 4372:  to_wstring(long double __val)
        -: 4373:  {
        -: 4374:    const int __n =
        -: 4375:      __gnu_cxx::__numeric_traits<long double>::__max_exponent10 + 20;
        -: 4376:    return __gnu_cxx::__to_xstring<wstring>(&std::vswprintf, __n,
        -: 4377:					    L"%Lf", __val);
        -: 4378:  }
        -: 4379:#endif // _GLIBCXX_HAVE_BROKEN_VSWPRINTF
        -: 4380:#endif // _GLIBCXX_USE_WCHAR_T && _GLIBCXX_USE_C99_WCHAR
        -: 4381:
        -: 4382:_GLIBCXX_END_NAMESPACE_CXX11
        -: 4383:_GLIBCXX_END_NAMESPACE_VERSION
        -: 4384:} // namespace
        -: 4385:
        -: 4386:#endif /* C++11 */
        -: 4387:
        -: 4388:#if __cplusplus >= 201103L
        -: 4389:
        -: 4390:#include <bits/functional_hash.h>
        -: 4391:
        -: 4392:namespace std _GLIBCXX_VISIBILITY(default)
        -: 4393:{
        -: 4394:_GLIBCXX_BEGIN_NAMESPACE_VERSION
        -: 4395:
        -: 4396:  // _GLIBCXX_RESOLVE_LIB_DEFECTS
        -: 4397:  // 3705. Hashability shouldn't depend on basic_string's allocator
        -: 4398:
        -: 4399:  template<typename _CharT, typename _Alloc,
        -: 4400:	   typename _StrT = basic_string<_CharT, char_traits<_CharT>, _Alloc>>
        -: 4401:    struct __str_hash_base
        -: 4402:    : public __hash_base<size_t, _StrT>
        -: 4403:    {
        -: 4404:      [[__nodiscard__]]
        -: 4405:      size_t
        -: 4406:      operator()(const _StrT& __s) const noexcept
        -: 4407:      { return _Hash_impl::hash(__s.data(), __s.length() * sizeof(_CharT)); }
        -: 4408:    };
        -: 4409:
        -: 4410:#ifndef _GLIBCXX_COMPATIBILITY_CXX0X
        -: 4411:  /// std::hash specialization for string.
        -: 4412:  template<typename _Alloc>
        -: 4413:    struct hash<basic_string<char, char_traits<char>, _Alloc>>
        -: 4414:    : public __str_hash_base<char, _Alloc>
        -: 4415:    { };
        -: 4416:
        -: 4417:  /// std::hash specialization for wstring.
        -: 4418:  template<typename _Alloc>
        -: 4419:    struct hash<basic_string<wchar_t, char_traits<wchar_t>, _Alloc>>
        -: 4420:    : public __str_hash_base<wchar_t, _Alloc>
        -: 4421:    { };
        -: 4422:
        -: 4423:  template<typename _Alloc>
        -: 4424:    struct __is_fast_hash<hash<basic_string<wchar_t, char_traits<wchar_t>,
        -: 4425:					    _Alloc>>>
        -: 4426:    : std::false_type
        -: 4427:    { };
        -: 4428:#endif /* _GLIBCXX_COMPATIBILITY_CXX0X */
        -: 4429:
        -: 4430:#ifdef _GLIBCXX_USE_CHAR8_T
        -: 4431:  /// std::hash specialization for u8string.
        -: 4432:  template<typename _Alloc>
        -: 4433:    struct hash<basic_string<char8_t, char_traits<char8_t>, _Alloc>>
        -: 4434:    : public __str_hash_base<char8_t, _Alloc>
        -: 4435:    { };
        -: 4436:#endif
        -: 4437:
        -: 4438:  /// std::hash specialization for u16string.
        -: 4439:  template<typename _Alloc>
        -: 4440:    struct hash<basic_string<char16_t, char_traits<char16_t>, _Alloc>>
        -: 4441:    : public __str_hash_base<char16_t, _Alloc>
        -: 4442:    { };
        -: 4443:
        -: 4444:  /// std::hash specialization for u32string.
        -: 4445:  template<typename _Alloc>
        -: 4446:    struct hash<basic_string<char32_t, char_traits<char32_t>, _Alloc>>
        -: 4447:    : public __str_hash_base<char32_t, _Alloc>
        -: 4448:    { };
        -: 4449:
        -: 4450:#if ! _GLIBCXX_INLINE_VERSION
        -: 4451:  // PR libstdc++/105907 - __is_fast_hash affects unordered container ABI.
        -: 4452:  template<> struct __is_fast_hash<hash<string>> : std::false_type { };
        -: 4453:  template<> struct __is_fast_hash<hash<wstring>> : std::false_type { };
        -: 4454:  template<> struct __is_fast_hash<hash<u16string>> : std::false_type { };
        -: 4455:  template<> struct __is_fast_hash<hash<u32string>> : std::false_type { };
        -: 4456:#ifdef _GLIBCXX_USE_CHAR8_T
        -: 4457:  template<> struct __is_fast_hash<hash<u8string>> : std::false_type { };
        -: 4458:#endif
        -: 4459:#else
        -: 4460:  // For versioned namespace, assume every std::hash<basic_string<>> is slow.
        -: 4461:  template<typename _CharT, typename _Traits, typename _Alloc>
        -: 4462:    struct __is_fast_hash<hash<basic_string<_CharT, _Traits, _Alloc>>>
        -: 4463:    : std::false_type
        -: 4464:    { };
        -: 4465:#endif
        -: 4466:
        -: 4467:#if __cplusplus >= 201402L
        -: 4468:
        -: 4469:#define __cpp_lib_string_udls 201304L
        -: 4470:
        -: 4471:  inline namespace literals
        -: 4472:  {
        -: 4473:  inline namespace string_literals
        -: 4474:  {
        -: 4475:#pragma GCC diagnostic push
        -: 4476:#pragma GCC diagnostic ignored "-Wliteral-suffix"
        -: 4477:
        -: 4478:#if __cpp_lib_constexpr_string >= 201907L
        -: 4479:# define _GLIBCXX_STRING_CONSTEXPR constexpr
        -: 4480:#else
        -: 4481:# define _GLIBCXX_STRING_CONSTEXPR
        -: 4482:#endif
        -: 4483:
        -: 4484:    _GLIBCXX_DEFAULT_ABI_TAG _GLIBCXX_STRING_CONSTEXPR
        -: 4485:    inline basic_string<char>
        -: 4486:    operator""s(const char* __str, size_t __len)
        -: 4487:    { return basic_string<char>{__str, __len}; }
        -: 4488:
        -: 4489:    _GLIBCXX_DEFAULT_ABI_TAG _GLIBCXX_STRING_CONSTEXPR
        -: 4490:    inline basic_string<wchar_t>
        -: 4491:    operator""s(const wchar_t* __str, size_t __len)
        -: 4492:    { return basic_string<wchar_t>{__str, __len}; }
        -: 4493:
        -: 4494:#ifdef _GLIBCXX_USE_CHAR8_T
        -: 4495:    _GLIBCXX_DEFAULT_ABI_TAG _GLIBCXX_STRING_CONSTEXPR
        -: 4496:    inline basic_string<char8_t>
        -: 4497:    operator""s(const char8_t* __str, size_t __len)
        -: 4498:    { return basic_string<char8_t>{__str, __len}; }
        -: 4499:#endif
        -: 4500:
        -: 4501:    _GLIBCXX_DEFAULT_ABI_TAG _GLIBCXX_STRING_CONSTEXPR
        -: 4502:    inline basic_string<char16_t>
        -: 4503:    operator""s(const char16_t* __str, size_t __len)
        -: 4504:    { return basic_string<char16_t>{__str, __len}; }
        -: 4505:
        -: 4506:    _GLIBCXX_DEFAULT_ABI_TAG _GLIBCXX_STRING_CONSTEXPR
        -: 4507:    inline basic_string<char32_t>
        -: 4508:    operator""s(const char32_t* __str, size_t __len)
        -: 4509:    { return basic_string<char32_t>{__str, __len}; }
        -: 4510:
        -: 4511:#undef _GLIBCXX_STRING_CONSTEXPR
        -: 4512:#pragma GCC diagnostic pop
        -: 4513:  } // inline namespace string_literals
        -: 4514:  } // inline namespace literals
        -: 4515:
        -: 4516:#if __cplusplus >= 201703L
        -: 4517:  namespace __detail::__variant
        -: 4518:  {
        -: 4519:    template<typename> struct _Never_valueless_alt; // see <variant>
        -: 4520:
        -: 4521:    // Provide the strong exception-safety guarantee when emplacing a
        -: 4522:    // basic_string into a variant, but only if moving the string cannot throw.
        -: 4523:    template<typename _Tp, typename _Traits, typename _Alloc>
        -: 4524:      struct _Never_valueless_alt<std::basic_string<_Tp, _Traits, _Alloc>>
        -: 4525:      : __and_<
        -: 4526:	is_nothrow_move_constructible<std::basic_string<_Tp, _Traits, _Alloc>>,
        -: 4527:	is_nothrow_move_assignable<std::basic_string<_Tp, _Traits, _Alloc>>
        -: 4528:	>::type
        -: 4529:      { };
        -: 4530:  }  // namespace __detail::__variant
        -: 4531:#endif // C++17
        -: 4532:#endif // C++14
        -: 4533:
        -: 4534:_GLIBCXX_END_NAMESPACE_VERSION
        -: 4535:} // namespace std
        -: 4536:
        -: 4537:#endif // C++11
        -: 4538:
        -: 4539:#endif /* _BASIC_STRING_H */
