        -:    0:Source:D:/Projects/SoftAcademy/Tasks/googletest/googletest/src/gtest.cc
        -:    0:Graph:D:\Projects\SoftAcademy\Tasks\cmake-build-release-coverage\googletest\googletest\CMakeFiles\gtest.dir\src\gtest-all.cc.gcno
        -:    0:Data:D:\Projects\SoftAcademy\Tasks\cmake-build-release-coverage\googletest\googletest\CMakeFiles\gtest.dir\src\gtest-all.cc.gcda
        -:    0:Runs:1
        -:    1:// Copyright 2005, Google Inc.
        -:    2:// All rights reserved.
        -:    3://
        -:    4:// Redistribution and use in source and binary forms, with or without
        -:    5:// modification, are permitted provided that the following conditions are
        -:    6:// met:
        -:    7://
        -:    8://     * Redistributions of source code must retain the above copyright
        -:    9:// notice, this list of conditions and the following disclaimer.
        -:   10://     * Redistributions in binary form must reproduce the above
        -:   11:// copyright notice, this list of conditions and the following disclaimer
        -:   12:// in the documentation and/or other materials provided with the
        -:   13:// distribution.
        -:   14://     * Neither the name of Google Inc. nor the names of its
        -:   15:// contributors may be used to endorse or promote products derived from
        -:   16:// this software without specific prior written permission.
        -:   17://
        -:   18:// THIS SOFTWARE IS PROVIDED BY THE COPYRIGHT HOLDERS AND CONTRIBUTORS
        -:   19:// "AS IS" AND ANY EXPRESS OR IMPLIED WARRANTIES, INCLUDING, BUT NOT
        -:   20:// LIMITED TO, THE IMPLIED WARRANTIES OF MERCHANTABILITY AND FITNESS FOR
        -:   21:// A PARTICULAR PURPOSE ARE DISCLAIMED. IN NO EVENT SHALL THE COPYRIGHT
        -:   22:// OWNER OR CONTRIBUTORS BE LIABLE FOR ANY DIRECT, INDIRECT, INCIDENTAL,
        -:   23:// SPECIAL, EXEMPLARY, OR CONSEQUENTIAL DAMAGES (INCLUDING, BUT NOT
        -:   24:// LIMITED TO, PROCUREMENT OF SUBSTITUTE GOODS OR SERVICES; LOSS OF USE,
        -:   25:// DATA, OR PROFITS; OR BUSINESS INTERRUPTION) HOWEVER CAUSED AND ON ANY
        -:   26:// THEORY OF LIABILITY, WHETHER IN CONTRACT, STRICT LIABILITY, OR TORT
        -:   27:// (INCLUDING NEGLIGENCE OR OTHERWISE) ARISING IN ANY WAY OUT OF THE USE
        -:   28:// OF THIS SOFTWARE, EVEN IF ADVISED OF THE POSSIBILITY OF SUCH DAMAGE.
        -:   29:
        -:   30://
        -:   31:// The Google C++ Testing and Mocking Framework (Google Test)
        -:   32:
        -:   33:#include "gtest/gtest.h"
        -:   34:
        -:   35:#include <ctype.h>
        -:   36:#include <stdarg.h>
        -:   37:#include <stdio.h>
        -:   38:#include <stdlib.h>
        -:   39:#include <time.h>
        -:   40:#include <wchar.h>
        -:   41:#include <wctype.h>
        -:   42:
        -:   43:#include <algorithm>
        -:   44:#include <chrono>  // NOLINT
        -:   45:#include <cmath>
        -:   46:#include <csignal>  // NOLINT: raise(3) is used on some platforms
        -:   47:#include <cstdint>
        -:   48:#include <cstdlib>
        -:   49:#include <cstring>
        -:   50:#include <initializer_list>
        -:   51:#include <iomanip>
        -:   52:#include <ios>
        -:   53:#include <iostream>
        -:   54:#include <iterator>
        -:   55:#include <limits>
        -:   56:#include <list>
        -:   57:#include <map>
        -:   58:#include <ostream>  // NOLINT
        -:   59:#include <set>
        -:   60:#include <sstream>
        -:   61:#include <unordered_set>
        -:   62:#include <utility>
        -:   63:#include <vector>
        -:   64:
        -:   65:#include "gtest/gtest-assertion-result.h"
        -:   66:#include "gtest/gtest-spi.h"
        -:   67:#include "gtest/internal/custom/gtest.h"
        -:   68:#include "gtest/internal/gtest-port.h"
        -:   69:
        -:   70:#ifdef GTEST_OS_LINUX
        -:   71:
        -:   72:#include <fcntl.h>   // NOLINT
        -:   73:#include <limits.h>  // NOLINT
        -:   74:#include <sched.h>   // NOLINT
        -:   75:// Declares vsnprintf().  This header is not available on Windows.
        -:   76:#include <strings.h>   // NOLINT
        -:   77:#include <sys/mman.h>  // NOLINT
        -:   78:#include <sys/time.h>  // NOLINT
        -:   79:#include <unistd.h>    // NOLINT
        -:   80:
        -:   81:#include <string>
        -:   82:
        -:   83:#elif defined(GTEST_OS_ZOS)
        -:   84:#include <sys/time.h>  // NOLINT
        -:   85:
        -:   86:// On z/OS we additionally need strings.h for strcasecmp.
        -:   87:#include <strings.h>   // NOLINT
        -:   88:
        -:   89:#elif defined(GTEST_OS_WINDOWS_MOBILE)  // We are on Windows CE.
        -:   90:
        -:   91:#include <windows.h>  // NOLINT
        -:   92:#undef min
        -:   93:
        -:   94:#elif defined(GTEST_OS_WINDOWS)  // We are on Windows proper.
        -:   95:
        -:   96:#include <windows.h>  // NOLINT
        -:   97:#undef min
        -:   98:
        -:   99:#ifdef _MSC_VER
        -:  100:#include <crtdbg.h>  // NOLINT
        -:  101:#endif
        -:  102:
        -:  103:#include <io.h>         // NOLINT
        -:  104:#include <sys/stat.h>   // NOLINT
        -:  105:#include <sys/timeb.h>  // NOLINT
        -:  106:#include <sys/types.h>  // NOLINT
        -:  107:
        -:  108:#ifdef GTEST_OS_WINDOWS_MINGW
        -:  109:#include <sys/time.h>  // NOLINT
        -:  110:#endif                 // GTEST_OS_WINDOWS_MINGW
        -:  111:
        -:  112:#else
        -:  113:
        -:  114:// cpplint thinks that the header is already included, so we want to
        -:  115:// silence it.
        -:  116:#include <sys/time.h>  // NOLINT
        -:  117:#include <unistd.h>    // NOLINT
        -:  118:
        -:  119:#endif  // GTEST_OS_LINUX
        -:  120:
        -:  121:#if GTEST_HAS_EXCEPTIONS
        -:  122:#include <stdexcept>
        -:  123:#endif
        -:  124:
        -:  125:#if GTEST_CAN_STREAM_RESULTS_
        -:  126:#include <arpa/inet.h>   // NOLINT
        -:  127:#include <netdb.h>       // NOLINT
        -:  128:#include <sys/socket.h>  // NOLINT
        -:  129:#include <sys/types.h>   // NOLINT
        -:  130:#endif
        -:  131:
        -:  132:#include "src/gtest-internal-inl.h"
        -:  133:
        -:  134:#ifdef GTEST_OS_WINDOWS
        -:  135:#define vsnprintf _vsnprintf
        -:  136:#endif  // GTEST_OS_WINDOWS
        -:  137:
        -:  138:#ifdef GTEST_OS_MAC
        -:  139:#ifndef GTEST_OS_IOS
        -:  140:#include <crt_externs.h>
        -:  141:#endif
        -:  142:#endif
        -:  143:
        -:  144:#ifdef GTEST_HAS_ABSL
        -:  145:#include "absl/container/flat_hash_set.h"
        -:  146:#include "absl/debugging/failure_signal_handler.h"
        -:  147:#include "absl/debugging/stacktrace.h"
        -:  148:#include "absl/debugging/symbolize.h"
        -:  149:#include "absl/flags/parse.h"
        -:  150:#include "absl/flags/usage.h"
        -:  151:#include "absl/strings/str_cat.h"
        -:  152:#include "absl/strings/str_replace.h"
        -:  153:#include "absl/strings/string_view.h"
        -:  154:#include "absl/strings/strip.h"
        -:  155:#endif  // GTEST_HAS_ABSL
        -:  156:
        -:  157:// Checks builtin compiler feature |x| while avoiding an extra layer of #ifdefs
        -:  158:// at the callsite.
        -:  159:#if defined(__has_builtin)
        -:  160:#define GTEST_HAS_BUILTIN(x) __has_builtin(x)
        -:  161:#else
        -:  162:#define GTEST_HAS_BUILTIN(x) 0
        -:  163:#endif  // defined(__has_builtin)
        -:  164:
        -:  165:#if defined(GTEST_HAS_ABSL) && !defined(GTEST_NO_ABSL_FLAGS)
        -:  166:#define GTEST_HAS_ABSL_FLAGS
        -:  167:#endif
        -:  168:
        -:  169:namespace testing {
        -:  170:
        -:  171:using internal::CountIf;
        -:  172:using internal::ForEach;
        -:  173:using internal::GetElementOr;
        -:  174:using internal::Shuffle;
        -:  175:
        -:  176:// Constants.
        -:  177:
        -:  178:// A test whose test suite name or test name matches this filter is
        -:  179:// disabled and not run.
        -:  180:static const char kDisableTestFilter[] = "DISABLED_*:*/DISABLED_*";
        -:  181:
        -:  182:// A test suite whose name matches this filter is considered a death
        -:  183:// test suite and will be run before test suites whose name doesn't
        -:  184:// match this filter.
        -:  185:static const char kDeathTestSuiteFilter[] = "*DeathTest:*DeathTest/*";
        -:  186:
        -:  187:// A test filter that matches everything.
        -:  188:static const char kUniversalFilter[] = "*";
        -:  189:
        -:  190:// The default output format.
        -:  191:static const char kDefaultOutputFormat[] = "xml";
        -:  192:// The default output file.
        -:  193:static const char kDefaultOutputFile[] = "test_detail";
        -:  194:
        -:  195:// The environment variable name for the test shard index.
        -:  196:static const char kTestShardIndex[] = "GTEST_SHARD_INDEX";
        -:  197:// The environment variable name for the total number of test shards.
        -:  198:static const char kTestTotalShards[] = "GTEST_TOTAL_SHARDS";
        -:  199:// The environment variable name for the test shard status file.
        -:  200:static const char kTestShardStatusFile[] = "GTEST_SHARD_STATUS_FILE";
        -:  201:
        -:  202:namespace internal {
        -:  203:
        -:  204:// The text used in failure messages to indicate the start of the
        -:  205:// stack trace.
        -:  206:const char kStackTraceMarker[] = "\nStack trace:\n";
        -:  207:
        -:  208:// g_help_flag is true if and only if the --help flag or an equivalent form
        -:  209:// is specified on the command line.
        -:  210:bool g_help_flag = false;
        -:  211:
        -:  212:#if GTEST_HAS_FILE_SYSTEM
        -:  213:// Utility function to Open File for Writing
function _ZN7testing8internalL18OpenFileForWritingERKNSt7__cxx1112basic_stringIcSt11char_traitsIcESaIcEEE called 0 returned 0% blocks executed 0%
    #####:  214:static FILE* OpenFileForWriting(const std::string& output_file) {
    %%%%%:  214-block  0
call    0 never executed
        -:  215:  FILE* fileout = nullptr;
    #####:  216:  FilePath output_file_path(output_file);
    #####:  217:  FilePath output_dir(output_file_path.RemoveFileName());
call    0 never executed
branch  1 never executed (fallthrough)
branch  2 never executed (throw)
        -:  218:
    #####:  219:  if (output_dir.CreateDirectoriesRecursively()) {
    %%%%%:  219-block  0
call    0 never executed
branch  1 never executed (fallthrough)
branch  2 never executed (throw)
    %%%%%:  219-block  1
branch  3 never executed (fallthrough)
branch  4 never executed
        -:  220:    fileout = posix::FOpen(output_file.c_str(), "w");
        -:  221:  }
    #####:  222:  if (fileout == nullptr) {
    %%%%%:  222-block  0
branch  0 never executed (fallthrough)
branch  1 never executed
    #####:  223:    GTEST_LOG_(FATAL) << "Unable to open file \"" << output_file << "\"";
    %%%%%:  223-block  0
call    0 never executed
branch  1 never executed (fallthrough)
branch  2 never executed (throw)
    %%%%%:  223-block  1
call    3 never executed
branch  4 never executed (fallthrough)
branch  5 never executed (throw)
    %%%%%:  223-block  2
call    6 never executed
    $$$$$:  223-block  3
call    7 never executed
    $$$$$:  223-block  4
call    8 never executed
        -:  224:  }
    #####:  225:  return fileout;
        -:  226:}
        -:  227:#endif  // GTEST_HAS_FILE_SYSTEM
        -:  228:
        -:  229:}  // namespace internal
        -:  230:
        -:  231:// Bazel passes in the argument to '--test_filter' via the TESTBRIDGE_TEST_ONLY
        -:  232:// environment variable.
        -:  233:static const char* GetDefaultFilter() {
        -:  234:  const char* const testbridge_test_only =
        -:  235:      internal::posix::GetEnv("TESTBRIDGE_TEST_ONLY");
        -:  236:  if (testbridge_test_only != nullptr) {
        -:  237:    return testbridge_test_only;
        -:  238:  }
        -:  239:  return kUniversalFilter;
        -:  240:}
        -:  241:
        -:  242:// Bazel passes in the argument to '--test_runner_fail_fast' via the
        -:  243:// TESTBRIDGE_TEST_RUNNER_FAIL_FAST environment variable.
function _ZN7testingL18GetDefaultFailFastEv called 1 returned 100% blocks executed 75%
        1:  244:static bool GetDefaultFailFast() {
        1:  244-block  0
call    0 returned 1
        -:  245:  const char* const testbridge_test_runner_fail_fast =
        -:  246:      internal::posix::GetEnv("TESTBRIDGE_TEST_RUNNER_FAIL_FAST");
        1:  247:  if (testbridge_test_runner_fail_fast != nullptr) {
branch  0 taken 0 (fallthrough)
branch  1 taken 1
    #####:  248:    return strcmp(testbridge_test_runner_fail_fast, "1") == 0;
    %%%%%:  248-block  0
        -:  249:  }
        -:  250:  return false;
        -:  251:}
        -:  252:
        -:  253:}  // namespace testing
        -:  254:
        -:  255:GTEST_DEFINE_bool_(
        -:  256:    fail_fast,
        -:  257:    testing::internal::BoolFromGTestEnv("fail_fast",
        -:  258:                                        testing::GetDefaultFailFast()),
        -:  259:    "True if and only if a test failure should stop further test execution.");
        -:  260:
        -:  261:GTEST_DEFINE_bool_(
        -:  262:    also_run_disabled_tests,
        -:  263:    testing::internal::BoolFromGTestEnv("also_run_disabled_tests", false),
        -:  264:    "Run disabled tests too, in addition to the tests normally being run.");
        -:  265:
        -:  266:GTEST_DEFINE_bool_(
        -:  267:    break_on_failure,
        -:  268:    testing::internal::BoolFromGTestEnv("break_on_failure", false),
        -:  269:    "True if and only if a failed assertion should be a debugger "
        -:  270:    "break-point.");
        -:  271:
        -:  272:GTEST_DEFINE_bool_(catch_exceptions,
        -:  273:                   testing::internal::BoolFromGTestEnv("catch_exceptions",
        -:  274:                                                       true),
        -:  275:                   "True if and only if " GTEST_NAME_
        -:  276:                   " should catch exceptions and treat them as test failures.");
        -:  277:
        -:  278:GTEST_DEFINE_string_(
        -:  279:    color, testing::internal::StringFromGTestEnv("color", "auto"),
        -:  280:    "Whether to use colors in the output.  Valid values: yes, no, "
        -:  281:    "and auto.  'auto' means to use colors if the output is "
        -:  282:    "being sent to a terminal and the TERM environment variable "
        -:  283:    "is set to a terminal type that supports colors.");
        -:  284:
        -:  285:GTEST_DEFINE_string_(
        -:  286:    filter,
        -:  287:    testing::internal::StringFromGTestEnv("filter",
        -:  288:                                          testing::GetDefaultFilter()),
        -:  289:    "A colon-separated list of glob (not regex) patterns "
        -:  290:    "for filtering the tests to run, optionally followed by a "
        -:  291:    "'-' and a : separated list of negative patterns (tests to "
        -:  292:    "exclude).  A test is run if it matches one of the positive "
        -:  293:    "patterns and does not match any of the negative patterns.");
        -:  294:
        -:  295:GTEST_DEFINE_bool_(
        -:  296:    install_failure_signal_handler,
        -:  297:    testing::internal::BoolFromGTestEnv("install_failure_signal_handler",
        -:  298:                                        false),
        -:  299:    "If true and supported on the current platform, " GTEST_NAME_
        -:  300:    " should "
        -:  301:    "install a signal handler that dumps debugging information when fatal "
        -:  302:    "signals are raised.");
        -:  303:
        -:  304:GTEST_DEFINE_bool_(list_tests, false, "List all tests without running them.");
        -:  305:
        -:  306:// The net priority order after flag processing is thus:
        -:  307://   --gtest_output command line flag
        -:  308://   GTEST_OUTPUT environment variable
        -:  309://   XML_OUTPUT_FILE environment variable
        -:  310://   ''
        -:  311:GTEST_DEFINE_string_(
        -:  312:    output,
        -:  313:    testing::internal::StringFromGTestEnv(
        -:  314:        "output", testing::internal::OutputFlagAlsoCheckEnvVar().c_str()),
        -:  315:    "A format (defaults to \"xml\" but can be specified to be \"json\"), "
        -:  316:    "optionally followed by a colon and an output file name or directory. "
        -:  317:    "A directory is indicated by a trailing pathname separator. "
        -:  318:    "Examples: \"xml:filename.xml\", \"xml::directoryname/\". "
        -:  319:    "If a directory is specified, output files will be created "
        -:  320:    "within that directory, with file-names based on the test "
        -:  321:    "executable's name and, if necessary, made unique by adding "
        -:  322:    "digits.");
        -:  323:
        -:  324:GTEST_DEFINE_bool_(
        -:  325:    brief, testing::internal::BoolFromGTestEnv("brief", false),
        -:  326:    "True if only test failures should be displayed in text output.");
        -:  327:
        -:  328:GTEST_DEFINE_bool_(print_time,
        -:  329:                   testing::internal::BoolFromGTestEnv("print_time", true),
        -:  330:                   "True if and only if " GTEST_NAME_
        -:  331:                   " should display elapsed time in text output.");
        -:  332:
        -:  333:GTEST_DEFINE_bool_(print_utf8,
        -:  334:                   testing::internal::BoolFromGTestEnv("print_utf8", true),
        -:  335:                   "True if and only if " GTEST_NAME_
        -:  336:                   " prints UTF8 characters as text.");
        -:  337:
        -:  338:GTEST_DEFINE_int32_(
        -:  339:    random_seed, testing::internal::Int32FromGTestEnv("random_seed", 0),
        -:  340:    "Random number seed to use when shuffling test orders.  Must be in range "
        -:  341:    "[1, 99999], or 0 to use a seed based on the current time.");
        -:  342:
        -:  343:GTEST_DEFINE_int32_(
        -:  344:    repeat, testing::internal::Int32FromGTestEnv("repeat", 1),
        -:  345:    "How many times to repeat each test.  Specify a negative number "
        -:  346:    "for repeating forever.  Useful for shaking out flaky tests.");
        -:  347:
        -:  348:GTEST_DEFINE_bool_(
        -:  349:    recreate_environments_when_repeating,
        -:  350:    testing::internal::BoolFromGTestEnv("recreate_environments_when_repeating",
        -:  351:                                        false),
        -:  352:    "Controls whether global test environments are recreated for each repeat "
        -:  353:    "of the tests. If set to false the global test environments are only set "
        -:  354:    "up once, for the first iteration, and only torn down once, for the last. "
        -:  355:    "Useful for shaking out flaky tests with stable, expensive test "
        -:  356:    "environments. If --gtest_repeat is set to a negative number, meaning "
        -:  357:    "there is no last run, the environments will always be recreated to avoid "
        -:  358:    "leaks.");
        -:  359:
        -:  360:GTEST_DEFINE_bool_(show_internal_stack_frames, false,
        -:  361:                   "True if and only if " GTEST_NAME_
        -:  362:                   " should include internal stack frames when "
        -:  363:                   "printing test failure stack traces.");
        -:  364:
        -:  365:GTEST_DEFINE_bool_(shuffle,
        -:  366:                   testing::internal::BoolFromGTestEnv("shuffle", false),
        -:  367:                   "True if and only if " GTEST_NAME_
        -:  368:                   " should randomize tests' order on every run.");
        -:  369:
        -:  370:GTEST_DEFINE_int32_(
        -:  371:    stack_trace_depth,
        -:  372:    testing::internal::Int32FromGTestEnv("stack_trace_depth",
        -:  373:                                         testing::kMaxStackTraceDepth),
        -:  374:    "The maximum number of stack frames to print when an "
        -:  375:    "assertion fails.  The valid range is 0 through 100, inclusive.");
        -:  376:
        -:  377:GTEST_DEFINE_string_(
        -:  378:    stream_result_to,
        -:  379:    testing::internal::StringFromGTestEnv("stream_result_to", ""),
        -:  380:    "This flag specifies the host name and the port number on which to stream "
        -:  381:    "test results. Example: \"localhost:555\". The flag is effective only on "
        -:  382:    "Linux and macOS.");
        -:  383:
        -:  384:GTEST_DEFINE_bool_(
        -:  385:    throw_on_failure,
        -:  386:    testing::internal::BoolFromGTestEnv("throw_on_failure", false),
        -:  387:    "When this flag is specified, a failed assertion will throw an exception "
        -:  388:    "if exceptions are enabled or exit the program with a non-zero code "
        -:  389:    "otherwise. For use with an external test framework.");
        -:  390:
        -:  391:#if GTEST_USE_OWN_FLAGFILE_FLAG_
        -:  392:GTEST_DEFINE_string_(
        -:  393:    flagfile, testing::internal::StringFromGTestEnv("flagfile", ""),
        -:  394:    "This flag specifies the flagfile to read command-line flags from.");
        -:  395:#endif  // GTEST_USE_OWN_FLAGFILE_FLAG_
        -:  396:
        -:  397:namespace testing {
        -:  398:namespace internal {
        -:  399:
        -:  400:const uint32_t Random::kMaxRange;
        -:  401:
        -:  402:// Generates a random number from [0, range), using a Linear
        -:  403:// Congruential Generator (LCG).  Crashes if 'range' is 0 or greater
        -:  404:// than kMaxRange.
function _ZN7testing8internal6Random8GenerateEj called 0 returned 0% blocks executed 0%
    #####:  405:uint32_t Random::Generate(uint32_t range) {
        -:  406:  // These constants are the same as are used in glibc's rand(3).
        -:  407:  // Use wider types than necessary to prevent unsigned overflow diagnostics.
    #####:  408:  state_ = static_cast<uint32_t>(1103515245ULL * state_ + 12345U) % kMaxRange;
        -:  409:
    #####:  410:  GTEST_CHECK_(range > 0) << "Cannot generate a number in the range [0, 0).";
    %%%%%:  410-block  0
branch  0 never executed (fallthrough)
branch  1 never executed
    %%%%%:  410-block  1
call    2 never executed
    %%%%%:  410-block  2
call    3 never executed
branch  4 never executed (fallthrough)
branch  5 never executed (throw)
    %%%%%:  410-block  3
call    6 never executed
    $$$$$:  410-block  4
call    7 never executed
    #####:  411:  GTEST_CHECK_(range <= kMaxRange)
    %%%%%:  411-block  0
branch  0 never executed (fallthrough)
branch  1 never executed
    %%%%%:  411-block  1
call    2 never executed
    %%%%%:  411-block  2
call    3 never executed
    $$$$$:  411-block  3
call    4 never executed
        -:  412:      << "Generation of a number in [0, " << range << ") was requested, "
    #####:  413:      << "but this can only generate numbers in [0, " << kMaxRange << ").";
    %%%%%:  413-block  0
call    0 never executed
branch  1 never executed (fallthrough)
branch  2 never executed (throw)
        -:  414:
        -:  415:  // Converting via modulus introduces a bit of downward bias, but
        -:  416:  // it's simple, and a linear congruential generator isn't too good
        -:  417:  // to begin with.
    #####:  418:  return state_ % range;
    %%%%%:  418-block  0
        -:  419:}
        -:  420:
        -:  421:// GTestIsInitialized() returns true if and only if the user has initialized
        -:  422:// Google Test.  Useful for catching the user mistake of not initializing
        -:  423:// Google Test before calling RUN_ALL_TESTS().
function _ZN7testing8internalL18GTestIsInitializedEv called 2 returned 100% blocks executed 100%
        2:  424:static bool GTestIsInitialized() { return !GetArgvs().empty(); }
call    0 returned 2
        -:  425:
        -:  426:// Iterates over a vector of TestSuites, keeping a running sum of the
        -:  427:// results of calling a given int-returning method on each.
        -:  428:// Returns the sum.
function _ZN7testing8internalL20SumOverTestSuiteListERKSt6vectorIPNS_9TestSuiteESaIS3_EEMS2_KFivE called 5 returned 100% blocks executed 86%
        5:  429:static int SumOverTestSuiteList(const std::vector<TestSuite*>& case_list,
        -:  430:                                int (TestSuite::*method)() const) {
        -:  431:  int sum = 0;
       25:  432:  for (size_t i = 0; i < case_list.size(); i++) {
        5:  432-block  0
       25:  432-block  1
branch  0 taken 20
branch  1 taken 5 (fallthrough)
      20*:  433:    sum += (case_list[i]->*method)();
       20:  433-block  0
branch  0 taken 0 (fallthrough)
branch  1 taken 20
    %%%%%:  433-block  1
       20:  433-block  2
call    2 returned 20
        -:  434:  }
        5:  435:  return sum;
        -:  436:}
        -:  437:
        -:  438:// Returns true if and only if the test suite passed.
function _ZN7testing8internalL15TestSuitePassedEPKNS_9TestSuiteE called 0 returned 0% blocks executed 0%
    #####:  439:static bool TestSuitePassed(const TestSuite* test_suite) {
    %%%%%:  439-block  0
branch  0 never executed (fallthrough)
branch  1 never executed
    #####:  440:  return test_suite->should_run() && test_suite->Passed();
    %%%%%:  440-block  0
branch  0 never executed (fallthrough)
branch  1 never executed
branch  2 never executed (fallthrough)
branch  3 never executed
        -:  441:}
        -:  442:
        -:  443:// Returns true if and only if the test suite failed.
function _ZN7testing8internalL15TestSuiteFailedEPKNS_9TestSuiteE called 8 returned 100% blocks executed 100%
        8:  444:static bool TestSuiteFailed(const TestSuite* test_suite) {
        8:  444-block  0
branch  0 taken 8 (fallthrough)
branch  1 taken 0
        8:  445:  return test_suite->should_run() && test_suite->Failed();
        8:  445-block  0
branch  0 taken 8 (fallthrough)
branch  1 taken 0
        8:  445-block  1
call    2 returned 8
branch  3 taken 8 (fallthrough)
branch  4 taken 0
        -:  446:}
        -:  447:
        -:  448:// Returns true if and only if test_suite contains at least one test that
        -:  449:// should run.
function _ZN7testing8internalL18ShouldRunTestSuiteEPKNS_9TestSuiteE called 8 returned 100% blocks executed 100%
        8:  450:static bool ShouldRunTestSuite(const TestSuite* test_suite) {
        8:  451:  return test_suite->should_run();
        -:  452:}
        -:  453:
        -:  454:namespace {
        -:  455:
        -:  456:// Returns true if test part results of type `type` should include a stack
        -:  457:// trace.
        -:  458:bool ShouldEmitStackTraceForResultType(TestPartResult::Type type) {
        -:  459:  // Suppress emission of the stack trace for SUCCEED() since it likely never
        -:  460:  // requires investigation, and GTEST_SKIP() since skipping is an intentional
        -:  461:  // act by the developer rather than a failure requiring investigation.
    #####:  462:  return type != TestPartResult::kSuccess && type != TestPartResult::kSkip;
        -:  463:}
        -:  464:
        -:  465:}  // namespace
        -:  466:
        -:  467:// AssertHelper constructor.
function _ZN7testing8internal12AssertHelperC2ENS_14TestPartResult4TypeEPKciS5_ called 0 returned 0% blocks executed 0%
    #####:  468:AssertHelper::AssertHelper(TestPartResult::Type type, const char* file,
    #####:  469:                           int line, const char* message)
    #####:  470:    : data_(new AssertHelperData(type, file, line, message)) {}
    %%%%%:  470-block  0
call    0 never executed
    %%%%%:  470-block  1
    $$$$$:  470-block  2
call    1 never executed
        -:  471:
function _ZN7testing8internal12AssertHelperD2Ev called 0 returned 0% blocks executed 0%
    #####:  472:AssertHelper::~AssertHelper() { delete data_; }
    %%%%%:  472-block  0
branch  0 never executed (fallthrough)
branch  1 never executed
call    2 never executed
        -:  473:
        -:  474:// Message assignment, for assertion streaming support.
function _ZNK7testing8internal12AssertHelperaSERKNS_7MessageE called 0 returned 0% blocks executed 0%
    #####:  475:void AssertHelper::operator=(const Message& message) const {
    #####:  476:  UnitTest::GetInstance()->AddTestPartResult(
    %%%%%:  476-block  0
call    0 never executed
    #####:  477:      data_->type, data_->file, data_->line,
    %%%%%:  477-block  0
call    0 never executed
branch  1 never executed (fallthrough)
branch  2 never executed (throw)
    #####:  478:      AppendUserMessage(data_->message, message),
    %%%%%:  478-block  0
call    0 never executed
branch  1 never executed (fallthrough)
branch  2 never executed (throw)
call    3 never executed
    $$$$$:  478-block  1
call    4 never executed
    #####:  479:      ShouldEmitStackTraceForResultType(data_->type)
    #####:  480:          ? UnitTest::GetInstance()->impl()->CurrentOsStackTraceExceptTop(1)
branch  0 never executed (fallthrough)
branch  1 never executed
    %%%%%:  480-block  0
call    2 never executed
call    3 never executed
    %%%%%:  480-block  1
call    4 never executed
        -:  481:          : ""
        -:  482:      // Skips the stack frame for this function itself.
        -:  483:  );  // NOLINT
    #####:  484:}
        -:  485:
        -:  486:namespace {
        -:  487:
        -:  488:// When TEST_P is found without a matching INSTANTIATE_TEST_SUITE_P
        -:  489:// to creates test cases for it, a synthetic test case is
        -:  490:// inserted to report ether an error or a log message.
        -:  491://
        -:  492:// This configuration bit will likely be removed at some point.
        -:  493:constexpr bool kErrorOnUninstantiatedParameterizedTest = true;
        -:  494:constexpr bool kErrorOnUninstantiatedTypeParameterizedTest = true;
        -:  495:
        -:  496:// A test that fails at a given file/line location with a given message.
        -:  497:class FailureTest : public Test {
        -:  498: public:
function _ZN7testing8internal12_GLOBAL__N_111FailureTestC2ERKNS0_12CodeLocationENSt7__cxx1112basic_stringIcSt11char_traitsIcESaIcEEEb called 0 returned 0% blocks executed 0%
    #####:  499:  explicit FailureTest(const CodeLocation& loc, std::string error_message,
        -:  500:                       bool as_error)
    #####:  501:      : loc_(loc),
    #####:  502:        error_message_(std::move(error_message)),
    %%%%%:  502-block  0
call    0 never executed
    #####:  503:        as_error_(as_error) {}
    %%%%%:  503-block  0
call    0 never executed
call    1 never executed
branch  2 never executed (fallthrough)
branch  3 never executed (throw)
        -:  504:
function _ZN7testing8internal12_GLOBAL__N_111FailureTest8TestBodyEv called 0 returned 0% blocks executed 0%
    #####:  505:  void TestBody() override {
    #####:  506:    if (as_error_) {
    %%%%%:  506-block  0
branch  0 never executed (fallthrough)
branch  1 never executed
    #####:  507:      AssertHelper(TestPartResult::kNonFatalFailure, loc_.file.c_str(),
    %%%%%:  507-block  0
call    0 never executed
branch  1 never executed (fallthrough)
branch  2 never executed (throw)
    %%%%%:  507-block  1
call    3 never executed
branch  4 never executed (fallthrough)
branch  5 never executed
    $$$$$:  507-block  2
call    6 never executed
    $$$$$:  507-block  3
branch  7 never executed (fallthrough)
branch  8 never executed
    #####:  508:                   loc_.line, "") = Message() << error_message_;
    %%%%%:  508-block  0
call    0 never executed
    %%%%%:  508-block  1
call    1 never executed
branch  2 never executed (fallthrough)
branch  3 never executed (throw)
    %%%%%:  508-block  2
call    4 never executed
branch  5 never executed (fallthrough)
branch  6 never executed (throw)
    %%%%%:  508-block  3
        -:  509:    } else {
        -:  510:      std::cout << error_message_ << std::endl;
        -:  511:    }
    #####:  512:  }
    %%%%%:  512-block  0
        -:  513:
        -:  514: private:
        -:  515:  const CodeLocation loc_;
        -:  516:  const std::string error_message_;
        -:  517:  const bool as_error_;
        -:  518:};
        -:  519:
        -:  520:}  // namespace
        -:  521:
function _ZN7testing8internal33GetIgnoredParameterizedTestSuitesB5cxx11Ev called 0 returned 0% blocks executed 0%
    #####:  522:std::set<std::string>* GetIgnoredParameterizedTestSuites() {
    #####:  523:  return UnitTest::GetInstance()->impl()->ignored_parameterized_test_suites();
    %%%%%:  523-block  0
call    0 never executed
        -:  524:}
        -:  525:
        -:  526:// Add a given test_suit to the list of them allow to go un-instantiated.
function _ZN7testing8internal13MarkAsIgnoredC2EPKc called 0 returned 0% blocks executed 0%
    #####:  527:MarkAsIgnored::MarkAsIgnored(const char* test_suite) {
    %%%%%:  527-block  0
call    0 never executed
    #####:  528:  GetIgnoredParameterizedTestSuites()->insert(test_suite);
call    0 never executed
    #####:  529:}
        -:  530:
        -:  531:// If this parameterized test suite has no instantiations (and that
        -:  532:// has not been marked as okay), emit a test case reporting that.
function _ZN7testing8internal23InsertSyntheticTestCaseERKNSt7__cxx1112basic_stringIcSt11char_traitsIcESaIcEEENS0_12CodeLocationEb called 0 returned 0% blocks executed 0%
    #####:  533:void InsertSyntheticTestCase(const std::string& name, CodeLocation location,
    %%%%%:  533-block  0
call    0 never executed
        -:  534:                             bool has_test_p) {
        -:  535:  const auto& ignored = *GetIgnoredParameterizedTestSuites();
    #####:  536:  if (ignored.find(name) != ignored.end()) return;
branch  0 never executed (fallthrough)
branch  1 never executed
    %%%%%:  536-block  0
        -:  537:
    #####:  538:  const char kMissingInstantiation[] =  //
        -:  539:      " is defined via TEST_P, but never instantiated. None of the test "
        -:  540:      "cases "
        -:  541:      "will run. Either no INSTANTIATE_TEST_SUITE_P is provided or the only "
        -:  542:      "ones provided expand to nothing."
        -:  543:      "\n\n"
        -:  544:      "Ideally, TEST_P definitions should only ever be included as part of "
        -:  545:      "binaries that intend to use them. (As opposed to, for example, being "
        -:  546:      "placed in a library that may be linked in to get other utilities.)";
        -:  547:
    #####:  548:  const char kMissingTestCase[] =  //
        -:  549:      " is instantiated via INSTANTIATE_TEST_SUITE_P, but no tests are "
        -:  550:      "defined via TEST_P . No test cases will run."
        -:  551:      "\n\n"
        -:  552:      "Ideally, INSTANTIATE_TEST_SUITE_P should only ever be invoked from "
        -:  553:      "code that always depend on code that provides TEST_P. Failing to do "
        -:  554:      "so is often an indication of dead code, e.g. the last TEST_P was "
        -:  555:      "removed but the rest got left behind.";
        -:  556:
        -:  557:  std::string message =
    #####:  558:      "Parameterized test suite " + name +
    %%%%%:  558-block  0
branch  0 never executed (fallthrough)
branch  1 never executed
    %%%%%:  558-block  1
call    2 never executed
    #####:  559:      (has_test_p ? kMissingInstantiation : kMissingTestCase) +
        -:  560:      "\n\n"
        -:  561:      "To suppress this error for this test suite, insert the following line "
        -:  562:      "(in a non-header) in the namespace it is defined in:"
        -:  563:      "\n\n"
    #####:  564:      "GTEST_ALLOW_UNINSTANTIATED_PARAMETERIZED_TEST(" +
        -:  565:      name + ");";
        -:  566:
    #####:  567:  std::string full_name = "UninstantiatedParameterizedTestSuite<" + name + ">";
call    0 never executed
branch  1 never executed (fallthrough)
branch  2 never executed (throw)
call    3 never executed
branch  4 never executed (fallthrough)
branch  5 never executed (throw)
    $$$$$:  567-block  0
call    6 never executed
    #####:  568:  RegisterTest(  //
    %%%%%:  568-block  0
call    0 never executed
branch  1 never executed (fallthrough)
branch  2 never executed (throw)
        -:  569:      "GoogleTestVerification", full_name.c_str(),
        -:  570:      nullptr,  // No type parameter.
        -:  571:      nullptr,  // No value parameter.
function _ZZN7testing8internal23InsertSyntheticTestCaseERKNSt7__cxx1112basic_stringIcSt11char_traitsIcESaIcEEENS0_12CodeLocationEbENKUlvE_clEv called 0 returned 0% blocks executed 0%
    #####:  572:      location.file.c_str(), location.line, [message, location] {
call    0 never executed
    %%%%%:  572-block  0
call    1 never executed
call    2 never executed
    $$$$$:  572-block  1
call    3 never executed
    #####:  573:        return new FailureTest(location, message,
    #####:  574:                               kErrorOnUninstantiatedParameterizedTest);
    %%%%%:  574-block  0
call    0 never executed
    %%%%%:  574-block  1
call    1 never executed
branch  2 never executed (fallthrough)
branch  3 never executed (throw)
    $$$$$:  574-block  2
call    4 never executed
        -:  575:      });
        -:  576:}
        -:  577:
function _ZN7testing8internal34RegisterTypeParameterizedTestSuiteEPKcNS0_12CodeLocationE called 0 returned 0% blocks executed 0%
    #####:  578:void RegisterTypeParameterizedTestSuite(const char* test_suite_name,
    %%%%%:  578-block  0
call    0 never executed
        -:  579:                                        CodeLocation code_location) {
    #####:  580:  GetUnitTestImpl()->type_parameterized_test_registry().RegisterTestSuite(
call    0 never executed
branch  1 never executed (fallthrough)
branch  2 never executed (throw)
        -:  581:      test_suite_name, std::move(code_location));
    #####:  582:}
        -:  583:
function _ZN7testing8internal47RegisterTypeParameterizedTestSuiteInstantiationEPKc called 0 returned 0% blocks executed 0%
    #####:  584:void RegisterTypeParameterizedTestSuiteInstantiation(const char* case_name) {
    %%%%%:  584-block  0
call    0 never executed
    #####:  585:  GetUnitTestImpl()->type_parameterized_test_registry().RegisterInstantiation(
call    0 never executed
        -:  586:      case_name);
    #####:  587:}
        -:  588:
function _ZN7testing8internal34TypeParameterizedTestSuiteRegistry17RegisterTestSuiteEPKcNS0_12CodeLocationE called 0 returned 0% blocks executed 0%
    #####:  589:void TypeParameterizedTestSuiteRegistry::RegisterTestSuite(
        -:  590:    const char* test_suite_name, CodeLocation code_location) {
    #####:  591:  suites_.emplace(std::string(test_suite_name),
    %%%%%:  591-block  0
call    0 never executed
call    1 never executed
branch  2 never executed (fallthrough)
branch  3 never executed (throw)
    %%%%%:  591-block  1
call    4 never executed
branch  5 never executed (fallthrough)
branch  6 never executed (throw)
call    7 never executed
    $$$$$:  591-block  2
call    8 never executed
    #####:  592:                  TypeParameterizedTestSuiteInfo(std::move(code_location)));
    #####:  593:}
        -:  594:
function _ZN7testing8internal34TypeParameterizedTestSuiteRegistry21RegisterInstantiationEPKc called 0 returned 0% blocks executed 0%
    #####:  595:void TypeParameterizedTestSuiteRegistry::RegisterInstantiation(
        -:  596:    const char* test_suite_name) {
    #####:  597:  auto it = suites_.find(std::string(test_suite_name));
    %%%%%:  597-block  0
call    0 never executed
branch  1 never executed (fallthrough)
branch  2 never executed
    #####:  598:  if (it != suites_.end()) {
branch  0 never executed (fallthrough)
branch  1 never executed
    #####:  599:    it->second.instantiated = true;
    %%%%%:  599-block  0
        -:  600:  } else {
    #####:  601:    GTEST_LOG_(ERROR) << "Unknown type parameterized test suit '"
    %%%%%:  601-block  0
call    0 never executed
branch  1 never executed (fallthrough)
branch  2 never executed (throw)
    %%%%%:  601-block  1
call    3 never executed
    $$$$$:  601-block  2
call    4 never executed
    #####:  602:                      << test_suite_name << "'";
    %%%%%:  602-block  0
call    0 never executed
branch  1 never executed (fallthrough)
branch  2 never executed (throw)
    %%%%%:  602-block  1
call    3 never executed
branch  4 never executed (fallthrough)
branch  5 never executed (throw)
        -:  603:  }
    #####:  604:}
    %%%%%:  604-block  0
        -:  605:
function _ZN7testing8internal34TypeParameterizedTestSuiteRegistry22CheckForInstantiationsEv called 1 returned 100% blocks executed 10%
        1:  606:void TypeParameterizedTestSuiteRegistry::CheckForInstantiations() {
        1:  606-block  0
call    0 returned 1
        -:  607:  const auto& ignored = *GetIgnoredParameterizedTestSuites();
        1:  608:  for (const auto& testcase : suites_) {
        1:  608-block  0
branch  0 taken 0
branch  1 taken 1 (fallthrough)
    #####:  609:    if (testcase.second.instantiated) continue;
    %%%%%:  609-block  0
branch  0 never executed (fallthrough)
branch  1 never executed
    %%%%%:  609-block  1
    %%%%%:  609-block  2
    #####:  610:    if (ignored.find(testcase.first) != ignored.end()) continue;
    %%%%%:  610-block  0
branch  0 never executed (fallthrough)
branch  1 never executed
    %%%%%:  610-block  1
        -:  611:
        -:  612:    std::string message =
    #####:  613:        "Type parameterized test suite " + testcase.first +
    %%%%%:  613-block  0
call    0 never executed
        -:  614:        " is defined via REGISTER_TYPED_TEST_SUITE_P, but never instantiated "
        -:  615:        "via INSTANTIATE_TYPED_TEST_SUITE_P. None of the test cases will run."
        -:  616:        "\n\n"
        -:  617:        "Ideally, TYPED_TEST_P definitions should only ever be included as "
        -:  618:        "part of binaries that intend to use them. (As opposed to, for "
        -:  619:        "example, being placed in a library that may be linked in to get "
        -:  620:        "other "
        -:  621:        "utilities.)"
        -:  622:        "\n\n"
        -:  623:        "To suppress this error for this test suite, insert the following "
        -:  624:        "line "
        -:  625:        "(in a non-header) in the namespace it is defined in:"
        -:  626:        "\n\n"
    #####:  627:        "GTEST_ALLOW_UNINSTANTIATED_PARAMETERIZED_TEST(" +
        -:  628:        testcase.first + ");";
        -:  629:
        -:  630:    std::string full_name =
    #####:  631:        "UninstantiatedTypeParameterizedTestSuite<" + testcase.first + ">";
call    0 never executed
branch  1 never executed (fallthrough)
branch  2 never executed (throw)
call    3 never executed
branch  4 never executed (fallthrough)
branch  5 never executed (throw)
    $$$$$:  631-block  0
call    6 never executed
    #####:  632:    RegisterTest(  //
    %%%%%:  632-block  0
call    0 never executed
branch  1 never executed (fallthrough)
branch  2 never executed (throw)
        -:  633:        "GoogleTestVerification", full_name.c_str(),
        -:  634:        nullptr,  // No type parameter.
        -:  635:        nullptr,  // No value parameter.
        -:  636:        testcase.second.code_location.file.c_str(),
function _ZZN7testing8internal34TypeParameterizedTestSuiteRegistry22CheckForInstantiationsEvENKUlvE_clEv called 0 returned 0% blocks executed 0%
    #####:  637:        testcase.second.code_location.line, [message, testcase] {
    %%%%%:  637-block  0
call    0 never executed
branch  1 never executed (fallthrough)
branch  2 never executed (throw)
    %%%%%:  637-block  1
call    3 never executed
branch  4 never executed (fallthrough)
branch  5 never executed (throw)
    %%%%%:  637-block  2
call    6 never executed
call    7 never executed
    $$$$$:  637-block  3
call    8 never executed
    $$$$$:  637-block  4
call    9 never executed
    #####:  638:          return new FailureTest(testcase.second.code_location, message,
    #####:  639:                                 kErrorOnUninstantiatedTypeParameterizedTest);
    %%%%%:  639-block  0
call    0 never executed
    %%%%%:  639-block  1
call    1 never executed
branch  2 never executed (fallthrough)
branch  3 never executed (throw)
    $$$$$:  639-block  2
call    4 never executed
        -:  640:        });
        -:  641:  }
        1:  642:}
        1:  642-block  0
        -:  643:
        -:  644:// A copy of all command line arguments.  Set by InitGoogleTest().
        -:  645:static ::std::vector<std::string> g_argvs;
        -:  646:
function _ZN7testing8internal8GetArgvsB5cxx11Ev called 0 returned 0% blocks executed 0%
    #####:  647:::std::vector<std::string> GetArgvs() {
        -:  648:#if defined(GTEST_CUSTOM_GET_ARGVS_)
        -:  649:  // GTEST_CUSTOM_GET_ARGVS_() may return a container of std::string or
        -:  650:  // ::string. This code converts it to the appropriate type.
        -:  651:  const auto& custom = GTEST_CUSTOM_GET_ARGVS_();
        -:  652:  return ::std::vector<std::string>(custom.begin(), custom.end());
        -:  653:#else   // defined(GTEST_CUSTOM_GET_ARGVS_)
       2*:  654:  return g_argvs;
call    0 never executed
branch  1 never executed (fallthrough)
branch  2 never executed (throw)
    %%%%%:  654-block  0
call    3 never executed
        2:  654-block  1
call    4 returned 2
    %%%%%:  654-block  2
call    5 never executed
        -:  655:#endif  // defined(GTEST_CUSTOM_GET_ARGVS_)
        -:  656:}
        -:  657:
        -:  658:#if GTEST_HAS_FILE_SYSTEM
        -:  659:// Returns the current application's name, removing directory path if that
        -:  660:// is present.
function _ZN7testing8internal24GetCurrentExecutableNameEv called 0 returned 0% blocks executed 0%
    #####:  661:FilePath GetCurrentExecutableName() {
    %%%%%:  661-block  0
call    0 never executed
        -:  662:  FilePath result;
        -:  663:
        -:  664:  auto args = GetArgvs();
    #####:  665:  if (!args.empty()) {
    %%%%%:  665-block  0
branch  0 never executed (fallthrough)
branch  1 never executed
        -:  666:#if defined(GTEST_OS_WINDOWS) || defined(GTEST_OS_OS2)
    #####:  667:    result.Set(FilePath(args[0]).RemoveExtension("exe"));
call    0 never executed
branch  1 never executed (fallthrough)
branch  2 never executed (throw)
        -:  668:#else
        -:  669:    result.Set(FilePath(args[0]));
        -:  670:#endif  // GTEST_OS_WINDOWS
        -:  671:  }
        -:  672:
    #####:  673:  return result.RemoveDirectoryName();
    %%%%%:  673-block  0
call    0 never executed
branch  1 never executed (fallthrough)
branch  2 never executed (throw)
    #####:  674:}
    %%%%%:  674-block  0
call    0 never executed
    $$$$$:  674-block  1
call    1 never executed
        -:  675:#endif  // GTEST_HAS_FILE_SYSTEM
        -:  676:
        -:  677:// Functions for processing the gtest_output flag.
        -:  678:
        -:  679:// Returns the output format, or "" for normal printed output.
function _ZN7testing8internal15UnitTestOptions15GetOutputFormatB5cxx11Ev called 1 returned 100% blocks executed 75%
        1:  680:std::string UnitTestOptions::GetOutputFormat() {
        1:  680-block  0
call    0 returned 1
        -:  681:  std::string s = GTEST_FLAG_GET(output);
        -:  682:  const char* const gtest_output_flag = s.c_str();
        1:  683:  const char* const colon = strchr(gtest_output_flag, ':');
        -:  684:  return (colon == nullptr)
        1:  685:             ? std::string(gtest_output_flag)
branch  0 taken 1 (fallthrough)
branch  1 taken 0
        -:  686:             : std::string(gtest_output_flag,
       1*:  687:                           static_cast<size_t>(colon - gtest_output_flag));
        1:  687-block  0
call    0 returned 1
branch  1 taken 1 (fallthrough)
branch  2 taken 0 (throw)
    %%%%%:  687-block  1
call    3 never executed
branch  4 never executed (fallthrough)
branch  5 never executed (throw)
        1:  687-block  2
call    6 returned 1
    $$$$$:  687-block  3
call    7 never executed
        -:  688:}
        -:  689:
        -:  690:#if GTEST_HAS_FILE_SYSTEM
        -:  691:// Returns the name of the requested output file, or the default if none
        -:  692:// was explicitly specified.
function _ZN7testing8internal15UnitTestOptions27GetAbsolutePathToOutputFileB5cxx11Ev called 0 returned 0% blocks executed 0%
    #####:  693:std::string UnitTestOptions::GetAbsolutePathToOutputFile() {
    %%%%%:  693-block  0
call    0 never executed
        -:  694:  std::string s = GTEST_FLAG_GET(output);
        -:  695:  const char* const gtest_output_flag = s.c_str();
        -:  696:
    #####:  697:  std::string format = GetOutputFormat();
call    0 never executed
branch  1 never executed (fallthrough)
branch  2 never executed (throw)
    #####:  698:  if (format.empty()) format = std::string(kDefaultOutputFormat);
    %%%%%:  698-block  0
branch  0 never executed (fallthrough)
branch  1 never executed
    %%%%%:  698-block  1
call    2 never executed
branch  3 never executed (fallthrough)
branch  4 never executed (throw)
    %%%%%:  698-block  2
call    5 never executed
        -:  699:
    #####:  700:  const char* const colon = strchr(gtest_output_flag, ':');
    #####:  701:  if (colon == nullptr)
    %%%%%:  701-block  0
branch  0 never executed (fallthrough)
branch  1 never executed
    #####:  702:    return internal::FilePath::MakeFileName(
call    0 never executed
branch  1 never executed (fallthrough)
branch  2 never executed (throw)
    #####:  703:               internal::FilePath(
call    0 never executed
branch  1 never executed (fallthrough)
branch  2 never executed (throw)
    %%%%%:  703-block  0
call    3 never executed
branch  4 never executed (fallthrough)
branch  5 never executed (throw)
call    6 never executed
    $$$$$:  703-block  1
call    7 never executed
        -:  704:                   UnitTest::GetInstance()->original_working_dir()),
    #####:  705:               internal::FilePath(kDefaultOutputFile), 0, format.c_str())
    %%%%%:  705-block  0
call    0 never executed
branch  1 never executed (fallthrough)
branch  2 never executed (throw)
        -:  706:        .string();
        -:  707:
    #####:  708:  internal::FilePath output_name(colon + 1);
    %%%%%:  708-block  0
call    0 never executed
branch  1 never executed (fallthrough)
branch  2 never executed (throw)
branch  3 never executed (fallthrough)
branch  4 never executed
    $$$$$:  708-block  1
call    5 never executed
    #####:  709:  if (!output_name.IsAbsolutePath())
branch  0 never executed (fallthrough)
branch  1 never executed
    #####:  710:    output_name = internal::FilePath::ConcatPaths(
call    0 never executed
branch  1 never executed (fallthrough)
branch  2 never executed (throw)
    #####:  711:        internal::FilePath(UnitTest::GetInstance()->original_working_dir()),
call    0 never executed
branch  1 never executed (fallthrough)
branch  2 never executed (throw)
    %%%%%:  711-block  0
call    3 never executed
branch  4 never executed (fallthrough)
branch  5 never executed (throw)
call    6 never executed
    $$$$$:  711-block  1
call    7 never executed
    #####:  712:        internal::FilePath(colon + 1));
    %%%%%:  712-block  0
call    0 never executed
branch  1 never executed (fallthrough)
branch  2 never executed (throw)
        -:  713:
    #####:  714:  if (!output_name.IsDirectory()) return output_name.string();
    %%%%%:  714-block  0
branch  0 never executed (fallthrough)
branch  1 never executed
        -:  715:
        -:  716:  internal::FilePath result(internal::FilePath::GenerateUniqueFileName(
    #####:  717:      output_name, internal::GetCurrentExecutableName(),
    %%%%%:  717-block  0
call    0 never executed
branch  1 never executed (fallthrough)
branch  2 never executed (throw)
call    3 never executed
    $$$$$:  717-block  1
call    4 never executed
    #####:  718:      GetOutputFormat().c_str()));
    %%%%%:  718-block  0
call    0 never executed
branch  1 never executed (fallthrough)
branch  2 never executed (throw)
    %%%%%:  718-block  1
call    3 never executed
branch  4 never executed (fallthrough)
branch  5 never executed (throw)
call    6 never executed
branch  7 never executed (fallthrough)
branch  8 never executed (throw)
    $$$$$:  718-block  2
call    9 never executed
        -:  719:  return result.string();
        -:  720:}
        -:  721:#endif  // GTEST_HAS_FILE_SYSTEM
        -:  722:
        -:  723:// Returns true if and only if the wildcard pattern matches the string. Each
        -:  724:// pattern consists of regular characters, single-character wildcards (?), and
        -:  725:// multi-character wildcards (*).
        -:  726://
        -:  727:// This function implements a linear-time string globbing algorithm based on
        -:  728:// https://research.swtch.com/glob.
function _ZN7testing8internalL20PatternMatchesStringERKNSt7__cxx1112basic_stringIcSt11char_traitsIcESaIcEEEPKcSA_ called 28 returned 100% blocks executed 79%
       28:  729:static bool PatternMatchesString(const std::string& name_str,
       28:  729-block  0
        -:  730:                                 const char* pattern, const char* pattern_end) {
        -:  731:  const char* name = name_str.c_str();
        -:  732:  const char* const name_begin = name;
       28:  733:  const char* const name_end = name + name_str.size();
        -:  734:
        -:  735:  const char* pattern_next = pattern;
        -:  736:  const char* name_next = name;
        -:  737:
      580:  738:  while (pattern < pattern_end || name < name_end) {
       28:  738-block  0
      580:  738-block  1
branch  0 taken 576
branch  1 taken 4 (fallthrough)
      576:  739:    if (pattern < pattern_end) {
      576:  739-block  0
branch  0 taken 490 (fallthrough)
branch  1 taken 86
      490:  740:      switch (*pattern) {
      490:  740-block  0
branch  0 taken 204
branch  1 taken 0
branch  2 taken 286
      204:  741:        default:  // Match an ordinary character.
     204*:  742:          if (name < name_end && *name == *pattern) {
      204:  742-block  0
branch  0 taken 188 (fallthrough)
branch  1 taken 16
      188:  742-block  1
branch  2 taken 0 (fallthrough)
branch  3 taken 188
    #####:  743:            ++pattern;
    #####:  744:            ++name;
    #####:  745:            continue;
    %%%%%:  745-block  0
        -:  746:          }
        -:  747:          break;
    #####:  748:        case '?':  // Match any single character.
    #####:  749:          if (name < name_end) {
    %%%%%:  749-block  0
branch  0 never executed (fallthrough)
branch  1 never executed
    #####:  750:            ++pattern;
    #####:  751:            ++name;
    #####:  752:            continue;
    %%%%%:  752-block  0
        -:  753:          }
        -:  754:          break;
      286:  755:        case '*':
        -:  756:          // Match zero or more characters. Start by skipping over the wildcard
        -:  757:          // and matching zero characters from name. If that fails, restart and
        -:  758:          // match one more character than the last attempt.
        -:  759:          pattern_next = pattern;
      286:  760:          name_next = name + 1;
      286:  761:          ++pattern;
      286:  762:          continue;
      286:  762-block  0
        -:  763:      }
        -:  764:    }
        -:  765:    // Failed to match a character. Restart if possible.
      290:  766:    if (name_begin < name_next && name_next <= name_end) {
      290:  766-block  0
branch  0 taken 266 (fallthrough)
branch  1 taken 24
        -:  767:      pattern = pattern_next;
        -:  768:      name = name_next;
      266:  769:      continue;
      266:  769-block  0
        -:  770:    }
        -:  771:    return false;
        -:  772:  }
        -:  773:  return true;
        -:  774:}
        -:  775:
        -:  776:namespace {
        -:  777:
function _ZN7testing8internal12_GLOBAL__N_113IsGlobPatternERKNSt7__cxx1112basic_stringIcSt11char_traitsIcESaIcEEE called 11 returned 100% blocks executed 100%
       11:  778:bool IsGlobPattern(const std::string& pattern) {
        -:  779:  return std::any_of(pattern.begin(), pattern.end(),
      14*:  780:                     [](const char c) { return c == '?' || c == '*'; });
       11:  780-block  0
branch  0 taken 9 (fallthrough)
branch  1 taken 2
        2:  780-block  1
branch  2 taken 0 (fallthrough)
branch  3 taken 2
        2:  780-block  2
branch  4 taken 0 (fallthrough)
branch  5 taken 2
        2:  780-block  3
branch  6 taken 0 (fallthrough)
branch  7 taken 2
    %%%%%:  780-block  4
branch  8 never executed (fallthrough)
branch  9 never executed
        1:  780-block  5
branch 10 taken 0 (fallthrough)
branch 11 taken 1
        2:  780-block  6
branch 12 taken 2 (fallthrough)
branch 13 taken 0
        -:  781:}
        -:  782:
       7*:  783:class UnitTestFilter {
call    0 returned 1
call    1 never executed
call    2 returned 4
call    3 never executed
call    4 never executed
call    5 never executed
    %%%%%:  783-block  0
call    6 never executed
call    7 never executed
call    8 never executed
    %%%%%:  783-block  1
call    9 never executed
call   10 never executed
        1:  783-block  2
call   11 returned 1
call   12 returned 1
call   13 never executed
call   14 never executed
        -:  784: public:
        -:  785:  UnitTestFilter() = default;
        -:  786:
        -:  787:  // Constructs a filter from a string of patterns separated by `:`.
function _ZN7testing8internal12_GLOBAL__N_114UnitTestFilterC2ERKNSt7__cxx1112basic_stringIcSt11char_traitsIcESaIcEEE called 6 returned 100% blocks executed 62%
        6:  788:  explicit UnitTestFilter(const std::string& filter) {
        6:  788-block  0
call    0 returned 6
branch  1 taken 6 (fallthrough)
branch  2 taken 0 (throw)
        -:  789:    // By design "" filter matches "" string.
        6:  790:    std::vector<std::string> all_patterns;
        6:  791:    SplitString(filter, ':', &all_patterns);
        6:  791-block  0
call    0 returned 6
branch  1 taken 6 (fallthrough)
branch  2 taken 0 (throw)
        6:  792:    const auto exact_match_patterns_begin = std::partition(
        -:  793:        all_patterns.begin(), all_patterns.end(), &IsGlobPattern);
        -:  794:
        6:  795:    glob_patterns_.reserve(static_cast<size_t>(
        6:  795-block  0
call    0 returned 6
branch  1 taken 6 (fallthrough)
branch  2 taken 0 (throw)
        -:  796:        std::distance(all_patterns.begin(), exact_match_patterns_begin)));
        -:  797:    std::move(all_patterns.begin(), exact_match_patterns_begin,
        -:  798:              std::inserter(glob_patterns_, glob_patterns_.begin()));
        -:  799:    std::move(
        -:  800:        exact_match_patterns_begin, all_patterns.end(),
        6:  801:        std::inserter(exact_match_patterns_, exact_match_patterns_.begin()));
        6:  801-block  0
call    0 returned 6
branch  1 taken 6 (fallthrough)
branch  2 taken 0 (throw)
        6:  802:  }
        6:  802-block  0
call    0 returned 6
    $$$$$:  802-block  1
call    1 never executed
    $$$$$:  802-block  2
call    2 never executed
        -:  803:
        -:  804:  // Returns true if and only if name matches at least one of the patterns in
        -:  805:  // the filter.
function _ZNK7testing8internal12_GLOBAL__N_114UnitTestFilter11MatchesNameERKNSt7__cxx1112basic_stringIcSt11char_traitsIcESaIcEEE called 20 returned 100% blocks executed 100%
       20:  806:  bool MatchesName(const std::string& name) const {
       20:  806-block  0
call    0 returned 20
       20:  807:    return exact_match_patterns_.find(name) != exact_match_patterns_.end() ||
branch  0 taken 20 (fallthrough)
branch  1 taken 0
       20:  807-block  0
branch  2 taken 4 (fallthrough)
branch  3 taken 16
        -:  808:           std::any_of(glob_patterns_.begin(), glob_patterns_.end(),
        -:  809:                       [&name](const std::string& pattern) {
      28*:  810:                         return PatternMatchesString(
    %%%%%:  810-block  0
branch  0 never executed (fallthrough)
branch  1 never executed
    %%%%%:  810-block  1
branch  2 never executed (fallthrough)
branch  3 never executed
    %%%%%:  810-block  2
branch  4 never executed (fallthrough)
branch  5 never executed
    %%%%%:  810-block  3
branch  6 never executed (fallthrough)
branch  7 never executed
    %%%%%:  810-block  4
branch  8 never executed (fallthrough)
branch  9 never executed
       12:  810-block  5
branch 10 taken 0 (fallthrough)
branch 11 taken 12
       16:  810-block  6
branch 12 taken 4 (fallthrough)
branch 13 taken 12
        -:  811:                             name, pattern.c_str(),
        -:  812:                             pattern.c_str() + pattern.size());
       20:  813:                       });
        -:  814:  }
        -:  815:
        -:  816: private:
        -:  817:  std::vector<std::string> glob_patterns_;
        -:  818:  std::unordered_set<std::string> exact_match_patterns_;
        -:  819:};
        -:  820:
        -:  821:class PositiveAndNegativeUnitTestFilter {
        -:  822: public:
        -:  823:  // Constructs a positive and a negative filter from a string. The string
        -:  824:  // contains a positive filter optionally followed by a '-' character and a
        -:  825:  // negative filter. In case only a negative filter is provided the positive
        -:  826:  // filter will be assumed "*".
        -:  827:  // A filter is a list of patterns separated by ':'.
function _ZN7testing8internal12_GLOBAL__N_133PositiveAndNegativeUnitTestFilterC2ERKNSt7__cxx1112basic_stringIcSt11char_traitsIcESaIcEEE called 1 returned 100% blocks executed 21%
        1:  828:  explicit PositiveAndNegativeUnitTestFilter(const std::string& filter) {
        1:  828-block  0
call    0 returned 1
branch  1 taken 1 (fallthrough)
branch  2 taken 0 (throw)
        1:  829:    std::vector<std::string> positive_and_negative_filters;
        -:  830:
        -:  831:    // NOTE: `SplitString` always returns a non-empty container.
        1:  832:    SplitString(filter, '-', &positive_and_negative_filters);
        1:  832-block  0
call    0 returned 1
branch  1 taken 1 (fallthrough)
branch  2 taken 0 (throw)
        -:  833:    const auto& positive_filter = positive_and_negative_filters.front();
        -:  834:
        1:  835:    if (positive_and_negative_filters.size() > 1) {
        1:  835-block  0
branch  0 taken 0 (fallthrough)
branch  1 taken 1
    #####:  836:      positive_filter_ = UnitTestFilter(
    %%%%%:  836-block  0
call    0 never executed
branch  1 never executed (fallthrough)
branch  2 never executed (throw)
    #####:  837:          positive_filter.empty() ? kUniversalFilter : positive_filter);
    %%%%%:  837-block  0
branch  0 never executed (fallthrough)
branch  1 never executed
    %%%%%:  837-block  1
call    2 never executed
branch  3 never executed (fallthrough)
branch  4 never executed (throw)
call    5 never executed
branch  6 never executed (fallthrough)
branch  7 never executed (throw)
        -:  838:
        -:  839:      // TODO(b/214626361): Fail on multiple '-' characters
        -:  840:      // For the moment to preserve old behavior we concatenate the rest of the
        -:  841:      // string parts with `-` as separator to generate the negative filter.
        -:  842:      auto negative_filter_string = positive_and_negative_filters[1];
    #####:  843:      for (std::size_t i = 2; i < positive_and_negative_filters.size(); i++)
    %%%%%:  843-block  0
branch  0 never executed
branch  1 never executed (fallthrough)
        -:  844:        negative_filter_string =
    #####:  845:            negative_filter_string + '-' + positive_and_negative_filters[i];
    %%%%%:  845-block  0
call    0 never executed
branch  1 never executed (fallthrough)
branch  2 never executed (throw)
call    3 never executed
    #####:  846:      negative_filter_ = UnitTestFilter(negative_filter_string);
    %%%%%:  846-block  0
call    0 never executed
branch  1 never executed (fallthrough)
branch  2 never executed (throw)
call    3 never executed
    $$$$$:  846-block  1
call    4 never executed
        -:  847:    } else {
        -:  848:      // In case we don't have a negative filter and positive filter is ""
        -:  849:      // we do not use kUniversalFilter by design as opposed to when we have a
        -:  850:      // negative filter.
        2:  851:      positive_filter_ = UnitTestFilter(positive_filter);
        1:  851-block  0
call    0 returned 1
branch  1 taken 1 (fallthrough)
branch  2 taken 0 (throw)
        -:  852:    }
        1:  853:  }
        1:  853-block  0
call    0 returned 1
    $$$$$:  853-block  1
call    1 never executed
        -:  854:
        -:  855:  // Returns true if and only if test name (this is generated by appending test
        -:  856:  // suit name and test name via a '.' character) matches the positive filter
        -:  857:  // and does not match the negative filter.
function _ZNK7testing8internal12_GLOBAL__N_133PositiveAndNegativeUnitTestFilter11MatchesTestERKNSt7__cxx1112basic_stringIcSt11char_traitsIcESaIcEEESA_ called 4 returned 100% blocks executed 89%
        4:  858:  bool MatchesTest(const std::string& test_suite_name,
        -:  859:                   const std::string& test_name) const {
       12:  860:    return MatchesName(test_suite_name + "." + test_name);
        4:  860-block  0
call    0 returned 4
call    1 returned 4
        -:  861:  }
        -:  862:
        -:  863:  // Returns true if and only if name matches the positive filter and does not
        -:  864:  // match the negative filter.
function _ZNK7testing8internal12_GLOBAL__N_133PositiveAndNegativeUnitTestFilter11MatchesNameERKNSt7__cxx1112basic_stringIcSt11char_traitsIcESaIcEEE called 4 returned 100% blocks executed 83%
        4:  865:  bool MatchesName(const std::string& name) const {
        8:  866:    return positive_filter_.MatchesName(name) &&
        4:  866-block  0
call    0 returned 4
branch  1 taken 4 (fallthrough)
branch  2 taken 0
branch  3 taken 0 (fallthrough)
branch  4 taken 4
        4:  867:           !negative_filter_.MatchesName(name);
        4:  867-block  0
call    0 returned 4
        -:  868:  }
        -:  869:
        -:  870: private:
        -:  871:  UnitTestFilter positive_filter_;
        -:  872:  UnitTestFilter negative_filter_;
        -:  873:};
        -:  874:}  // namespace
        -:  875:
function _ZN7testing8internal15UnitTestOptions13MatchesFilterERKNSt7__cxx1112basic_stringIcSt11char_traitsIcESaIcEEEPKc called 0 returned 0% blocks executed 0%
    #####:  876:bool UnitTestOptions::MatchesFilter(const std::string& name_str,
        -:  877:                                    const char* filter) {
    #####:  878:  return UnitTestFilter(filter).MatchesName(name_str);
    %%%%%:  878-block  0
call    0 never executed
call    1 never executed
branch  2 never executed (fallthrough)
branch  3 never executed (throw)
    %%%%%:  878-block  1
call    4 never executed
        -:  879:}
        -:  880:
        -:  881:// Returns true if and only if the user-specified filter matches the test
        -:  882:// suite name and the test name.
function _ZN7testing8internal15UnitTestOptions17FilterMatchesTestERKNSt7__cxx1112basic_stringIcSt11char_traitsIcESaIcEEES9_ called 0 returned 0% blocks executed 0%
    #####:  883:bool UnitTestOptions::FilterMatchesTest(const std::string& test_suite_name,
        -:  884:                                        const std::string& test_name) {
        -:  885:  // Split --gtest_filter at '-', if there is one, to separate into
        -:  886:  // positive filter and negative filter portions
    #####:  887:  return PositiveAndNegativeUnitTestFilter(GTEST_FLAG_GET(filter))
    %%%%%:  887-block  0
call    0 never executed
    %%%%%:  887-block  1
call    1 never executed
    $$$$$:  887-block  2
call    2 never executed
    #####:  888:      .MatchesTest(test_suite_name, test_name);
call    0 never executed
branch  1 never executed (fallthrough)
branch  2 never executed (throw)
        -:  889:}
        -:  890:
        -:  891:#if GTEST_HAS_SEH
        -:  892:static std::string FormatSehExceptionMessage(DWORD exception_code,
        -:  893:                                             const char* location) {
        -:  894:  Message message;
        -:  895:  message << "SEH exception with code 0x" << std::setbase(16) << exception_code
        -:  896:          << std::setbase(10) << " thrown in " << location << ".";
        -:  897:  return message.GetString();
        -:  898:}
        -:  899:
        -:  900:int UnitTestOptions::GTestProcessSEH(DWORD seh_code, const char* location) {
        -:  901:  // Google Test should handle a SEH exception if:
        -:  902:  //   1. the user wants it to, AND
        -:  903:  //   2. this is not a breakpoint exception or stack overflow, AND
        -:  904:  //   3. this is not a C++ exception (VC++ implements them via SEH,
        -:  905:  //      apparently).
        -:  906:  //
        -:  907:  // SEH exception code for C++ exceptions.
        -:  908:  // (see https://support.microsoft.com/kb/185294 for more information).
        -:  909:  const DWORD kCxxExceptionCode = 0xe06d7363;
        -:  910:
        -:  911:  if (!GTEST_FLAG_GET(catch_exceptions) || seh_code == kCxxExceptionCode ||
        -:  912:      seh_code == EXCEPTION_BREAKPOINT ||
        -:  913:      seh_code == EXCEPTION_STACK_OVERFLOW) {
        -:  914:    return EXCEPTION_CONTINUE_SEARCH;  // Don't handle these exceptions
        -:  915:  }
        -:  916:
        -:  917:  internal::ReportFailureInUnknownLocation(
        -:  918:      TestPartResult::kFatalFailure,
        -:  919:      FormatSehExceptionMessage(seh_code, location) +
        -:  920:          "\n"
        -:  921:          "Stack trace:\n" +
        -:  922:          ::testing::internal::GetCurrentOsStackTraceExceptTop(1));
        -:  923:
        -:  924:  return EXCEPTION_EXECUTE_HANDLER;
        -:  925:}
        -:  926:#endif  // GTEST_HAS_SEH
        -:  927:
        -:  928:}  // namespace internal
        -:  929:
        -:  930:// The c'tor sets this object as the test part result reporter used by
        -:  931:// Google Test.  The 'result' parameter specifies where to report the
        -:  932:// results. Intercepts only failures from the current thread.
function _ZN7testing32ScopedFakeTestPartResultReporterC2EPNS_19TestPartResultArrayE called 0 returned 0% blocks executed 0%
    #####:  933:ScopedFakeTestPartResultReporter::ScopedFakeTestPartResultReporter(
    #####:  934:    TestPartResultArray* result)
    #####:  935:    : intercept_mode_(INTERCEPT_ONLY_CURRENT_THREAD), result_(result) {
    #####:  936:  Init();
    %%%%%:  936-block  0
call    0 never executed
    #####:  937:}
        -:  938:
        -:  939:// The c'tor sets this object as the test part result reporter used by
        -:  940:// Google Test.  The 'result' parameter specifies where to report the
        -:  941:// results.
function _ZN7testing32ScopedFakeTestPartResultReporterC2ENS0_13InterceptModeEPNS_19TestPartResultArrayE called 0 returned 0% blocks executed 0%
    #####:  942:ScopedFakeTestPartResultReporter::ScopedFakeTestPartResultReporter(
    #####:  943:    InterceptMode intercept_mode, TestPartResultArray* result)
    #####:  944:    : intercept_mode_(intercept_mode), result_(result) {
    #####:  945:  Init();
    %%%%%:  945-block  0
call    0 never executed
    #####:  946:}
        -:  947:
function _ZN7testing32ScopedFakeTestPartResultReporter4InitEv called 0 returned 0% blocks executed 0%
    #####:  948:void ScopedFakeTestPartResultReporter::Init() {
    %%%%%:  948-block  0
call    0 never executed
        -:  949:  internal::UnitTestImpl* const impl = internal::GetUnitTestImpl();
    #####:  950:  if (intercept_mode_ == INTERCEPT_ALL_THREADS) {
branch  0 never executed (fallthrough)
branch  1 never executed
    #####:  951:    old_reporter_ = impl->GetGlobalTestPartResultReporter();
    #####:  952:    impl->SetGlobalTestPartResultReporter(this);
call    0 never executed
        -:  953:  } else {
    #####:  954:    old_reporter_ = impl->GetTestPartResultReporterForCurrentThread();
    #####:  955:    impl->SetTestPartResultReporterForCurrentThread(this);
        -:  956:  }
    #####:  957:}
        -:  958:
        -:  959:// The d'tor restores the test part result reporter used by Google Test
        -:  960:// before.
    #####:  961:ScopedFakeTestPartResultReporter::~ScopedFakeTestPartResultReporter() {
        -:  962:  internal::UnitTestImpl* const impl = internal::GetUnitTestImpl();
    #####:  963:  if (intercept_mode_ == INTERCEPT_ALL_THREADS) {
    #####:  964:    impl->SetGlobalTestPartResultReporter(old_reporter_);
        -:  965:  } else {
    #####:  966:    impl->SetTestPartResultReporterForCurrentThread(old_reporter_);
        -:  967:  }
    #####:  968:}
------------------
_ZN7testing32ScopedFakeTestPartResultReporterD0Ev:
function _ZN7testing32ScopedFakeTestPartResultReporterD0Ev called 0 returned 0% blocks executed 0%
    #####:  961:ScopedFakeTestPartResultReporter::~ScopedFakeTestPartResultReporter() {
        -:  962:  internal::UnitTestImpl* const impl = internal::GetUnitTestImpl();
        -:  963:  if (intercept_mode_ == INTERCEPT_ALL_THREADS) {
        -:  964:    impl->SetGlobalTestPartResultReporter(old_reporter_);
        -:  965:  } else {
        -:  966:    impl->SetTestPartResultReporterForCurrentThread(old_reporter_);
        -:  967:  }
    #####:  968:}
    %%%%%:  968-block  0
call    0 never executed
call    1 never executed
------------------
_ZN7testing32ScopedFakeTestPartResultReporterD2Ev:
function _ZN7testing32ScopedFakeTestPartResultReporterD2Ev called 0 returned 0% blocks executed 0%
    #####:  961:ScopedFakeTestPartResultReporter::~ScopedFakeTestPartResultReporter() {
    %%%%%:  961-block  0
call    0 never executed
        -:  962:  internal::UnitTestImpl* const impl = internal::GetUnitTestImpl();
    #####:  963:  if (intercept_mode_ == INTERCEPT_ALL_THREADS) {
branch  0 never executed (fallthrough)
branch  1 never executed
    #####:  964:    impl->SetGlobalTestPartResultReporter(old_reporter_);
        -:  965:  } else {
    #####:  966:    impl->SetTestPartResultReporterForCurrentThread(old_reporter_);
    %%%%%:  966-block  0
call    0 never executed
        -:  967:  }
    #####:  968:}
------------------
        -:  969:
        -:  970:// Increments the test part result count and remembers the result.
        -:  971:// This method is from the TestPartResultReporterInterface interface.
function _ZN7testing32ScopedFakeTestPartResultReporter20ReportTestPartResultERKNS_14TestPartResultE called 0 returned 0% blocks executed 0%
    #####:  972:void ScopedFakeTestPartResultReporter::ReportTestPartResult(
        -:  973:    const TestPartResult& result) {
    #####:  974:  result_->Append(result);
    %%%%%:  974-block  0
call    0 never executed
    #####:  975:}
        -:  976:
        -:  977:namespace internal {
        -:  978:
        -:  979:// Returns the type ID of ::testing::Test.  We should always call this
        -:  980:// instead of GetTypeId< ::testing::Test>() to get the type ID of
        -:  981:// testing::Test.  This is to work around a suspected linker bug when
        -:  982:// using Google Test as a framework on Mac OS X.  The bug causes
        -:  983:// GetTypeId< ::testing::Test>() to return different values depending
        -:  984:// on whether the call is from the Google Test framework itself or
        -:  985:// from user test code.  GetTestTypeId() is guaranteed to always
        -:  986:// return the same value, as it always calls GetTypeId<>() from the
        -:  987:// gtest.cc, which is within the Google Test framework.
function _ZN7testing8internal13GetTestTypeIdEv called 4 returned 100% blocks executed 100%
        4:  988:TypeId GetTestTypeId() { return GetTypeId<Test>(); }
        -:  989:
        -:  990:// The value of GetTestTypeId() as seen from within the Google Test
        -:  991:// library.  This is solely for testing GetTestTypeId().
        -:  992:extern const TypeId kTestTypeIdInGoogleTest = GetTestTypeId();
        -:  993:
        -:  994:// This predicate-formatter checks that 'results' contains a test part
        -:  995:// failure of the given type and that the failure message contains the
        -:  996:// given substring.
function _ZN7testing8internalL13HasOneFailureEPKcS2_S2_RKNS_19TestPartResultArrayENS_14TestPartResult4TypeERKNSt7__cxx1112basic_stringIcSt11char_traitsIcESaIcEEE called 0 returned 0% blocks executed 0%
    #####:  997:static AssertionResult HasOneFailure(const char* /* results_expr */,
        -:  998:                                     const char* /* type_expr */,
        -:  999:                                     const char* /* substr_expr */,
        -: 1000:                                     const TestPartResultArray& results,
        -: 1001:                                     TestPartResult::Type type,
        -: 1002:                                     const std::string& substr) {
        -: 1003:  const std::string expected(type == TestPartResult::kFatalFailure
        -: 1004:                                 ? "1 fatal failure"
    #####: 1005:                                 : "1 non-fatal failure");
    %%%%%: 1005-block  0
branch  0 never executed (fallthrough)
branch  1 never executed
    %%%%%: 1005-block  1
call    2 never executed
    #####: 1006:  Message msg;
call    0 never executed
branch  1 never executed (fallthrough)
branch  2 never executed (throw)
    #####: 1007:  if (results.size() != 1) {
    %%%%%: 1007-block  0
branch  0 never executed (fallthrough)
branch  1 never executed
        -: 1008:    msg << "Expected: " << expected << "\n"
        -: 1009:        << "  Actual: " << results.size() << " failures";
    #####: 1010:    for (int i = 0; i < results.size(); i++) {
    %%%%%: 1010-block  0
    %%%%%: 1010-block  1
branch  0 never executed
branch  1 never executed (fallthrough)
    #####: 1011:      msg << "\n" << results.GetTestPartResult(i);
    %%%%%: 1011-block  0
call    0 never executed
branch  1 never executed (fallthrough)
branch  2 never executed (throw)
        -: 1012:    }
    #####: 1013:    return AssertionFailure() << msg;
    %%%%%: 1013-block  0
call    0 never executed
branch  1 never executed (fallthrough)
branch  2 never executed (throw)
    %%%%%: 1013-block  1
call    3 never executed
branch  4 never executed (fallthrough)
branch  5 never executed (throw)
        -: 1014:  }
        -: 1015:
    #####: 1016:  const TestPartResult& r = results.GetTestPartResult(0);
    %%%%%: 1016-block  0
[...]
    %%%%%: 6752-block  0
branch  0 never executed (fallthrough)
branch  1 never executed
    %%%%%: 6752-block  1
branch  2 never executed (fallthrough)
branch  3 never executed
        -: 6753:      // Both help flag and unrecognized Google Test flags (excluding
        -: 6754:      // internal ones) trigger help display.
    #####: 6755:      g_help_flag = true;
    %%%%%: 6755-block  0
        -: 6756:    }
        -: 6757:
        -: 6758:    if (remove_flag) {
        -: 6759:      // Shift the remainder of the argv list left by one.
    #####: 6760:      for (int j = i + 1; j < *argc; ++j) {
    %%%%%: 6760-block  0
    %%%%%: 6760-block  1
branch  0 never executed
branch  1 never executed (fallthrough)
    #####: 6761:        argv[j - 1] = argv[j];
    %%%%%: 6761-block  0
        -: 6762:      }
        -: 6763:
        -: 6764:      // Decrements the argument count.
    #####: 6765:      (*argc)--;
        -: 6766:
        -: 6767:      // Terminate the array with nullptr.
    #####: 6768:      argv[*argc] = nullptr;
        -: 6769:
        -: 6770:      // We also need to decrement the iterator as we just removed
        -: 6771:      // an element.
    #####: 6772:      i--;
    %%%%%: 6772-block  0
        -: 6773:    }
        -: 6774:  }
        -: 6775:
        1: 6776:  if (g_help_flag) {
        1: 6776-block  0
branch  0 taken 0 (fallthrough)
branch  1 taken 1
        -: 6777:    // We print the help here instead of in RUN_ALL_TESTS(), as the
        -: 6778:    // latter may not be called at all if the user is using Google
        -: 6779:    // Test with another testing framework.
    #####: 6780:    PrintColorEncoded(kColorEncodedHelpMessage);
    %%%%%: 6780-block  0
call    0 never executed
branch  1 never executed (fallthrough)
branch  2 never executed (throw)
        -: 6781:  }
        1: 6782:}
------------------
        -: 6783:
        -: 6784:// Parses the command line for Google Test flags, without initializing
        -: 6785:// other parts of Google Test. This function updates argc and argv by removing
        -: 6786:// flags that are known to GoogleTest (including other user flags defined using
        -: 6787:// ABSL_FLAG if GoogleTest is built with GTEST_USE_ABSL). Other arguments
        -: 6788:// remain in place. Unrecognized flags are not reported and do not cause the
        -: 6789:// program to exit.
function _ZN7testing8internal24ParseGoogleTestFlagsOnlyEPiPPc called 0 returned 0% blocks executed 0%
    #####: 6790:void ParseGoogleTestFlagsOnly(int* argc, char** argv) {
        -: 6791:#ifdef GTEST_HAS_ABSL_FLAGS
        -: 6792:  if (*argc <= 0) return;
        -: 6793:
        -: 6794:  std::vector<char*> positional_args;
        -: 6795:  std::vector<absl::UnrecognizedFlag> unrecognized_flags;
        -: 6796:  absl::ParseAbseilFlagsOnly(*argc, argv, positional_args, unrecognized_flags);
        -: 6797:  absl::flat_hash_set<absl::string_view> unrecognized;
        -: 6798:  for (const auto& flag : unrecognized_flags) {
        -: 6799:    unrecognized.insert(flag.flag_name);
        -: 6800:  }
        -: 6801:  absl::flat_hash_set<char*> positional;
        -: 6802:  for (const auto& arg : positional_args) {
        -: 6803:    positional.insert(arg);
        -: 6804:  }
        -: 6805:
        -: 6806:  int out_pos = 1;
        -: 6807:  int in_pos = 1;
        -: 6808:  for (; in_pos < *argc; ++in_pos) {
        -: 6809:    char* arg = argv[in_pos];
        -: 6810:    absl::string_view arg_str(arg);
        -: 6811:    if (absl::ConsumePrefix(&arg_str, "--")) {
        -: 6812:      // Flag-like argument. If the flag was unrecognized, keep it.
        -: 6813:      // If it was a GoogleTest flag, remove it.
        -: 6814:      if (unrecognized.contains(arg_str)) {
        -: 6815:        argv[out_pos++] = argv[in_pos];
        -: 6816:        continue;
        -: 6817:      }
        -: 6818:    }
        -: 6819:
        -: 6820:    if (arg_str.empty()) {
        -: 6821:      ++in_pos;
        -: 6822:      break;  // '--' indicates that the rest of the arguments are positional
        -: 6823:    }
        -: 6824:
        -: 6825:    // Probably a positional argument. If it is in fact positional, keep it.
        -: 6826:    // If it was a value for the flag argument, remove it.
        -: 6827:    if (positional.contains(arg)) {
        -: 6828:      argv[out_pos++] = arg;
        -: 6829:    }
        -: 6830:  }
        -: 6831:
        -: 6832:  // The rest are positional args for sure.
        -: 6833:  while (in_pos < *argc) {
        -: 6834:    argv[out_pos++] = argv[in_pos++];
        -: 6835:  }
        -: 6836:
        -: 6837:  *argc = out_pos;
        -: 6838:  argv[out_pos] = nullptr;
        -: 6839:#else
       1*: 6840:  ParseGoogleTestFlagsOnlyImpl(argc, argv);
        1: 6840-block  0
call    0 returned 1
    %%%%%: 6840-block  1
call    1 never executed
        -: 6841:#endif
        -: 6842:
        -: 6843:  // Fix the value of *_NSGetArgc() on macOS, but if and only if
        -: 6844:  // *_NSGetArgv() == argv
        -: 6845:  // Only applicable to char** version of argv
        -: 6846:#ifdef GTEST_OS_MAC
        -: 6847:#ifndef GTEST_OS_IOS
        -: 6848:  if (*_NSGetArgv() == argv) {
        -: 6849:    *_NSGetArgc() = *argc;
        -: 6850:  }
        -: 6851:#endif
        -: 6852:#endif
    #####: 6853:}
function _ZN7testing8internal24ParseGoogleTestFlagsOnlyEPiPPw called 0 returned 0% blocks executed 0%
    #####: 6854:void ParseGoogleTestFlagsOnly(int* argc, wchar_t** argv) {
    #####: 6855:  ParseGoogleTestFlagsOnlyImpl(argc, argv);
    %%%%%: 6855-block  0
call    0 never executed
    %%%%%: 6855-block  1
call    1 never executed
    #####: 6856:}
        -: 6857:
        -: 6858:// The internal implementation of InitGoogleTest().
        -: 6859://
        -: 6860:// The type parameter CharType can be instantiated to either char or
        -: 6861:// wchar_t.
        -: 6862:template <typename CharType>
       1*: 6863:void InitGoogleTestImpl(int* argc, CharType** argv) {
        -: 6864:  // We don't want to run the initialization code twice.
       1*: 6865:  if (GTestIsInitialized()) return;
        -: 6866:
       1*: 6867:  if (*argc <= 0) return;
        -: 6868:
        -: 6869:  g_argvs.clear();
       2*: 6870:  for (int i = 0; i != *argc; i++) {
       2*: 6871:    g_argvs.push_back(StreamableToString(argv[i]));
        -: 6872:  }
        -: 6873:
        -: 6874:#ifdef GTEST_HAS_ABSL
        -: 6875:  absl::InitializeSymbolizer(g_argvs[0].c_str());
        -: 6876:
        -: 6877:#ifdef GTEST_HAS_ABSL_FLAGS
        -: 6878:  // When using the Abseil Flags library, set the program usage message to the
        -: 6879:  // help message, but remove the color-encoding from the message first.
        -: 6880:  absl::SetProgramUsageMessage(absl::StrReplaceAll(
        -: 6881:      kColorEncodedHelpMessage,
        -: 6882:      {{"@D", ""}, {"@R", ""}, {"@G", ""}, {"@Y", ""}, {"@@", "@"}}));
        -: 6883:#endif  // GTEST_HAS_ABSL_FLAGS
        -: 6884:#endif  // GTEST_HAS_ABSL
        -: 6885:
        -: 6886:  ParseGoogleTestFlagsOnly(argc, argv);
       1*: 6887:  GetUnitTestImpl()->PostFlagParsingInit();
        -: 6888:}
------------------
_ZN7testing8internal18InitGoogleTestImplIwEEvPiPPT_:
function _ZN7testing8internal18InitGoogleTestImplIwEEvPiPPT_ called 0 returned 0% blocks executed 0%
    #####: 6863:void InitGoogleTestImpl(int* argc, CharType** argv) {
        -: 6864:  // We don't want to run the initialization code twice.
    #####: 6865:  if (GTestIsInitialized()) return;
    %%%%%: 6865-block  0
call    0 never executed
branch  1 never executed (fallthrough)
branch  2 never executed
        -: 6866:
    #####: 6867:  if (*argc <= 0) return;
    %%%%%: 6867-block  0
branch  0 never executed (fallthrough)
branch  1 never executed
        -: 6868:
        -: 6869:  g_argvs.clear();
    #####: 6870:  for (int i = 0; i != *argc; i++) {
    %%%%%: 6870-block  0
branch  0 never executed
branch  1 never executed (fallthrough)
    #####: 6871:    g_argvs.push_back(StreamableToString(argv[i]));
    %%%%%: 6871-block  0
call    0 never executed
        -: 6872:  }
        -: 6873:
        -: 6874:#ifdef GTEST_HAS_ABSL
        -: 6875:  absl::InitializeSymbolizer(g_argvs[0].c_str());
        -: 6876:
        -: 6877:#ifdef GTEST_HAS_ABSL_FLAGS
        -: 6878:  // When using the Abseil Flags library, set the program usage message to the
        -: 6879:  // help message, but remove the color-encoding from the message first.
        -: 6880:  absl::SetProgramUsageMessage(absl::StrReplaceAll(
        -: 6881:      kColorEncodedHelpMessage,
        -: 6882:      {{"@D", ""}, {"@R", ""}, {"@G", ""}, {"@Y", ""}, {"@@", "@"}}));
        -: 6883:#endif  // GTEST_HAS_ABSL_FLAGS
        -: 6884:#endif  // GTEST_HAS_ABSL
        -: 6885:
        -: 6886:  ParseGoogleTestFlagsOnly(argc, argv);
    #####: 6887:  GetUnitTestImpl()->PostFlagParsingInit();
call    0 never executed
        -: 6888:}
------------------
_ZN7testing8internal18InitGoogleTestImplIcEEvPiPPT_:
function _ZN7testing8internal18InitGoogleTestImplIcEEvPiPPT_ called 1 returned 100% blocks executed 83%
        1: 6863:void InitGoogleTestImpl(int* argc, CharType** argv) {
        -: 6864:  // We don't want to run the initialization code twice.
        1: 6865:  if (GTestIsInitialized()) return;
        1: 6865-block  0
call    0 returned 1
branch  1 taken 1 (fallthrough)
branch  2 taken 0
        -: 6866:
        1: 6867:  if (*argc <= 0) return;
        1: 6867-block  0
branch  0 taken 1 (fallthrough)
branch  1 taken 0
        -: 6868:
        -: 6869:  g_argvs.clear();
        2: 6870:  for (int i = 0; i != *argc; i++) {
        2: 6870-block  0
branch  0 taken 1
branch  1 taken 1 (fallthrough)
        2: 6871:    g_argvs.push_back(StreamableToString(argv[i]));
        1: 6871-block  0
call    0 returned 1
        -: 6872:  }
        -: 6873:
        -: 6874:#ifdef GTEST_HAS_ABSL
        -: 6875:  absl::InitializeSymbolizer(g_argvs[0].c_str());
        -: 6876:
        -: 6877:#ifdef GTEST_HAS_ABSL_FLAGS
        -: 6878:  // When using the Abseil Flags library, set the program usage message to the
        -: 6879:  // help message, but remove the color-encoding from the message first.
        -: 6880:  absl::SetProgramUsageMessage(absl::StrReplaceAll(
        -: 6881:      kColorEncodedHelpMessage,
        -: 6882:      {{"@D", ""}, {"@R", ""}, {"@G", ""}, {"@Y", ""}, {"@@", "@"}}));
        -: 6883:#endif  // GTEST_HAS_ABSL_FLAGS
        -: 6884:#endif  // GTEST_HAS_ABSL
        -: 6885:
        -: 6886:  ParseGoogleTestFlagsOnly(argc, argv);
        1: 6887:  GetUnitTestImpl()->PostFlagParsingInit();
call    0 returned 1
        -: 6888:}
------------------
        -: 6889:
        -: 6890:}  // namespace internal
        -: 6891:
        -: 6892:// Initializes Google Test.  This must be called before calling
        -: 6893:// RUN_ALL_TESTS().  In particular, it parses a command line for the
        -: 6894:// flags that Google Test recognizes.  Whenever a Google Test flag is
        -: 6895:// seen, it is removed from argv, and *argc is decremented.
        -: 6896://
        -: 6897:// No value is returned.  Instead, the Google Test flag variables are
        -: 6898:// updated.
        -: 6899://
        -: 6900:// Calling the function for the second time has no user-visible effect.
function _ZN7testing14InitGoogleTestEPiPPc called 1 returned 100% blocks executed 100%
        1: 6901:void InitGoogleTest(int* argc, char** argv) {
        -: 6902:#if defined(GTEST_CUSTOM_INIT_GOOGLE_TEST_FUNCTION_)
        -: 6903:  GTEST_CUSTOM_INIT_GOOGLE_TEST_FUNCTION_(argc, argv);
        -: 6904:#else   // defined(GTEST_CUSTOM_INIT_GOOGLE_TEST_FUNCTION_)
        1: 6905:  internal::InitGoogleTestImpl(argc, argv);
        1: 6905-block  0
call    0 returned 1
        -: 6906:#endif  // defined(GTEST_CUSTOM_INIT_GOOGLE_TEST_FUNCTION_)
        1: 6907:}
        -: 6908:
        -: 6909:// This overloaded version can be used in Windows programs compiled in
        -: 6910:// UNICODE mode.
function _ZN7testing14InitGoogleTestEPiPPw called 0 returned 0% blocks executed 0%
    #####: 6911:void InitGoogleTest(int* argc, wchar_t** argv) {
        -: 6912:#if defined(GTEST_CUSTOM_INIT_GOOGLE_TEST_FUNCTION_)
        -: 6913:  GTEST_CUSTOM_INIT_GOOGLE_TEST_FUNCTION_(argc, argv);
        -: 6914:#else   // defined(GTEST_CUSTOM_INIT_GOOGLE_TEST_FUNCTION_)
    #####: 6915:  internal::InitGoogleTestImpl(argc, argv);
    %%%%%: 6915-block  0
call    0 never executed
        -: 6916:#endif  // defined(GTEST_CUSTOM_INIT_GOOGLE_TEST_FUNCTION_)
    #####: 6917:}
        -: 6918:
        -: 6919:// This overloaded version can be used on Arduino/embedded platforms where
        -: 6920:// there is no argc/argv.
function _ZN7testing14InitGoogleTestEv called 0 returned 0% blocks executed 0%
    #####: 6921:void InitGoogleTest() {
        -: 6922:  // Since Arduino doesn't have a command line, fake out the argc/argv arguments
    #####: 6923:  int argc = 1;
        -: 6924:  const auto arg0 = "dummy";
    #####: 6925:  char* argv0 = const_cast<char*>(arg0);
        -: 6926:  char** argv = &argv0;
        -: 6927:
        -: 6928:#if defined(GTEST_CUSTOM_INIT_GOOGLE_TEST_FUNCTION_)
        -: 6929:  GTEST_CUSTOM_INIT_GOOGLE_TEST_FUNCTION_(&argc, argv);
        -: 6930:#else   // defined(GTEST_CUSTOM_INIT_GOOGLE_TEST_FUNCTION_)
    #####: 6931:  internal::InitGoogleTestImpl(&argc, argv);
    %%%%%: 6931-block  0
call    0 never executed
        -: 6932:#endif  // defined(GTEST_CUSTOM_INIT_GOOGLE_TEST_FUNCTION_)
    #####: 6933:}
        -: 6934:
        -: 6935:#if !defined(GTEST_CUSTOM_TEMPDIR_FUNCTION_) || \
        -: 6936:    !defined(GTEST_CUSTOM_SRCDIR_FUNCTION_)
        -: 6937:// Returns the value of the first environment variable that is set and contains
        -: 6938:// a non-empty string. If there are none, returns the "fallback" string. Adds
        -: 6939:// the director-separator character as a suffix if not provided in the
        -: 6940:// environment variable value.
function _ZN7testingL13GetDirFromEnvESt16initializer_listIPKcES2_c called 0 returned 0% blocks executed 0%
    #####: 6941:static std::string GetDirFromEnv(
    %%%%%: 6941-block  0
        -: 6942:    std::initializer_list<const char*> environment_variables,
        -: 6943:    const char* fallback, char separator) {
    #####: 6944:  for (const char* variable_name : environment_variables) {
    %%%%%: 6944-block  0
    %%%%%: 6944-block  1
call    0 never executed
    %%%%%: 6944-block  2
    %%%%%: 6944-block  3
branch  1 never executed
branch  2 never executed (fallthrough)
        -: 6945:    const char* value = internal::posix::GetEnv(variable_name);
    #####: 6946:    if (value != nullptr && value[0] != '\0') {
branch  0 never executed (fallthrough)
branch  1 never executed
    %%%%%: 6946-block  0
branch  2 never executed (fallthrough)
branch  3 never executed
    #####: 6947:      if (value[strlen(value) - 1] != separator) {
    %%%%%: 6947-block  0
branch  0 never executed (fallthrough)
branch  1 never executed
    #####: 6948:        return std::string(value).append(1, separator);
    %%%%%: 6948-block  0
call    0 never executed
        -: 6949:      }
    #####: 6950:      return value;
    %%%%%: 6950-block  0
call    0 never executed
        -: 6951:    }
        -: 6952:  }
    #####: 6953:  return fallback;
    %%%%%: 6953-block  0
call    0 never executed
        -: 6954:}
        -: 6955:#endif
        -: 6956:
function _ZN7testing7TempDirB5cxx11Ev called 0 returned 0% blocks executed 0%
    #####: 6957:std::string TempDir() {
        -: 6958:#if defined(GTEST_CUSTOM_TEMPDIR_FUNCTION_)
        -: 6959:  return GTEST_CUSTOM_TEMPDIR_FUNCTION_();
        -: 6960:#elif defined(GTEST_OS_WINDOWS) || defined(GTEST_OS_WINDOWS_MOBILE)
    #####: 6961:  return GetDirFromEnv({"TEST_TMPDIR", "TEMP"}, "\\temp\\", '\\');
    %%%%%: 6961-block  0
call    0 never executed
        -: 6962:#elif defined(GTEST_OS_LINUX_ANDROID)
        -: 6963:  return GetDirFromEnv({"TEST_TMPDIR", "TMPDIR"}, "/data/local/tmp/", '/');
        -: 6964:#else
        -: 6965:  return GetDirFromEnv({"TEST_TMPDIR", "TMPDIR"}, "/tmp/", '/');
        -: 6966:#endif
        -: 6967:}
        -: 6968:
        -: 6969:#if GTEST_HAS_FILE_SYSTEM && !defined(GTEST_CUSTOM_SRCDIR_FUNCTION_)
        -: 6970:// Returns the directory path (including terminating separator) of the current
        -: 6971:// executable as derived from argv[0].
function _ZN7testingL29GetCurrentExecutableDirectoryEv called 0 returned 0% blocks executed 0%
    #####: 6972:static std::string GetCurrentExecutableDirectory() {
    %%%%%: 6972-block  0
call    0 never executed
    #####: 6973:  internal::FilePath argv_0(internal::GetArgvs()[0]);
call    0 never executed
    $$$$$: 6973-block  0
call    1 never executed
    #####: 6974:  return argv_0.RemoveFileName().string();
call    0 never executed
branch  1 never executed (fallthrough)
branch  2 never executed (throw)
call    3 never executed
    $$$$$: 6974-block  0
call    4 never executed
        -: 6975:}
        -: 6976:#endif
        -: 6977:
        -: 6978:#if GTEST_HAS_FILE_SYSTEM
function _ZN7testing6SrcDirB5cxx11Ev called 0 returned 0% blocks executed 0%
    #####: 6979:std::string SrcDir() {
        -: 6980:#if defined(GTEST_CUSTOM_SRCDIR_FUNCTION_)
        -: 6981:  return GTEST_CUSTOM_SRCDIR_FUNCTION_();
        -: 6982:#elif defined(GTEST_OS_WINDOWS) || defined(GTEST_OS_WINDOWS_MOBILE)
    #####: 6983:  return GetDirFromEnv({"TEST_SRCDIR"}, GetCurrentExecutableDirectory().c_str(),
    %%%%%: 6983-block  0
call    0 never executed
    #####: 6984:                       '\\');
call    0 never executed
branch  1 never executed (fallthrough)
branch  2 never executed (throw)
    %%%%%: 6984-block  0
call    3 never executed
    $$$$$: 6984-block  1
call    4 never executed
        -: 6985:#elif defined(GTEST_OS_LINUX_ANDROID)
        -: 6986:  return GetDirFromEnv({"TEST_SRCDIR"}, GetCurrentExecutableDirectory().c_str(),
        -: 6987:                       '/');
        -: 6988:#else
        -: 6989:  return GetDirFromEnv({"TEST_SRCDIR"}, GetCurrentExecutableDirectory().c_str(),
        -: 6990:                       '/');
        -: 6991:#endif
        -: 6992:}
        -: 6993:#endif
        -: 6994:
        -: 6995:// Class ScopedTrace
        -: 6996:
        -: 6997:// Pushes the given source file location and message onto a per-thread
        -: 6998:// trace stack maintained by Google Test.
function _ZN7testing11ScopedTrace9PushTraceEPKciNSt7__cxx1112basic_stringIcSt11char_traitsIcESaIcEEE called 0 returned 0% blocks executed 0%
    #####: 6999:void ScopedTrace::PushTrace(const char* file, int line, std::string message) {
    %%%%%: 6999-block  0
call    0 never executed
        -: 7000:  internal::TraceInfo trace;
    #####: 7001:  trace.file = file;
    #####: 7002:  trace.line = line;
    #####: 7003:  trace.message.swap(message);
    %%%%%: 7003-block  0
call    0 never executed
        -: 7004:
    #####: 7005:  UnitTest::GetInstance()->PushGTestTrace(trace);
call    0 never executed
branch  1 never executed (fallthrough)
branch  2 never executed (throw)
    %%%%%: 7005-block  0
call    3 never executed
branch  4 never executed (fallthrough)
branch  5 never executed (throw)
    #####: 7006:}
        -: 7007:
        -: 7008:// Pops the info pushed by the c'tor.
function _ZN7testing11ScopedTraceD2Ev called 0 returned 0% blocks executed 0%
    #####: 7009:ScopedTrace::~ScopedTrace() GTEST_LOCK_EXCLUDED_(&UnitTest::mutex_) {
    #####: 7010:  UnitTest::GetInstance()->PopGTestTrace();
    %%%%%: 7010-block  0
call    0 never executed
call    1 never executed
    #####: 7011:}
        -: 7012:
        -: 7013:}  // namespace testing
